{"/home/kris/Sites/contracts/pure-escapes/pure-escapes-fe/src/registerServiceWorker.js": {"path":"/home/kris/Sites/contracts/pure-escapes/pure-escapes-fe/src/registerServiceWorker.js","statementMap":{"0":{"start":{"line":27,"column":20},"end":{"line":31,"column":93}},"1":{"start":{"line":34,"column":2},"end":{"line":63,"column":3}},"2":{"start":{"line":36,"column":22},"end":{"line":36,"column":70}},"3":{"start":{"line":37,"column":4},"end":{"line":42,"column":5}},"4":{"start":{"line":41,"column":6},"end":{"line":41,"column":13}},"5":{"start":{"line":44,"column":4},"end":{"line":62,"column":7}},"6":{"start":{"line":45,"column":20},"end":{"line":45,"column":65}},"7":{"start":{"line":47,"column":6},"end":{"line":61,"column":7}},"8":{"start":{"line":49,"column":8},"end":{"line":49,"column":39}},"9":{"start":{"line":53,"column":8},"end":{"line":57,"column":11}},"10":{"start":{"line":55,"column":10},"end":{"line":56,"column":68}},"11":{"start":{"line":60,"column":8},"end":{"line":60,"column":31}},"12":{"start":{"line":67,"column":2},"end":{"line":97,"column":7}},"13":{"start":{"line":70,"column":6},"end":{"line":92,"column":8}},"14":{"start":{"line":71,"column":33},"end":{"line":71,"column":56}},"15":{"start":{"line":72,"column":8},"end":{"line":91,"column":10}},"16":{"start":{"line":73,"column":10},"end":{"line":90,"column":11}},"17":{"start":{"line":74,"column":12},"end":{"line":89,"column":13}},"18":{"start":{"line":81,"column":14},"end":{"line":81,"column":71}},"19":{"start":{"line":88,"column":14},"end":{"line":88,"column":64}},"20":{"start":{"line":96,"column":6},"end":{"line":96,"column":72}},"21":{"start":{"line":102,"column":2},"end":{"line":123,"column":7}},"22":{"start":{"line":105,"column":6},"end":{"line":118,"column":7}},"23":{"start":{"line":110,"column":8},"end":{"line":114,"column":11}},"24":{"start":{"line":111,"column":10},"end":{"line":113,"column":13}},"25":{"start":{"line":112,"column":12},"end":{"line":112,"column":37}},"26":{"start":{"line":117,"column":8},"end":{"line":117,"column":31}},"27":{"start":{"line":122,"column":6},"end":{"line":122,"column":83}},"28":{"start":{"line":127,"column":2},"end":{"line":131,"column":3}},"29":{"start":{"line":128,"column":4},"end":{"line":130,"column":7}},"30":{"start":{"line":129,"column":6},"end":{"line":129,"column":32}}},"fnMap":{"0":{"name":"register","decl":{"start":{"line":33,"column":24},"end":{"line":33,"column":32}},"loc":{"start":{"line":33,"column":35},"end":{"line":64,"column":1}},"line":33},"1":{"name":"(anonymous_1)","decl":{"start":{"line":44,"column":36},"end":{"line":44,"column":37}},"loc":{"start":{"line":44,"column":42},"end":{"line":62,"column":5}},"line":44},"2":{"name":"(anonymous_2)","decl":{"start":{"line":53,"column":43},"end":{"line":53,"column":44}},"loc":{"start":{"line":53,"column":49},"end":{"line":57,"column":9}},"line":53},"3":{"name":"registerValidSW","decl":{"start":{"line":66,"column":9},"end":{"line":66,"column":24}},"loc":{"start":{"line":66,"column":32},"end":{"line":98,"column":1}},"line":66},"4":{"name":"(anonymous_4)","decl":{"start":{"line":69,"column":10},"end":{"line":69,"column":11}},"loc":{"start":{"line":69,"column":26},"end":{"line":93,"column":5}},"line":69},"5":{"name":"(anonymous_5)","decl":{"start":{"line":70,"column":35},"end":{"line":70,"column":36}},"loc":{"start":{"line":70,"column":41},"end":{"line":92,"column":7}},"line":70},"6":{"name":"(anonymous_6)","decl":{"start":{"line":72,"column":41},"end":{"line":72,"column":42}},"loc":{"start":{"line":72,"column":47},"end":{"line":91,"column":9}},"line":72},"7":{"name":"(anonymous_7)","decl":{"start":{"line":94,"column":11},"end":{"line":94,"column":12}},"loc":{"start":{"line":94,"column":20},"end":{"line":97,"column":5}},"line":94},"8":{"name":"checkValidServiceWorker","decl":{"start":{"line":100,"column":9},"end":{"line":100,"column":32}},"loc":{"start":{"line":100,"column":40},"end":{"line":124,"column":1}},"line":100},"9":{"name":"(anonymous_9)","decl":{"start":{"line":103,"column":10},"end":{"line":103,"column":11}},"loc":{"start":{"line":103,"column":22},"end":{"line":119,"column":5}},"line":103},"10":{"name":"(anonymous_10)","decl":{"start":{"line":110,"column":43},"end":{"line":110,"column":44}},"loc":{"start":{"line":110,"column":59},"end":{"line":114,"column":9}},"line":110},"11":{"name":"(anonymous_11)","decl":{"start":{"line":111,"column":41},"end":{"line":111,"column":42}},"loc":{"start":{"line":111,"column":47},"end":{"line":113,"column":11}},"line":111},"12":{"name":"(anonymous_12)","decl":{"start":{"line":120,"column":11},"end":{"line":120,"column":12}},"loc":{"start":{"line":120,"column":17},"end":{"line":123,"column":5}},"line":120},"13":{"name":"unregister","decl":{"start":{"line":126,"column":16},"end":{"line":126,"column":26}},"loc":{"start":{"line":126,"column":29},"end":{"line":132,"column":1}},"line":126},"14":{"name":"(anonymous_14)","decl":{"start":{"line":128,"column":39},"end":{"line":128,"column":40}},"loc":{"start":{"line":128,"column":55},"end":{"line":130,"column":5}},"line":128}},"branchMap":{"0":{"loc":{"start":{"line":27,"column":28},"end":{"line":31,"column":92}},"type":"binary-expr","locations":[{"start":{"line":27,"column":28},"end":{"line":27,"column":68}},{"start":{"line":29,"column":4},"end":{"line":29,"column":40}},{"start":{"line":31,"column":4},"end":{"line":31,"column":92}}],"line":27},"1":{"loc":{"start":{"line":34,"column":2},"end":{"line":63,"column":3}},"type":"if","locations":[{"start":{"line":34,"column":2},"end":{"line":63,"column":3}},{"start":{"line":34,"column":2},"end":{"line":63,"column":3}}],"line":34},"2":{"loc":{"start":{"line":34,"column":6},"end":{"line":34,"column":75}},"type":"binary-expr","locations":[{"start":{"line":34,"column":6},"end":{"line":34,"column":43}},{"start":{"line":34,"column":47},"end":{"line":34,"column":75}}],"line":34},"3":{"loc":{"start":{"line":37,"column":4},"end":{"line":42,"column":5}},"type":"if","locations":[{"start":{"line":37,"column":4},"end":{"line":42,"column":5}},{"start":{"line":37,"column":4},"end":{"line":42,"column":5}}],"line":37},"4":{"loc":{"start":{"line":47,"column":6},"end":{"line":61,"column":7}},"type":"if","locations":[{"start":{"line":47,"column":6},"end":{"line":61,"column":7}},{"start":{"line":47,"column":6},"end":{"line":61,"column":7}}],"line":47},"5":{"loc":{"start":{"line":73,"column":10},"end":{"line":90,"column":11}},"type":"if","locations":[{"start":{"line":73,"column":10},"end":{"line":90,"column":11}},{"start":{"line":73,"column":10},"end":{"line":90,"column":11}}],"line":73},"6":{"loc":{"start":{"line":74,"column":12},"end":{"line":89,"column":13}},"type":"if","locations":[{"start":{"line":74,"column":12},"end":{"line":89,"column":13}},{"start":{"line":74,"column":12},"end":{"line":89,"column":13}}],"line":74},"7":{"loc":{"start":{"line":105,"column":6},"end":{"line":118,"column":7}},"type":"if","locations":[{"start":{"line":105,"column":6},"end":{"line":118,"column":7}},{"start":{"line":105,"column":6},"end":{"line":118,"column":7}}],"line":105},"8":{"loc":{"start":{"line":106,"column":8},"end":{"line":107,"column":73}},"type":"binary-expr","locations":[{"start":{"line":106,"column":8},"end":{"line":106,"column":31}},{"start":{"line":107,"column":8},"end":{"line":107,"column":73}}],"line":106},"9":{"loc":{"start":{"line":127,"column":2},"end":{"line":131,"column":3}},"type":"if","locations":[{"start":{"line":127,"column":2},"end":{"line":131,"column":3}},{"start":{"line":127,"column":2},"end":{"line":131,"column":3}}],"line":127}},"s":{"0":0,"1":0,"2":0,"3":0,"4":0,"5":0,"6":0,"7":0,"8":0,"9":0,"10":0,"11":0,"12":0,"13":0,"14":0,"15":0,"16":0,"17":0,"18":0,"19":0,"20":0,"21":0,"22":0,"23":0,"24":0,"25":0,"26":0,"27":0,"28":0,"29":0,"30":0},"f":{"0":0,"1":0,"2":0,"3":0,"4":0,"5":0,"6":0,"7":0,"8":0,"9":0,"10":0,"11":0,"12":0,"13":0,"14":0},"b":{"0":[0,0,0],"1":[0,0],"2":[0,0],"3":[0,0],"4":[0,0],"5":[0,0],"6":[0,0],"7":[0,0],"8":[0,0],"9":[0,0]}}
,"/home/kris/Sites/contracts/pure-escapes/pure-escapes-fe/src/utils.js": {"path":"/home/kris/Sites/contracts/pure-escapes/pure-escapes-fe/src/utils.js","statementMap":{"0":{"start":{"line":5,"column":25},"end":{"line":31,"column":1}},"1":{"start":{"line":10,"column":22},"end":{"line":10,"column":24}},"2":{"start":{"line":11,"column":24},"end":{"line":11,"column":56}},"3":{"start":{"line":12,"column":25},"end":{"line":12,"column":55}},"4":{"start":{"line":13,"column":25},"end":{"line":13,"column":56}},"5":{"start":{"line":14,"column":26},"end":{"line":14,"column":55}},"6":{"start":{"line":15,"column":25},"end":{"line":16,"column":59}},"7":{"start":{"line":17,"column":20},"end":{"line":18,"column":55}},"8":{"start":{"line":19,"column":24},"end":{"line":20,"column":59}},"9":{"start":{"line":22,"column":2},"end":{"line":28,"column":3}},"10":{"start":{"line":23,"column":4},"end":{"line":23,"column":35}},"11":{"start":{"line":24,"column":9},"end":{"line":28,"column":3}},"12":{"start":{"line":25,"column":4},"end":{"line":25,"column":34}},"13":{"start":{"line":27,"column":4},"end":{"line":27,"column":30}},"14":{"start":{"line":30,"column":2},"end":{"line":30,"column":23}},"15":{"start":{"line":33,"column":20},"end":{"line":51,"column":1}},"16":{"start":{"line":34,"column":2},"end":{"line":50,"column":3}},"17":{"start":{"line":36,"column":17},"end":{"line":36,"column":44}},"18":{"start":{"line":37,"column":17},"end":{"line":37,"column":82}},"19":{"start":{"line":38,"column":4},"end":{"line":38,"column":49}},"20":{"start":{"line":39,"column":4},"end":{"line":39,"column":35}},"21":{"start":{"line":40,"column":4},"end":{"line":40,"column":36}},"22":{"start":{"line":41,"column":4},"end":{"line":41,"column":17}},"23":{"start":{"line":42,"column":9},"end":{"line":50,"column":3}},"24":{"start":{"line":44,"column":19},"end":{"line":44,"column":63}},"25":{"start":{"line":45,"column":6},"end":{"line":45,"column":56}},"26":{"start":{"line":48,"column":19},"end":{"line":48,"column":90}},"27":{"start":{"line":49,"column":6},"end":{"line":49,"column":45}},"28":{"start":{"line":53,"column":28},"end":{"line":61,"column":1}},"29":{"start":{"line":54,"column":18},"end":{"line":54,"column":37}},"30":{"start":{"line":55,"column":14},"end":{"line":55,"column":28}},"31":{"start":{"line":56,"column":16},"end":{"line":56,"column":35}},"32":{"start":{"line":57,"column":2},"end":{"line":59,"column":3}},"33":{"start":{"line":57,"column":15},"end":{"line":57,"column":16}},"34":{"start":{"line":58,"column":4},"end":{"line":58,"column":37}},"35":{"start":{"line":60,"column":2},"end":{"line":60,"column":22}}},"fnMap":{"0":{"name":"(anonymous_0)","decl":{"start":{"line":5,"column":25},"end":{"line":5,"column":26}},"loc":{"start":{"line":5,"column":49},"end":{"line":31,"column":1}},"line":5},"1":{"name":"(anonymous_1)","decl":{"start":{"line":33,"column":20},"end":{"line":33,"column":21}},"loc":{"start":{"line":33,"column":29},"end":{"line":51,"column":1}},"line":33},"2":{"name":"(anonymous_2)","decl":{"start":{"line":53,"column":28},"end":{"line":53,"column":29}},"loc":{"start":{"line":53,"column":40},"end":{"line":61,"column":1}},"line":53}},"branchMap":{"0":{"loc":{"start":{"line":22,"column":2},"end":{"line":28,"column":3}},"type":"if","locations":[{"start":{"line":22,"column":2},"end":{"line":28,"column":3}},{"start":{"line":22,"column":2},"end":{"line":28,"column":3}}],"line":22},"1":{"loc":{"start":{"line":24,"column":9},"end":{"line":28,"column":3}},"type":"if","locations":[{"start":{"line":24,"column":9},"end":{"line":28,"column":3}},{"start":{"line":24,"column":9},"end":{"line":28,"column":3}}],"line":24},"2":{"loc":{"start":{"line":34,"column":2},"end":{"line":50,"column":3}},"type":"if","locations":[{"start":{"line":34,"column":2},"end":{"line":50,"column":3}},{"start":{"line":34,"column":2},"end":{"line":50,"column":3}}],"line":34},"3":{"loc":{"start":{"line":42,"column":9},"end":{"line":50,"column":3}},"type":"if","locations":[{"start":{"line":42,"column":9},"end":{"line":50,"column":3}},{"start":{"line":42,"column":9},"end":{"line":50,"column":3}}],"line":42}},"s":{"0":0,"1":0,"2":0,"3":0,"4":0,"5":0,"6":0,"7":0,"8":0,"9":0,"10":0,"11":0,"12":0,"13":0,"14":0,"15":0,"16":0,"17":0,"18":0,"19":0,"20":0,"21":0,"22":0,"23":0,"24":0,"25":0,"26":0,"27":0,"28":0,"29":0,"30":0,"31":0,"32":0,"33":0,"34":0,"35":0},"f":{"0":0,"1":0,"2":0},"b":{"0":[0,0],"1":[0,0],"2":[0,0],"3":[0,0]}}
,"/home/kris/Sites/contracts/pure-escapes/pure-escapes-fe/src/actions/auth.js": {"path":"/home/kris/Sites/contracts/pure-escapes/pure-escapes-fe/src/actions/auth.js","statementMap":{"0":{"start":{"line":3,"column":28},"end":{"line":3,"column":42}},"1":{"start":{"line":4,"column":23},"end":{"line":4,"column":32}},"2":{"start":{"line":5,"column":26},"end":{"line":5,"column":38}},"3":{"start":{"line":6,"column":26},"end":{"line":6,"column":38}},"4":{"start":{"line":9,"column":19},"end":{"line":9,"column":30}},"5":{"start":{"line":11,"column":20},"end":{"line":14,"column":2}},"6":{"start":{"line":11,"column":30},"end":{"line":14,"column":1}},"7":{"start":{"line":16,"column":15},"end":{"line":27,"column":1}},"8":{"start":{"line":19,"column":2},"end":{"line":21,"column":3}},"9":{"start":{"line":20,"column":4},"end":{"line":20,"column":50}},"10":{"start":{"line":23,"column":2},"end":{"line":26,"column":4}},"11":{"start":{"line":29,"column":18},"end":{"line":36,"column":1}},"12":{"start":{"line":30,"column":2},"end":{"line":30,"column":38}},"13":{"start":{"line":32,"column":2},"end":{"line":35,"column":4}},"14":{"start":{"line":38,"column":18},"end":{"line":41,"column":2}},"15":{"start":{"line":38,"column":28},"end":{"line":41,"column":1}},"16":{"start":{"line":43,"column":32},"end":{"line":53,"column":1}},"17":{"start":{"line":43,"column":47},"end":{"line":53,"column":1}},"18":{"start":{"line":44,"column":2},"end":{"line":44,"column":35}},"19":{"start":{"line":46,"column":2},"end":{"line":52,"column":5}},"20":{"start":{"line":47,"column":15},"end":{"line":47,"column":45}},"21":{"start":{"line":48,"column":4},"end":{"line":48,"column":25}},"22":{"start":{"line":50,"column":4},"end":{"line":50,"column":31}},"23":{"start":{"line":51,"column":4},"end":{"line":51,"column":16}},"24":{"start":{"line":55,"column":22},"end":{"line":57,"column":1}},"25":{"start":{"line":55,"column":34},"end":{"line":57,"column":1}},"26":{"start":{"line":56,"column":2},"end":{"line":56,"column":32}},"27":{"start":{"line":59,"column":21},"end":{"line":71,"column":1}},"28":{"start":{"line":59,"column":33},"end":{"line":71,"column":1}},"29":{"start":{"line":60,"column":2},"end":{"line":60,"column":32}},"30":{"start":{"line":62,"column":2},"end":{"line":70,"column":3}},"31":{"start":{"line":63,"column":21},"end":{"line":63,"column":48}},"32":{"start":{"line":64,"column":25},"end":{"line":64,"column":38}},"33":{"start":{"line":65,"column":4},"end":{"line":65,"column":42}},"34":{"start":{"line":66,"column":4},"end":{"line":66,"column":16}},"35":{"start":{"line":68,"column":4},"end":{"line":68,"column":31}},"36":{"start":{"line":69,"column":4},"end":{"line":69,"column":16}},"37":{"start":{"line":73,"column":22},"end":{"line":76,"column":1}},"38":{"start":{"line":73,"column":34},"end":{"line":76,"column":1}},"39":{"start":{"line":74,"column":2},"end":{"line":74,"column":38}},"40":{"start":{"line":75,"column":2},"end":{"line":75,"column":30}},"41":{"start":{"line":78,"column":29},"end":{"line":88,"column":1}},"42":{"start":{"line":78,"column":41},"end":{"line":88,"column":1}},"43":{"start":{"line":79,"column":2},"end":{"line":79,"column":32}},"44":{"start":{"line":81,"column":2},"end":{"line":87,"column":3}},"45":{"start":{"line":82,"column":21},"end":{"line":82,"column":56}},"46":{"start":{"line":83,"column":4},"end":{"line":83,"column":20}},"47":{"start":{"line":85,"column":4},"end":{"line":85,"column":31}},"48":{"start":{"line":86,"column":4},"end":{"line":86,"column":16}}},"fnMap":{"0":{"name":"(anonymous_0)","decl":{"start":{"line":11,"column":20},"end":{"line":11,"column":21}},"loc":{"start":{"line":11,"column":30},"end":{"line":14,"column":1}},"line":11},"1":{"name":"(anonymous_1)","decl":{"start":{"line":16,"column":15},"end":{"line":16,"column":16}},"loc":{"start":{"line":16,"column":24},"end":{"line":27,"column":1}},"line":16},"2":{"name":"(anonymous_2)","decl":{"start":{"line":29,"column":18},"end":{"line":29,"column":19}},"loc":{"start":{"line":29,"column":27},"end":{"line":36,"column":1}},"line":29},"3":{"name":"(anonymous_3)","decl":{"start":{"line":38,"column":18},"end":{"line":38,"column":19}},"loc":{"start":{"line":38,"column":28},"end":{"line":41,"column":1}},"line":38},"4":{"name":"(anonymous_4)","decl":{"start":{"line":43,"column":32},"end":{"line":43,"column":33}},"loc":{"start":{"line":43,"column":47},"end":{"line":53,"column":1}},"line":43},"5":{"name":"(anonymous_5)","decl":{"start":{"line":43,"column":47},"end":{"line":43,"column":48}},"loc":{"start":{"line":43,"column":59},"end":{"line":53,"column":1}},"line":43},"6":{"name":"(anonymous_6)","decl":{"start":{"line":46,"column":50},"end":{"line":46,"column":51}},"loc":{"start":{"line":46,"column":64},"end":{"line":49,"column":3}},"line":46},"7":{"name":"(anonymous_7)","decl":{"start":{"line":49,"column":11},"end":{"line":49,"column":12}},"loc":{"start":{"line":49,"column":20},"end":{"line":52,"column":3}},"line":49},"8":{"name":"(anonymous_8)","decl":{"start":{"line":55,"column":22},"end":{"line":55,"column":23}},"loc":{"start":{"line":55,"column":34},"end":{"line":57,"column":1}},"line":55},"9":{"name":"(anonymous_9)","decl":{"start":{"line":55,"column":34},"end":{"line":55,"column":35}},"loc":{"start":{"line":55,"column":46},"end":{"line":57,"column":1}},"line":55},"10":{"name":"(anonymous_10)","decl":{"start":{"line":59,"column":21},"end":{"line":59,"column":22}},"loc":{"start":{"line":59,"column":33},"end":{"line":71,"column":1}},"line":59},"11":{"name":"(anonymous_11)","decl":{"start":{"line":59,"column":33},"end":{"line":59,"column":34}},"loc":{"start":{"line":59,"column":51},"end":{"line":71,"column":1}},"line":59},"12":{"name":"(anonymous_12)","decl":{"start":{"line":73,"column":22},"end":{"line":73,"column":23}},"loc":{"start":{"line":73,"column":34},"end":{"line":76,"column":1}},"line":73},"13":{"name":"(anonymous_13)","decl":{"start":{"line":73,"column":34},"end":{"line":73,"column":35}},"loc":{"start":{"line":73,"column":46},"end":{"line":76,"column":1}},"line":73},"14":{"name":"(anonymous_14)","decl":{"start":{"line":78,"column":29},"end":{"line":78,"column":30}},"loc":{"start":{"line":78,"column":41},"end":{"line":88,"column":1}},"line":78},"15":{"name":"(anonymous_15)","decl":{"start":{"line":78,"column":41},"end":{"line":78,"column":42}},"loc":{"start":{"line":78,"column":59},"end":{"line":88,"column":1}},"line":78}},"branchMap":{"0":{"loc":{"start":{"line":19,"column":2},"end":{"line":21,"column":3}},"type":"if","locations":[{"start":{"line":19,"column":2},"end":{"line":21,"column":3}},{"start":{"line":19,"column":2},"end":{"line":21,"column":3}}],"line":19}},"s":{"0":0,"1":0,"2":0,"3":0,"4":0,"5":0,"6":0,"7":0,"8":0,"9":0,"10":0,"11":0,"12":0,"13":0,"14":0,"15":0,"16":0,"17":0,"18":0,"19":0,"20":0,"21":0,"22":0,"23":0,"24":0,"25":0,"26":0,"27":0,"28":0,"29":0,"30":0,"31":0,"32":0,"33":0,"34":0,"35":0,"36":0,"37":0,"38":0,"39":0,"40":0,"41":0,"42":0,"43":0,"44":0,"45":0,"46":0,"47":0,"48":0},"f":{"0":0,"1":0,"2":0,"3":0,"4":0,"5":0,"6":0,"7":0,"8":0,"9":0,"10":0,"11":0,"12":0,"13":0,"14":0,"15":0},"b":{"0":[0,0]}}
,"/home/kris/Sites/contracts/pure-escapes/pure-escapes-fe/src/actions/bookings.js": {"path":"/home/kris/Sites/contracts/pure-escapes/pure-escapes-fe/src/actions/bookings.js","statementMap":{"0":{"start":{"line":26,"column":25},"end":{"line":32,"column":1}},"1":{"start":{"line":35,"column":32},"end":{"line":35,"column":50}},"2":{"start":{"line":36,"column":34},"end":{"line":36,"column":54}},"3":{"start":{"line":37,"column":27},"end":{"line":37,"column":40}},"4":{"start":{"line":38,"column":30},"end":{"line":38,"column":46}},"5":{"start":{"line":39,"column":30},"end":{"line":39,"column":46}},"6":{"start":{"line":41,"column":24},"end":{"line":44,"column":2}},"7":{"start":{"line":41,"column":34},"end":{"line":44,"column":1}},"8":{"start":{"line":46,"column":25},"end":{"line":49,"column":2}},"9":{"start":{"line":46,"column":35},"end":{"line":49,"column":1}},"10":{"start":{"line":51,"column":19},"end":{"line":54,"column":2}},"11":{"start":{"line":51,"column":29},"end":{"line":54,"column":1}},"12":{"start":{"line":56,"column":22},"end":{"line":59,"column":2}},"13":{"start":{"line":56,"column":32},"end":{"line":59,"column":1}},"14":{"start":{"line":61,"column":22},"end":{"line":64,"column":2}},"15":{"start":{"line":61,"column":32},"end":{"line":64,"column":1}},"16":{"start":{"line":67,"column":26},"end":{"line":119,"column":1}},"17":{"start":{"line":67,"column":43},"end":{"line":119,"column":1}},"18":{"start":{"line":67,"column":58},"end":{"line":119,"column":1}},"19":{"start":{"line":68,"column":16},"end":{"line":68,"column":26}},"20":{"start":{"line":69,"column":16},"end":{"line":69,"column":35}},"21":{"start":{"line":71,"column":2},"end":{"line":71,"column":21}},"22":{"start":{"line":73,"column":2},"end":{"line":75,"column":3}},"23":{"start":{"line":74,"column":4},"end":{"line":74,"column":22}},"24":{"start":{"line":77,"column":16},"end":{"line":77,"column":32}},"25":{"start":{"line":78,"column":2},"end":{"line":78,"column":20}},"26":{"start":{"line":79,"column":18},"end":{"line":79,"column":36}},"27":{"start":{"line":80,"column":2},"end":{"line":80,"column":46}},"28":{"start":{"line":90,"column":2},"end":{"line":90,"column":34}},"29":{"start":{"line":92,"column":2},"end":{"line":118,"column":7}},"30":{"start":{"line":94,"column":23},"end":{"line":100,"column":8}},"31":{"start":{"line":102,"column":18},"end":{"line":105,"column":7}},"32":{"start":{"line":107,"column":6},"end":{"line":107,"column":47}},"33":{"start":{"line":109,"column":6},"end":{"line":109,"column":35}},"34":{"start":{"line":112,"column":18},"end":{"line":115,"column":7}},"35":{"start":{"line":117,"column":6},"end":{"line":117,"column":42}},"36":{"start":{"line":121,"column":22},"end":{"line":121,"column":66}},"37":{"start":{"line":122,"column":23},"end":{"line":122,"column":68}},"38":{"start":{"line":124,"column":21},"end":{"line":136,"column":1}},"39":{"start":{"line":124,"column":36},"end":{"line":136,"column":1}},"40":{"start":{"line":125,"column":2},"end":{"line":125,"column":32}},"41":{"start":{"line":126,"column":2},"end":{"line":131,"column":4}},"42":{"start":{"line":133,"column":2},"end":{"line":133,"column":17}},"43":{"start":{"line":135,"column":2},"end":{"line":135,"column":39}},"44":{"start":{"line":138,"column":22},"end":{"line":165,"column":1}},"45":{"start":{"line":138,"column":37},"end":{"line":165,"column":1}},"46":{"start":{"line":139,"column":16},"end":{"line":139,"column":26}},"47":{"start":{"line":140,"column":16},"end":{"line":140,"column":35}},"48":{"start":{"line":142,"column":2},"end":{"line":142,"column":21}},"49":{"start":{"line":144,"column":2},"end":{"line":144,"column":34}},"50":{"start":{"line":146,"column":2},"end":{"line":164,"column":7}},"51":{"start":{"line":148,"column":18},"end":{"line":151,"column":7}},"52":{"start":{"line":153,"column":6},"end":{"line":153,"column":32}},"53":{"start":{"line":154,"column":6},"end":{"line":154,"column":22}},"54":{"start":{"line":157,"column":18},"end":{"line":160,"column":7}},"55":{"start":{"line":162,"column":6},"end":{"line":162,"column":35}},"56":{"start":{"line":163,"column":6},"end":{"line":163,"column":19}},"57":{"start":{"line":167,"column":29},"end":{"line":194,"column":1}},"58":{"start":{"line":167,"column":44},"end":{"line":194,"column":1}},"59":{"start":{"line":168,"column":16},"end":{"line":168,"column":26}},"60":{"start":{"line":169,"column":16},"end":{"line":169,"column":35}},"61":{"start":{"line":171,"column":2},"end":{"line":171,"column":21}},"62":{"start":{"line":173,"column":2},"end":{"line":173,"column":34}},"63":{"start":{"line":175,"column":2},"end":{"line":193,"column":7}},"64":{"start":{"line":177,"column":18},"end":{"line":180,"column":7}},"65":{"start":{"line":182,"column":6},"end":{"line":182,"column":32}},"66":{"start":{"line":183,"column":6},"end":{"line":183,"column":22}},"67":{"start":{"line":186,"column":18},"end":{"line":189,"column":7}},"68":{"start":{"line":191,"column":6},"end":{"line":191,"column":35}},"69":{"start":{"line":192,"column":6},"end":{"line":192,"column":19}},"70":{"start":{"line":196,"column":28},"end":{"line":223,"column":1}},"71":{"start":{"line":196,"column":43},"end":{"line":223,"column":1}},"72":{"start":{"line":197,"column":16},"end":{"line":197,"column":26}},"73":{"start":{"line":198,"column":16},"end":{"line":198,"column":35}},"74":{"start":{"line":200,"column":2},"end":{"line":200,"column":21}},"75":{"start":{"line":202,"column":2},"end":{"line":202,"column":34}},"76":{"start":{"line":204,"column":2},"end":{"line":222,"column":7}},"77":{"start":{"line":206,"column":18},"end":{"line":209,"column":7}},"78":{"start":{"line":211,"column":6},"end":{"line":211,"column":38}},"79":{"start":{"line":212,"column":6},"end":{"line":212,"column":22}},"80":{"start":{"line":215,"column":18},"end":{"line":218,"column":7}},"81":{"start":{"line":220,"column":6},"end":{"line":220,"column":35}},"82":{"start":{"line":221,"column":6},"end":{"line":221,"column":19}},"83":{"start":{"line":226,"column":29},"end":{"line":226,"column":37}},"84":{"start":{"line":227,"column":28},"end":{"line":227,"column":36}},"85":{"start":{"line":229,"column":22},"end":{"line":254,"column":1}},"86":{"start":{"line":229,"column":37},"end":{"line":254,"column":1}},"87":{"start":{"line":230,"column":16},"end":{"line":230,"column":26}},"88":{"start":{"line":231,"column":16},"end":{"line":231,"column":35}},"89":{"start":{"line":233,"column":2},"end":{"line":233,"column":21}},"90":{"start":{"line":235,"column":2},"end":{"line":235,"column":34}},"91":{"start":{"line":237,"column":2},"end":{"line":253,"column":7}},"92":{"start":{"line":239,"column":18},"end":{"line":242,"column":7}},"93":{"start":{"line":244,"column":6},"end":{"line":244,"column":39}},"94":{"start":{"line":247,"column":18},"end":{"line":250,"column":7}},"95":{"start":{"line":252,"column":6},"end":{"line":252,"column":42}},"96":{"start":{"line":256,"column":22},"end":{"line":281,"column":1}},"97":{"start":{"line":256,"column":37},"end":{"line":281,"column":1}},"98":{"start":{"line":257,"column":16},"end":{"line":257,"column":26}},"99":{"start":{"line":258,"column":16},"end":{"line":258,"column":35}},"100":{"start":{"line":260,"column":2},"end":{"line":260,"column":21}},"101":{"start":{"line":262,"column":2},"end":{"line":262,"column":34}},"102":{"start":{"line":264,"column":2},"end":{"line":280,"column":7}},"103":{"start":{"line":266,"column":18},"end":{"line":269,"column":7}},"104":{"start":{"line":271,"column":6},"end":{"line":271,"column":39}},"105":{"start":{"line":274,"column":18},"end":{"line":277,"column":7}},"106":{"start":{"line":279,"column":6},"end":{"line":279,"column":42}},"107":{"start":{"line":283,"column":22},"end":{"line":284,"column":48}},"108":{"start":{"line":283,"column":37},"end":{"line":284,"column":48}},"109":{"start":{"line":284,"column":2},"end":{"line":284,"column":48}},"110":{"start":{"line":286,"column":23},"end":{"line":292,"column":1}},"111":{"start":{"line":286,"column":38},"end":{"line":292,"column":1}},"112":{"start":{"line":287,"column":16},"end":{"line":287,"column":26}},"113":{"start":{"line":288,"column":16},"end":{"line":288,"column":35}},"114":{"start":{"line":290,"column":2},"end":{"line":290,"column":21}},"115":{"start":{"line":291,"column":2},"end":{"line":291,"column":42}}},"fnMap":{"0":{"name":"(anonymous_0)","decl":{"start":{"line":41,"column":24},"end":{"line":41,"column":25}},"loc":{"start":{"line":41,"column":34},"end":{"line":44,"column":1}},"line":41},"1":{"name":"(anonymous_1)","decl":{"start":{"line":46,"column":25},"end":{"line":46,"column":26}},"loc":{"start":{"line":46,"column":35},"end":{"line":49,"column":1}},"line":46},"2":{"name":"(anonymous_2)","decl":{"start":{"line":51,"column":19},"end":{"line":51,"column":20}},"loc":{"start":{"line":51,"column":29},"end":{"line":54,"column":1}},"line":51},"3":{"name":"(anonymous_3)","decl":{"start":{"line":56,"column":22},"end":{"line":56,"column":23}},"loc":{"start":{"line":56,"column":32},"end":{"line":59,"column":1}},"line":56},"4":{"name":"(anonymous_4)","decl":{"start":{"line":61,"column":22},"end":{"line":61,"column":23}},"loc":{"start":{"line":61,"column":32},"end":{"line":64,"column":1}},"line":61},"5":{"name":"(anonymous_5)","decl":{"start":{"line":67,"column":26},"end":{"line":67,"column":27}},"loc":{"start":{"line":67,"column":43},"end":{"line":119,"column":1}},"line":67},"6":{"name":"(anonymous_6)","decl":{"start":{"line":67,"column":43},"end":{"line":67,"column":44}},"loc":{"start":{"line":67,"column":58},"end":{"line":119,"column":1}},"line":67},"7":{"name":"(anonymous_7)","decl":{"start":{"line":67,"column":58},"end":{"line":67,"column":59}},"loc":{"start":{"line":67,"column":82},"end":{"line":119,"column":1}},"line":67},"8":{"name":"(anonymous_8)","decl":{"start":{"line":93,"column":10},"end":{"line":93,"column":11}},"loc":{"start":{"line":93,"column":24},"end":{"line":110,"column":5}},"line":93},"9":{"name":"(anonymous_9)","decl":{"start":{"line":111,"column":11},"end":{"line":111,"column":12}},"loc":{"start":{"line":111,"column":22},"end":{"line":118,"column":5}},"line":111},"10":{"name":"(anonymous_10)","decl":{"start":{"line":124,"column":21},"end":{"line":124,"column":22}},"loc":{"start":{"line":124,"column":36},"end":{"line":136,"column":1}},"line":124},"11":{"name":"(anonymous_11)","decl":{"start":{"line":124,"column":36},"end":{"line":124,"column":37}},"loc":{"start":{"line":124,"column":50},"end":{"line":136,"column":1}},"line":124},"12":{"name":"(anonymous_12)","decl":{"start":{"line":138,"column":22},"end":{"line":138,"column":23}},"loc":{"start":{"line":138,"column":37},"end":{"line":165,"column":1}},"line":138},"13":{"name":"(anonymous_13)","decl":{"start":{"line":138,"column":37},"end":{"line":138,"column":38}},"loc":{"start":{"line":138,"column":61},"end":{"line":165,"column":1}},"line":138},"14":{"name":"(anonymous_14)","decl":{"start":{"line":147,"column":10},"end":{"line":147,"column":11}},"loc":{"start":{"line":147,"column":24},"end":{"line":155,"column":5}},"line":147},"15":{"name":"(anonymous_15)","decl":{"start":{"line":156,"column":11},"end":{"line":156,"column":12}},"loc":{"start":{"line":156,"column":22},"end":{"line":164,"column":5}},"line":156},"16":{"name":"(anonymous_16)","decl":{"start":{"line":167,"column":29},"end":{"line":167,"column":30}},"loc":{"start":{"line":167,"column":44},"end":{"line":194,"column":1}},"line":167},"17":{"name":"(anonymous_17)","decl":{"start":{"line":167,"column":44},"end":{"line":167,"column":45}},"loc":{"start":{"line":167,"column":68},"end":{"line":194,"column":1}},"line":167},"18":{"name":"(anonymous_18)","decl":{"start":{"line":176,"column":10},"end":{"line":176,"column":11}},"loc":{"start":{"line":176,"column":24},"end":{"line":184,"column":5}},"line":176},"19":{"name":"(anonymous_19)","decl":{"start":{"line":185,"column":11},"end":{"line":185,"column":12}},"loc":{"start":{"line":185,"column":22},"end":{"line":193,"column":5}},"line":185},"20":{"name":"(anonymous_20)","decl":{"start":{"line":196,"column":28},"end":{"line":196,"column":29}},"loc":{"start":{"line":196,"column":43},"end":{"line":223,"column":1}},"line":196},"21":{"name":"(anonymous_21)","decl":{"start":{"line":196,"column":43},"end":{"line":196,"column":44}},"loc":{"start":{"line":196,"column":67},"end":{"line":223,"column":1}},"line":196},"22":{"name":"(anonymous_22)","decl":{"start":{"line":205,"column":10},"end":{"line":205,"column":11}},"loc":{"start":{"line":205,"column":24},"end":{"line":213,"column":5}},"line":205},"23":{"name":"(anonymous_23)","decl":{"start":{"line":214,"column":11},"end":{"line":214,"column":12}},"loc":{"start":{"line":214,"column":22},"end":{"line":222,"column":5}},"line":214},"24":{"name":"(anonymous_24)","decl":{"start":{"line":226,"column":29},"end":{"line":226,"column":30}},"loc":{"start":{"line":226,"column":35},"end":{"line":226,"column":37}},"line":226},"25":{"name":"(anonymous_25)","decl":{"start":{"line":227,"column":28},"end":{"line":227,"column":29}},"loc":{"start":{"line":227,"column":34},"end":{"line":227,"column":36}},"line":227},"26":{"name":"(anonymous_26)","decl":{"start":{"line":229,"column":22},"end":{"line":229,"column":23}},"loc":{"start":{"line":229,"column":37},"end":{"line":254,"column":1}},"line":229},"27":{"name":"(anonymous_27)","decl":{"start":{"line":229,"column":37},"end":{"line":229,"column":38}},"loc":{"start":{"line":229,"column":61},"end":{"line":254,"column":1}},"line":229},"28":{"name":"(anonymous_28)","decl":{"start":{"line":238,"column":10},"end":{"line":238,"column":11}},"loc":{"start":{"line":238,"column":24},"end":{"line":245,"column":5}},"line":238},"29":{"name":"(anonymous_29)","decl":{"start":{"line":246,"column":11},"end":{"line":246,"column":12}},"loc":{"start":{"line":246,"column":22},"end":{"line":253,"column":5}},"line":246},"30":{"name":"(anonymous_30)","decl":{"start":{"line":256,"column":22},"end":{"line":256,"column":23}},"loc":{"start":{"line":256,"column":37},"end":{"line":281,"column":1}},"line":256},"31":{"name":"(anonymous_31)","decl":{"start":{"line":256,"column":37},"end":{"line":256,"column":38}},"loc":{"start":{"line":256,"column":61},"end":{"line":281,"column":1}},"line":256},"32":{"name":"(anonymous_32)","decl":{"start":{"line":265,"column":10},"end":{"line":265,"column":11}},"loc":{"start":{"line":265,"column":24},"end":{"line":272,"column":5}},"line":265},"33":{"name":"(anonymous_33)","decl":{"start":{"line":273,"column":11},"end":{"line":273,"column":12}},"loc":{"start":{"line":273,"column":22},"end":{"line":280,"column":5}},"line":273},"34":{"name":"(anonymous_34)","decl":{"start":{"line":283,"column":22},"end":{"line":283,"column":23}},"loc":{"start":{"line":283,"column":37},"end":{"line":284,"column":48}},"line":283},"35":{"name":"(anonymous_35)","decl":{"start":{"line":283,"column":37},"end":{"line":283,"column":38}},"loc":{"start":{"line":284,"column":2},"end":{"line":284,"column":48}},"line":284},"36":{"name":"(anonymous_36)","decl":{"start":{"line":286,"column":23},"end":{"line":286,"column":24}},"loc":{"start":{"line":286,"column":38},"end":{"line":292,"column":1}},"line":286},"37":{"name":"(anonymous_37)","decl":{"start":{"line":286,"column":38},"end":{"line":286,"column":39}},"loc":{"start":{"line":286,"column":62},"end":{"line":292,"column":1}},"line":286}},"branchMap":{"0":{"loc":{"start":{"line":67,"column":44},"end":{"line":67,"column":53}},"type":"default-arg","locations":[{"start":{"line":67,"column":51},"end":{"line":67,"column":53}}],"line":67},"1":{"loc":{"start":{"line":73,"column":2},"end":{"line":75,"column":3}},"type":"if","locations":[{"start":{"line":73,"column":2},"end":{"line":75,"column":3}},{"start":{"line":73,"column":2},"end":{"line":75,"column":3}}],"line":73},"2":{"loc":{"start":{"line":77,"column":16},"end":{"line":77,"column":32}},"type":"binary-expr","locations":[{"start":{"line":77,"column":16},"end":{"line":77,"column":26}},{"start":{"line":77,"column":30},"end":{"line":77,"column":32}}],"line":77},"3":{"loc":{"start":{"line":124,"column":22},"end":{"line":124,"column":31}},"type":"default-arg","locations":[{"start":{"line":124,"column":29},"end":{"line":124,"column":31}}],"line":124},"4":{"loc":{"start":{"line":125,"column":15},"end":{"line":125,"column":31}},"type":"binary-expr","locations":[{"start":{"line":125,"column":15},"end":{"line":125,"column":25}},{"start":{"line":125,"column":29},"end":{"line":125,"column":31}}],"line":125},"5":{"loc":{"start":{"line":138,"column":23},"end":{"line":138,"column":32}},"type":"default-arg","locations":[{"start":{"line":138,"column":30},"end":{"line":138,"column":32}}],"line":138},"6":{"loc":{"start":{"line":167,"column":30},"end":{"line":167,"column":39}},"type":"default-arg","locations":[{"start":{"line":167,"column":37},"end":{"line":167,"column":39}}],"line":167},"7":{"loc":{"start":{"line":196,"column":29},"end":{"line":196,"column":38}},"type":"default-arg","locations":[{"start":{"line":196,"column":36},"end":{"line":196,"column":38}}],"line":196},"8":{"loc":{"start":{"line":229,"column":23},"end":{"line":229,"column":32}},"type":"default-arg","locations":[{"start":{"line":229,"column":30},"end":{"line":229,"column":32}}],"line":229},"9":{"loc":{"start":{"line":256,"column":23},"end":{"line":256,"column":32}},"type":"default-arg","locations":[{"start":{"line":256,"column":30},"end":{"line":256,"column":32}}],"line":256},"10":{"loc":{"start":{"line":283,"column":23},"end":{"line":283,"column":32}},"type":"default-arg","locations":[{"start":{"line":283,"column":30},"end":{"line":283,"column":32}}],"line":283},"11":{"loc":{"start":{"line":286,"column":24},"end":{"line":286,"column":33}},"type":"default-arg","locations":[{"start":{"line":286,"column":31},"end":{"line":286,"column":33}}],"line":286}},"s":{"0":0,"1":0,"2":0,"3":0,"4":0,"5":0,"6":0,"7":0,"8":0,"9":0,"10":0,"11":0,"12":0,"13":0,"14":0,"15":0,"16":0,"17":0,"18":0,"19":0,"20":0,"21":0,"22":0,"23":0,"24":0,"25":0,"26":0,"27":0,"28":0,"29":0,"30":0,"31":0,"32":0,"33":0,"34":0,"35":0,"36":0,"37":0,"38":0,"39":0,"40":0,"41":0,"42":0,"43":0,"44":0,"45":0,"46":0,"47":0,"48":0,"49":0,"50":0,"51":0,"52":0,"53":0,"54":0,"55":0,"56":0,"57":0,"58":0,"59":0,"60":0,"61":0,"62":0,"63":0,"64":0,"65":0,"66":0,"67":0,"68":0,"69":0,"70":0,"71":0,"72":0,"73":0,"74":0,"75":0,"76":0,"77":0,"78":0,"79":0,"80":0,"81":0,"82":0,"83":0,"84":0,"85":0,"86":0,"87":0,"88":0,"89":0,"90":0,"91":0,"92":0,"93":0,"94":0,"95":0,"96":0,"97":0,"98":0,"99":0,"100":0,"101":0,"102":0,"103":0,"104":0,"105":0,"106":0,"107":0,"108":0,"109":0,"110":0,"111":0,"112":0,"113":0,"114":0,"115":0},"f":{"0":0,"1":0,"2":0,"3":0,"4":0,"5":0,"6":0,"7":0,"8":0,"9":0,"10":0,"11":0,"12":0,"13":0,"14":0,"15":0,"16":0,"17":0,"18":0,"19":0,"20":0,"21":0,"22":0,"23":0,"24":0,"25":0,"26":0,"27":0,"28":0,"29":0,"30":0,"31":0,"32":0,"33":0,"34":0,"35":0,"36":0,"37":0},"b":{"0":[0],"1":[0,0],"2":[0,0],"3":[0],"4":[0,0],"5":[0],"6":[0],"7":[0],"8":[0],"9":[0],"10":[0],"11":[0]}}
,"/home/kris/Sites/contracts/pure-escapes/pure-escapes-fe/src/actions/comments.js": {"path":"/home/kris/Sites/contracts/pure-escapes/pure-escapes-fe/src/actions/comments.js","statementMap":{"0":{"start":{"line":27,"column":25},"end":{"line":31,"column":1}},"1":{"start":{"line":34,"column":32},"end":{"line":34,"column":50}},"2":{"start":{"line":35,"column":27},"end":{"line":35,"column":40}},"3":{"start":{"line":36,"column":30},"end":{"line":36,"column":46}},"4":{"start":{"line":37,"column":30},"end":{"line":37,"column":46}},"5":{"start":{"line":38,"column":30},"end":{"line":38,"column":46}},"6":{"start":{"line":40,"column":24},"end":{"line":43,"column":2}},"7":{"start":{"line":40,"column":34},"end":{"line":43,"column":1}},"8":{"start":{"line":45,"column":19},"end":{"line":48,"column":2}},"9":{"start":{"line":45,"column":29},"end":{"line":48,"column":1}},"10":{"start":{"line":50,"column":21},"end":{"line":53,"column":2}},"11":{"start":{"line":50,"column":31},"end":{"line":53,"column":1}},"12":{"start":{"line":55,"column":22},"end":{"line":58,"column":2}},"13":{"start":{"line":55,"column":32},"end":{"line":58,"column":1}},"14":{"start":{"line":60,"column":22},"end":{"line":63,"column":2}},"15":{"start":{"line":60,"column":32},"end":{"line":63,"column":1}},"16":{"start":{"line":66,"column":22},"end":{"line":117,"column":1}},"17":{"start":{"line":66,"column":37},"end":{"line":117,"column":1}},"18":{"start":{"line":67,"column":16},"end":{"line":67,"column":26}},"19":{"start":{"line":68,"column":16},"end":{"line":68,"column":35}},"20":{"start":{"line":70,"column":2},"end":{"line":70,"column":21}},"21":{"start":{"line":72,"column":2},"end":{"line":74,"column":3}},"22":{"start":{"line":73,"column":4},"end":{"line":73,"column":22}},"23":{"start":{"line":76,"column":16},"end":{"line":76,"column":32}},"24":{"start":{"line":77,"column":2},"end":{"line":77,"column":20}},"25":{"start":{"line":79,"column":18},"end":{"line":79,"column":36}},"26":{"start":{"line":80,"column":2},"end":{"line":80,"column":46}},"27":{"start":{"line":88,"column":2},"end":{"line":88,"column":34}},"28":{"start":{"line":90,"column":2},"end":{"line":116,"column":7}},"29":{"start":{"line":92,"column":23},"end":{"line":98,"column":8}},"30":{"start":{"line":100,"column":18},"end":{"line":103,"column":7}},"31":{"start":{"line":105,"column":6},"end":{"line":105,"column":47}},"32":{"start":{"line":107,"column":6},"end":{"line":107,"column":35}},"33":{"start":{"line":110,"column":18},"end":{"line":113,"column":7}},"34":{"start":{"line":115,"column":6},"end":{"line":115,"column":42}},"35":{"start":{"line":119,"column":33},"end":{"line":170,"column":1}},"36":{"start":{"line":119,"column":48},"end":{"line":170,"column":1}},"37":{"start":{"line":120,"column":16},"end":{"line":120,"column":26}},"38":{"start":{"line":121,"column":16},"end":{"line":121,"column":35}},"39":{"start":{"line":123,"column":2},"end":{"line":123,"column":21}},"40":{"start":{"line":125,"column":2},"end":{"line":127,"column":3}},"41":{"start":{"line":126,"column":4},"end":{"line":126,"column":22}},"42":{"start":{"line":129,"column":16},"end":{"line":129,"column":32}},"43":{"start":{"line":130,"column":2},"end":{"line":130,"column":20}},"44":{"start":{"line":132,"column":18},"end":{"line":132,"column":36}},"45":{"start":{"line":133,"column":2},"end":{"line":133,"column":46}},"46":{"start":{"line":141,"column":2},"end":{"line":141,"column":34}},"47":{"start":{"line":143,"column":2},"end":{"line":169,"column":7}},"48":{"start":{"line":145,"column":23},"end":{"line":151,"column":8}},"49":{"start":{"line":153,"column":18},"end":{"line":156,"column":7}},"50":{"start":{"line":158,"column":6},"end":{"line":158,"column":47}},"51":{"start":{"line":160,"column":6},"end":{"line":160,"column":35}},"52":{"start":{"line":163,"column":18},"end":{"line":166,"column":7}},"53":{"start":{"line":168,"column":6},"end":{"line":168,"column":42}},"54":{"start":{"line":172,"column":21},"end":{"line":184,"column":1}},"55":{"start":{"line":172,"column":36},"end":{"line":184,"column":1}},"56":{"start":{"line":173,"column":2},"end":{"line":173,"column":32}},"57":{"start":{"line":174,"column":2},"end":{"line":179,"column":4}},"58":{"start":{"line":181,"column":2},"end":{"line":181,"column":17}},"59":{"start":{"line":183,"column":2},"end":{"line":183,"column":39}},"60":{"start":{"line":186,"column":22},"end":{"line":211,"column":1}},"61":{"start":{"line":186,"column":37},"end":{"line":211,"column":1}},"62":{"start":{"line":187,"column":16},"end":{"line":187,"column":26}},"63":{"start":{"line":188,"column":16},"end":{"line":188,"column":35}},"64":{"start":{"line":190,"column":2},"end":{"line":190,"column":21}},"65":{"start":{"line":192,"column":2},"end":{"line":192,"column":34}},"66":{"start":{"line":194,"column":2},"end":{"line":210,"column":7}},"67":{"start":{"line":196,"column":18},"end":{"line":199,"column":7}},"68":{"start":{"line":201,"column":6},"end":{"line":201,"column":41}},"69":{"start":{"line":204,"column":18},"end":{"line":207,"column":7}},"70":{"start":{"line":209,"column":6},"end":{"line":209,"column":42}},"71":{"start":{"line":213,"column":22},"end":{"line":238,"column":1}},"72":{"start":{"line":213,"column":37},"end":{"line":238,"column":1}},"73":{"start":{"line":214,"column":16},"end":{"line":214,"column":26}},"74":{"start":{"line":215,"column":16},"end":{"line":215,"column":35}},"75":{"start":{"line":217,"column":2},"end":{"line":217,"column":21}},"76":{"start":{"line":219,"column":2},"end":{"line":219,"column":34}},"77":{"start":{"line":221,"column":2},"end":{"line":237,"column":7}},"78":{"start":{"line":223,"column":18},"end":{"line":226,"column":7}},"79":{"start":{"line":228,"column":6},"end":{"line":228,"column":39}},"80":{"start":{"line":231,"column":18},"end":{"line":234,"column":7}},"81":{"start":{"line":236,"column":6},"end":{"line":236,"column":42}},"82":{"start":{"line":240,"column":22},"end":{"line":265,"column":1}},"83":{"start":{"line":240,"column":37},"end":{"line":265,"column":1}},"84":{"start":{"line":241,"column":16},"end":{"line":241,"column":26}},"85":{"start":{"line":242,"column":16},"end":{"line":242,"column":35}},"86":{"start":{"line":244,"column":2},"end":{"line":244,"column":21}},"87":{"start":{"line":246,"column":2},"end":{"line":246,"column":34}},"88":{"start":{"line":248,"column":2},"end":{"line":264,"column":7}},"89":{"start":{"line":250,"column":18},"end":{"line":253,"column":7}},"90":{"start":{"line":255,"column":6},"end":{"line":255,"column":39}},"91":{"start":{"line":258,"column":18},"end":{"line":261,"column":7}},"92":{"start":{"line":263,"column":6},"end":{"line":263,"column":42}},"93":{"start":{"line":267,"column":22},"end":{"line":268,"column":48}},"94":{"start":{"line":267,"column":37},"end":{"line":268,"column":48}},"95":{"start":{"line":268,"column":2},"end":{"line":268,"column":48}}},"fnMap":{"0":{"name":"(anonymous_0)","decl":{"start":{"line":40,"column":24},"end":{"line":40,"column":25}},"loc":{"start":{"line":40,"column":34},"end":{"line":43,"column":1}},"line":40},"1":{"name":"(anonymous_1)","decl":{"start":{"line":45,"column":19},"end":{"line":45,"column":20}},"loc":{"start":{"line":45,"column":29},"end":{"line":48,"column":1}},"line":45},"2":{"name":"(anonymous_2)","decl":{"start":{"line":50,"column":21},"end":{"line":50,"column":22}},"loc":{"start":{"line":50,"column":31},"end":{"line":53,"column":1}},"line":50},"3":{"name":"(anonymous_3)","decl":{"start":{"line":55,"column":22},"end":{"line":55,"column":23}},"loc":{"start":{"line":55,"column":32},"end":{"line":58,"column":1}},"line":55},"4":{"name":"(anonymous_4)","decl":{"start":{"line":60,"column":22},"end":{"line":60,"column":23}},"loc":{"start":{"line":60,"column":32},"end":{"line":63,"column":1}},"line":60},"5":{"name":"(anonymous_5)","decl":{"start":{"line":66,"column":22},"end":{"line":66,"column":23}},"loc":{"start":{"line":66,"column":37},"end":{"line":117,"column":1}},"line":66},"6":{"name":"(anonymous_6)","decl":{"start":{"line":66,"column":37},"end":{"line":66,"column":38}},"loc":{"start":{"line":66,"column":61},"end":{"line":117,"column":1}},"line":66},"7":{"name":"(anonymous_7)","decl":{"start":{"line":91,"column":10},"end":{"line":91,"column":11}},"loc":{"start":{"line":91,"column":24},"end":{"line":108,"column":5}},"line":91},"8":{"name":"(anonymous_8)","decl":{"start":{"line":109,"column":11},"end":{"line":109,"column":12}},"loc":{"start":{"line":109,"column":22},"end":{"line":116,"column":5}},"line":109},"9":{"name":"(anonymous_9)","decl":{"start":{"line":119,"column":33},"end":{"line":119,"column":34}},"loc":{"start":{"line":119,"column":48},"end":{"line":170,"column":1}},"line":119},"10":{"name":"(anonymous_10)","decl":{"start":{"line":119,"column":48},"end":{"line":119,"column":49}},"loc":{"start":{"line":119,"column":72},"end":{"line":170,"column":1}},"line":119},"11":{"name":"(anonymous_11)","decl":{"start":{"line":144,"column":10},"end":{"line":144,"column":11}},"loc":{"start":{"line":144,"column":24},"end":{"line":161,"column":5}},"line":144},"12":{"name":"(anonymous_12)","decl":{"start":{"line":162,"column":11},"end":{"line":162,"column":12}},"loc":{"start":{"line":162,"column":22},"end":{"line":169,"column":5}},"line":162},"13":{"name":"(anonymous_13)","decl":{"start":{"line":172,"column":21},"end":{"line":172,"column":22}},"loc":{"start":{"line":172,"column":36},"end":{"line":184,"column":1}},"line":172},"14":{"name":"(anonymous_14)","decl":{"start":{"line":172,"column":36},"end":{"line":172,"column":37}},"loc":{"start":{"line":172,"column":50},"end":{"line":184,"column":1}},"line":172},"15":{"name":"(anonymous_15)","decl":{"start":{"line":186,"column":22},"end":{"line":186,"column":23}},"loc":{"start":{"line":186,"column":37},"end":{"line":211,"column":1}},"line":186},"16":{"name":"(anonymous_16)","decl":{"start":{"line":186,"column":37},"end":{"line":186,"column":38}},"loc":{"start":{"line":186,"column":61},"end":{"line":211,"column":1}},"line":186},"17":{"name":"(anonymous_17)","decl":{"start":{"line":195,"column":10},"end":{"line":195,"column":11}},"loc":{"start":{"line":195,"column":24},"end":{"line":202,"column":5}},"line":195},"18":{"name":"(anonymous_18)","decl":{"start":{"line":203,"column":11},"end":{"line":203,"column":12}},"loc":{"start":{"line":203,"column":22},"end":{"line":210,"column":5}},"line":203},"19":{"name":"(anonymous_19)","decl":{"start":{"line":213,"column":22},"end":{"line":213,"column":23}},"loc":{"start":{"line":213,"column":37},"end":{"line":238,"column":1}},"line":213},"20":{"name":"(anonymous_20)","decl":{"start":{"line":213,"column":37},"end":{"line":213,"column":38}},"loc":{"start":{"line":213,"column":61},"end":{"line":238,"column":1}},"line":213},"21":{"name":"(anonymous_21)","decl":{"start":{"line":222,"column":10},"end":{"line":222,"column":11}},"loc":{"start":{"line":222,"column":24},"end":{"line":229,"column":5}},"line":222},"22":{"name":"(anonymous_22)","decl":{"start":{"line":230,"column":11},"end":{"line":230,"column":12}},"loc":{"start":{"line":230,"column":22},"end":{"line":237,"column":5}},"line":230},"23":{"name":"(anonymous_23)","decl":{"start":{"line":240,"column":22},"end":{"line":240,"column":23}},"loc":{"start":{"line":240,"column":37},"end":{"line":265,"column":1}},"line":240},"24":{"name":"(anonymous_24)","decl":{"start":{"line":240,"column":37},"end":{"line":240,"column":38}},"loc":{"start":{"line":240,"column":61},"end":{"line":265,"column":1}},"line":240},"25":{"name":"(anonymous_25)","decl":{"start":{"line":249,"column":10},"end":{"line":249,"column":11}},"loc":{"start":{"line":249,"column":24},"end":{"line":256,"column":5}},"line":249},"26":{"name":"(anonymous_26)","decl":{"start":{"line":257,"column":11},"end":{"line":257,"column":12}},"loc":{"start":{"line":257,"column":22},"end":{"line":264,"column":5}},"line":257},"27":{"name":"(anonymous_27)","decl":{"start":{"line":267,"column":22},"end":{"line":267,"column":23}},"loc":{"start":{"line":267,"column":37},"end":{"line":268,"column":48}},"line":267},"28":{"name":"(anonymous_28)","decl":{"start":{"line":267,"column":37},"end":{"line":267,"column":38}},"loc":{"start":{"line":268,"column":2},"end":{"line":268,"column":48}},"line":268}},"branchMap":{"0":{"loc":{"start":{"line":66,"column":23},"end":{"line":66,"column":32}},"type":"default-arg","locations":[{"start":{"line":66,"column":30},"end":{"line":66,"column":32}}],"line":66},"1":{"loc":{"start":{"line":72,"column":2},"end":{"line":74,"column":3}},"type":"if","locations":[{"start":{"line":72,"column":2},"end":{"line":74,"column":3}},{"start":{"line":72,"column":2},"end":{"line":74,"column":3}}],"line":72},"2":{"loc":{"start":{"line":76,"column":16},"end":{"line":76,"column":32}},"type":"binary-expr","locations":[{"start":{"line":76,"column":16},"end":{"line":76,"column":26}},{"start":{"line":76,"column":30},"end":{"line":76,"column":32}}],"line":76},"3":{"loc":{"start":{"line":119,"column":34},"end":{"line":119,"column":43}},"type":"default-arg","locations":[{"start":{"line":119,"column":41},"end":{"line":119,"column":43}}],"line":119},"4":{"loc":{"start":{"line":125,"column":2},"end":{"line":127,"column":3}},"type":"if","locations":[{"start":{"line":125,"column":2},"end":{"line":127,"column":3}},{"start":{"line":125,"column":2},"end":{"line":127,"column":3}}],"line":125},"5":{"loc":{"start":{"line":129,"column":16},"end":{"line":129,"column":32}},"type":"binary-expr","locations":[{"start":{"line":129,"column":16},"end":{"line":129,"column":26}},{"start":{"line":129,"column":30},"end":{"line":129,"column":32}}],"line":129},"6":{"loc":{"start":{"line":172,"column":22},"end":{"line":172,"column":31}},"type":"default-arg","locations":[{"start":{"line":172,"column":29},"end":{"line":172,"column":31}}],"line":172},"7":{"loc":{"start":{"line":173,"column":15},"end":{"line":173,"column":31}},"type":"binary-expr","locations":[{"start":{"line":173,"column":15},"end":{"line":173,"column":25}},{"start":{"line":173,"column":29},"end":{"line":173,"column":31}}],"line":173},"8":{"loc":{"start":{"line":186,"column":23},"end":{"line":186,"column":32}},"type":"default-arg","locations":[{"start":{"line":186,"column":30},"end":{"line":186,"column":32}}],"line":186},"9":{"loc":{"start":{"line":213,"column":23},"end":{"line":213,"column":32}},"type":"default-arg","locations":[{"start":{"line":213,"column":30},"end":{"line":213,"column":32}}],"line":213},"10":{"loc":{"start":{"line":240,"column":23},"end":{"line":240,"column":32}},"type":"default-arg","locations":[{"start":{"line":240,"column":30},"end":{"line":240,"column":32}}],"line":240},"11":{"loc":{"start":{"line":267,"column":23},"end":{"line":267,"column":32}},"type":"default-arg","locations":[{"start":{"line":267,"column":30},"end":{"line":267,"column":32}}],"line":267}},"s":{"0":0,"1":0,"2":0,"3":0,"4":0,"5":0,"6":0,"7":0,"8":0,"9":0,"10":0,"11":0,"12":0,"13":0,"14":0,"15":0,"16":0,"17":0,"18":0,"19":0,"20":0,"21":0,"22":0,"23":0,"24":0,"25":0,"26":0,"27":0,"28":0,"29":0,"30":0,"31":0,"32":0,"33":0,"34":0,"35":0,"36":0,"37":0,"38":0,"39":0,"40":0,"41":0,"42":0,"43":0,"44":0,"45":0,"46":0,"47":0,"48":0,"49":0,"50":0,"51":0,"52":0,"53":0,"54":0,"55":0,"56":0,"57":0,"58":0,"59":0,"60":0,"61":0,"62":0,"63":0,"64":0,"65":0,"66":0,"67":0,"68":0,"69":0,"70":0,"71":0,"72":0,"73":0,"74":0,"75":0,"76":0,"77":0,"78":0,"79":0,"80":0,"81":0,"82":0,"83":0,"84":0,"85":0,"86":0,"87":0,"88":0,"89":0,"90":0,"91":0,"92":0,"93":0,"94":0,"95":0},"f":{"0":0,"1":0,"2":0,"3":0,"4":0,"5":0,"6":0,"7":0,"8":0,"9":0,"10":0,"11":0,"12":0,"13":0,"14":0,"15":0,"16":0,"17":0,"18":0,"19":0,"20":0,"21":0,"22":0,"23":0,"24":0,"25":0,"26":0,"27":0,"28":0},"b":{"0":[0],"1":[0,0],"2":[0,0],"3":[0],"4":[0,0],"5":[0,0],"6":[0],"7":[0,0],"8":[0],"9":[0],"10":[0],"11":[0]}}
,"/home/kris/Sites/contracts/pure-escapes/pure-escapes-fe/src/actions/companies.js": {"path":"/home/kris/Sites/contracts/pure-escapes/pure-escapes-fe/src/actions/companies.js","statementMap":{"0":{"start":{"line":25,"column":25},"end":{"line":27,"column":1}},"1":{"start":{"line":30,"column":33},"end":{"line":30,"column":52}},"2":{"start":{"line":31,"column":28},"end":{"line":31,"column":42}},"3":{"start":{"line":32,"column":31},"end":{"line":32,"column":48}},"4":{"start":{"line":33,"column":31},"end":{"line":33,"column":48}},"5":{"start":{"line":35,"column":25},"end":{"line":38,"column":2}},"6":{"start":{"line":35,"column":35},"end":{"line":38,"column":1}},"7":{"start":{"line":40,"column":20},"end":{"line":43,"column":2}},"8":{"start":{"line":40,"column":30},"end":{"line":43,"column":1}},"9":{"start":{"line":45,"column":23},"end":{"line":48,"column":2}},"10":{"start":{"line":45,"column":33},"end":{"line":48,"column":1}},"11":{"start":{"line":50,"column":23},"end":{"line":53,"column":2}},"12":{"start":{"line":50,"column":33},"end":{"line":53,"column":1}},"13":{"start":{"line":56,"column":23},"end":{"line":105,"column":1}},"14":{"start":{"line":56,"column":38},"end":{"line":105,"column":1}},"15":{"start":{"line":57,"column":16},"end":{"line":57,"column":26}},"16":{"start":{"line":58,"column":16},"end":{"line":58,"column":35}},"17":{"start":{"line":60,"column":2},"end":{"line":60,"column":21}},"18":{"start":{"line":62,"column":2},"end":{"line":64,"column":3}},"19":{"start":{"line":63,"column":4},"end":{"line":63,"column":22}},"20":{"start":{"line":66,"column":16},"end":{"line":66,"column":32}},"21":{"start":{"line":67,"column":2},"end":{"line":67,"column":20}},"22":{"start":{"line":69,"column":18},"end":{"line":69,"column":36}},"23":{"start":{"line":70,"column":2},"end":{"line":70,"column":46}},"24":{"start":{"line":76,"column":2},"end":{"line":76,"column":35}},"25":{"start":{"line":78,"column":2},"end":{"line":104,"column":7}},"26":{"start":{"line":80,"column":23},"end":{"line":86,"column":8}},"27":{"start":{"line":88,"column":18},"end":{"line":91,"column":7}},"28":{"start":{"line":93,"column":6},"end":{"line":93,"column":48}},"29":{"start":{"line":95,"column":6},"end":{"line":95,"column":35}},"30":{"start":{"line":98,"column":18},"end":{"line":101,"column":7}},"31":{"start":{"line":103,"column":6},"end":{"line":103,"column":43}},"32":{"start":{"line":107,"column":21},"end":{"line":119,"column":1}},"33":{"start":{"line":107,"column":36},"end":{"line":119,"column":1}},"34":{"start":{"line":108,"column":2},"end":{"line":108,"column":32}},"35":{"start":{"line":109,"column":2},"end":{"line":114,"column":4}},"36":{"start":{"line":116,"column":2},"end":{"line":116,"column":17}},"37":{"start":{"line":118,"column":2},"end":{"line":118,"column":40}},"38":{"start":{"line":121,"column":22},"end":{"line":146,"column":1}},"39":{"start":{"line":121,"column":37},"end":{"line":146,"column":1}},"40":{"start":{"line":122,"column":16},"end":{"line":122,"column":26}},"41":{"start":{"line":123,"column":16},"end":{"line":123,"column":35}},"42":{"start":{"line":125,"column":2},"end":{"line":125,"column":21}},"43":{"start":{"line":127,"column":2},"end":{"line":127,"column":35}},"44":{"start":{"line":129,"column":2},"end":{"line":145,"column":7}},"45":{"start":{"line":131,"column":18},"end":{"line":134,"column":7}},"46":{"start":{"line":136,"column":6},"end":{"line":136,"column":40}},"47":{"start":{"line":139,"column":18},"end":{"line":142,"column":7}},"48":{"start":{"line":144,"column":6},"end":{"line":144,"column":43}},"49":{"start":{"line":148,"column":22},"end":{"line":173,"column":1}},"50":{"start":{"line":148,"column":37},"end":{"line":173,"column":1}},"51":{"start":{"line":149,"column":16},"end":{"line":149,"column":26}},"52":{"start":{"line":150,"column":16},"end":{"line":150,"column":35}},"53":{"start":{"line":152,"column":2},"end":{"line":152,"column":21}},"54":{"start":{"line":154,"column":2},"end":{"line":154,"column":35}},"55":{"start":{"line":156,"column":2},"end":{"line":172,"column":7}},"56":{"start":{"line":158,"column":18},"end":{"line":161,"column":7}},"57":{"start":{"line":163,"column":6},"end":{"line":163,"column":40}},"58":{"start":{"line":166,"column":18},"end":{"line":169,"column":7}},"59":{"start":{"line":171,"column":6},"end":{"line":171,"column":43}},"60":{"start":{"line":175,"column":22},"end":{"line":200,"column":1}},"61":{"start":{"line":175,"column":37},"end":{"line":200,"column":1}},"62":{"start":{"line":176,"column":16},"end":{"line":176,"column":26}},"63":{"start":{"line":177,"column":16},"end":{"line":177,"column":35}},"64":{"start":{"line":179,"column":2},"end":{"line":179,"column":21}},"65":{"start":{"line":181,"column":2},"end":{"line":181,"column":35}},"66":{"start":{"line":183,"column":2},"end":{"line":199,"column":7}},"67":{"start":{"line":185,"column":18},"end":{"line":188,"column":7}},"68":{"start":{"line":190,"column":6},"end":{"line":190,"column":40}},"69":{"start":{"line":193,"column":18},"end":{"line":196,"column":7}},"70":{"start":{"line":198,"column":6},"end":{"line":198,"column":43}},"71":{"start":{"line":202,"column":23},"end":{"line":203,"column":49}},"72":{"start":{"line":202,"column":38},"end":{"line":203,"column":49}},"73":{"start":{"line":203,"column":2},"end":{"line":203,"column":49}},"74":{"start":{"line":205,"column":19},"end":{"line":209,"column":1}},"75":{"start":{"line":205,"column":37},"end":{"line":209,"column":1}},"76":{"start":{"line":206,"column":16},"end":{"line":206,"column":26}},"77":{"start":{"line":207,"column":16},"end":{"line":207,"column":35}},"78":{"start":{"line":208,"column":2},"end":{"line":208,"column":54}}},"fnMap":{"0":{"name":"(anonymous_0)","decl":{"start":{"line":35,"column":25},"end":{"line":35,"column":26}},"loc":{"start":{"line":35,"column":35},"end":{"line":38,"column":1}},"line":35},"1":{"name":"(anonymous_1)","decl":{"start":{"line":40,"column":20},"end":{"line":40,"column":21}},"loc":{"start":{"line":40,"column":30},"end":{"line":43,"column":1}},"line":40},"2":{"name":"(anonymous_2)","decl":{"start":{"line":45,"column":23},"end":{"line":45,"column":24}},"loc":{"start":{"line":45,"column":33},"end":{"line":48,"column":1}},"line":45},"3":{"name":"(anonymous_3)","decl":{"start":{"line":50,"column":23},"end":{"line":50,"column":24}},"loc":{"start":{"line":50,"column":33},"end":{"line":53,"column":1}},"line":50},"4":{"name":"(anonymous_4)","decl":{"start":{"line":56,"column":23},"end":{"line":56,"column":24}},"loc":{"start":{"line":56,"column":38},"end":{"line":105,"column":1}},"line":56},"5":{"name":"(anonymous_5)","decl":{"start":{"line":56,"column":38},"end":{"line":56,"column":39}},"loc":{"start":{"line":56,"column":62},"end":{"line":105,"column":1}},"line":56},"6":{"name":"(anonymous_6)","decl":{"start":{"line":79,"column":10},"end":{"line":79,"column":11}},"loc":{"start":{"line":79,"column":24},"end":{"line":96,"column":5}},"line":79},"7":{"name":"(anonymous_7)","decl":{"start":{"line":97,"column":11},"end":{"line":97,"column":12}},"loc":{"start":{"line":97,"column":22},"end":{"line":104,"column":5}},"line":97},"8":{"name":"(anonymous_8)","decl":{"start":{"line":107,"column":21},"end":{"line":107,"column":22}},"loc":{"start":{"line":107,"column":36},"end":{"line":119,"column":1}},"line":107},"9":{"name":"(anonymous_9)","decl":{"start":{"line":107,"column":36},"end":{"line":107,"column":37}},"loc":{"start":{"line":107,"column":50},"end":{"line":119,"column":1}},"line":107},"10":{"name":"(anonymous_10)","decl":{"start":{"line":121,"column":22},"end":{"line":121,"column":23}},"loc":{"start":{"line":121,"column":37},"end":{"line":146,"column":1}},"line":121},"11":{"name":"(anonymous_11)","decl":{"start":{"line":121,"column":37},"end":{"line":121,"column":38}},"loc":{"start":{"line":121,"column":61},"end":{"line":146,"column":1}},"line":121},"12":{"name":"(anonymous_12)","decl":{"start":{"line":130,"column":10},"end":{"line":130,"column":11}},"loc":{"start":{"line":130,"column":24},"end":{"line":137,"column":5}},"line":130},"13":{"name":"(anonymous_13)","decl":{"start":{"line":138,"column":11},"end":{"line":138,"column":12}},"loc":{"start":{"line":138,"column":22},"end":{"line":145,"column":5}},"line":138},"14":{"name":"(anonymous_14)","decl":{"start":{"line":148,"column":22},"end":{"line":148,"column":23}},"loc":{"start":{"line":148,"column":37},"end":{"line":173,"column":1}},"line":148},"15":{"name":"(anonymous_15)","decl":{"start":{"line":148,"column":37},"end":{"line":148,"column":38}},"loc":{"start":{"line":148,"column":61},"end":{"line":173,"column":1}},"line":148},"16":{"name":"(anonymous_16)","decl":{"start":{"line":157,"column":10},"end":{"line":157,"column":11}},"loc":{"start":{"line":157,"column":24},"end":{"line":164,"column":5}},"line":157},"17":{"name":"(anonymous_17)","decl":{"start":{"line":165,"column":11},"end":{"line":165,"column":12}},"loc":{"start":{"line":165,"column":22},"end":{"line":172,"column":5}},"line":165},"18":{"name":"(anonymous_18)","decl":{"start":{"line":175,"column":22},"end":{"line":175,"column":23}},"loc":{"start":{"line":175,"column":37},"end":{"line":200,"column":1}},"line":175},"19":{"name":"(anonymous_19)","decl":{"start":{"line":175,"column":37},"end":{"line":175,"column":38}},"loc":{"start":{"line":175,"column":61},"end":{"line":200,"column":1}},"line":175},"20":{"name":"(anonymous_20)","decl":{"start":{"line":184,"column":10},"end":{"line":184,"column":11}},"loc":{"start":{"line":184,"column":24},"end":{"line":191,"column":5}},"line":184},"21":{"name":"(anonymous_21)","decl":{"start":{"line":192,"column":11},"end":{"line":192,"column":12}},"loc":{"start":{"line":192,"column":22},"end":{"line":199,"column":5}},"line":192},"22":{"name":"(anonymous_22)","decl":{"start":{"line":202,"column":23},"end":{"line":202,"column":24}},"loc":{"start":{"line":202,"column":38},"end":{"line":203,"column":49}},"line":202},"23":{"name":"(anonymous_23)","decl":{"start":{"line":202,"column":38},"end":{"line":202,"column":39}},"loc":{"start":{"line":203,"column":2},"end":{"line":203,"column":49}},"line":203},"24":{"name":"(anonymous_24)","decl":{"start":{"line":205,"column":19},"end":{"line":205,"column":20}},"loc":{"start":{"line":205,"column":37},"end":{"line":209,"column":1}},"line":205},"25":{"name":"(anonymous_25)","decl":{"start":{"line":205,"column":37},"end":{"line":205,"column":38}},"loc":{"start":{"line":205,"column":61},"end":{"line":209,"column":1}},"line":205}},"branchMap":{"0":{"loc":{"start":{"line":56,"column":24},"end":{"line":56,"column":33}},"type":"default-arg","locations":[{"start":{"line":56,"column":31},"end":{"line":56,"column":33}}],"line":56},"1":{"loc":{"start":{"line":62,"column":2},"end":{"line":64,"column":3}},"type":"if","locations":[{"start":{"line":62,"column":2},"end":{"line":64,"column":3}},{"start":{"line":62,"column":2},"end":{"line":64,"column":3}}],"line":62},"2":{"loc":{"start":{"line":66,"column":16},"end":{"line":66,"column":32}},"type":"binary-expr","locations":[{"start":{"line":66,"column":16},"end":{"line":66,"column":26}},{"start":{"line":66,"column":30},"end":{"line":66,"column":32}}],"line":66},"3":{"loc":{"start":{"line":107,"column":22},"end":{"line":107,"column":31}},"type":"default-arg","locations":[{"start":{"line":107,"column":29},"end":{"line":107,"column":31}}],"line":107},"4":{"loc":{"start":{"line":108,"column":15},"end":{"line":108,"column":31}},"type":"binary-expr","locations":[{"start":{"line":108,"column":15},"end":{"line":108,"column":25}},{"start":{"line":108,"column":29},"end":{"line":108,"column":31}}],"line":108},"5":{"loc":{"start":{"line":121,"column":23},"end":{"line":121,"column":32}},"type":"default-arg","locations":[{"start":{"line":121,"column":30},"end":{"line":121,"column":32}}],"line":121},"6":{"loc":{"start":{"line":148,"column":23},"end":{"line":148,"column":32}},"type":"default-arg","locations":[{"start":{"line":148,"column":30},"end":{"line":148,"column":32}}],"line":148},"7":{"loc":{"start":{"line":175,"column":23},"end":{"line":175,"column":32}},"type":"default-arg","locations":[{"start":{"line":175,"column":30},"end":{"line":175,"column":32}}],"line":175},"8":{"loc":{"start":{"line":202,"column":24},"end":{"line":202,"column":33}},"type":"default-arg","locations":[{"start":{"line":202,"column":31},"end":{"line":202,"column":33}}],"line":202}},"s":{"0":0,"1":0,"2":0,"3":0,"4":0,"5":0,"6":0,"7":0,"8":0,"9":0,"10":0,"11":0,"12":0,"13":0,"14":0,"15":0,"16":0,"17":0,"18":0,"19":0,"20":0,"21":0,"22":0,"23":0,"24":0,"25":0,"26":0,"27":0,"28":0,"29":0,"30":0,"31":0,"32":0,"33":0,"34":0,"35":0,"36":0,"37":0,"38":0,"39":0,"40":0,"41":0,"42":0,"43":0,"44":0,"45":0,"46":0,"47":0,"48":0,"49":0,"50":0,"51":0,"52":0,"53":0,"54":0,"55":0,"56":0,"57":0,"58":0,"59":0,"60":0,"61":0,"62":0,"63":0,"64":0,"65":0,"66":0,"67":0,"68":0,"69":0,"70":0,"71":0,"72":0,"73":0,"74":0,"75":0,"76":0,"77":0,"78":0},"f":{"0":0,"1":0,"2":0,"3":0,"4":0,"5":0,"6":0,"7":0,"8":0,"9":0,"10":0,"11":0,"12":0,"13":0,"14":0,"15":0,"16":0,"17":0,"18":0,"19":0,"20":0,"21":0,"22":0,"23":0,"24":0,"25":0},"b":{"0":[0],"1":[0,0],"2":[0,0],"3":[0],"4":[0,0],"5":[0],"6":[0],"7":[0],"8":[0]}}
,"/home/kris/Sites/contracts/pure-escapes/pure-escapes-fe/src/actions/hotels.js": {"path":"/home/kris/Sites/contracts/pure-escapes/pure-escapes-fe/src/actions/hotels.js","statementMap":{"0":{"start":{"line":26,"column":25},"end":{"line":29,"column":1}},"1":{"start":{"line":32,"column":30},"end":{"line":32,"column":46}},"2":{"start":{"line":33,"column":25},"end":{"line":33,"column":36}},"3":{"start":{"line":34,"column":28},"end":{"line":34,"column":42}},"4":{"start":{"line":35,"column":28},"end":{"line":35,"column":42}},"5":{"start":{"line":37,"column":22},"end":{"line":40,"column":2}},"6":{"start":{"line":37,"column":32},"end":{"line":40,"column":1}},"7":{"start":{"line":42,"column":17},"end":{"line":45,"column":2}},"8":{"start":{"line":42,"column":27},"end":{"line":45,"column":1}},"9":{"start":{"line":47,"column":20},"end":{"line":50,"column":2}},"10":{"start":{"line":47,"column":30},"end":{"line":50,"column":1}},"11":{"start":{"line":52,"column":20},"end":{"line":55,"column":2}},"12":{"start":{"line":52,"column":30},"end":{"line":55,"column":1}},"13":{"start":{"line":58,"column":20},"end":{"line":108,"column":1}},"14":{"start":{"line":58,"column":35},"end":{"line":108,"column":1}},"15":{"start":{"line":59,"column":16},"end":{"line":59,"column":26}},"16":{"start":{"line":60,"column":16},"end":{"line":60,"column":35}},"17":{"start":{"line":62,"column":2},"end":{"line":62,"column":21}},"18":{"start":{"line":64,"column":2},"end":{"line":66,"column":3}},"19":{"start":{"line":65,"column":4},"end":{"line":65,"column":22}},"20":{"start":{"line":68,"column":16},"end":{"line":68,"column":32}},"21":{"start":{"line":69,"column":2},"end":{"line":69,"column":20}},"22":{"start":{"line":71,"column":18},"end":{"line":71,"column":36}},"23":{"start":{"line":72,"column":2},"end":{"line":72,"column":46}},"24":{"start":{"line":79,"column":2},"end":{"line":79,"column":32}},"25":{"start":{"line":81,"column":2},"end":{"line":107,"column":7}},"26":{"start":{"line":83,"column":23},"end":{"line":89,"column":8}},"27":{"start":{"line":91,"column":18},"end":{"line":94,"column":7}},"28":{"start":{"line":96,"column":6},"end":{"line":96,"column":45}},"29":{"start":{"line":98,"column":6},"end":{"line":98,"column":35}},"30":{"start":{"line":101,"column":18},"end":{"line":104,"column":7}},"31":{"start":{"line":106,"column":6},"end":{"line":106,"column":40}},"32":{"start":{"line":110,"column":19},"end":{"line":122,"column":1}},"33":{"start":{"line":110,"column":34},"end":{"line":122,"column":1}},"34":{"start":{"line":111,"column":2},"end":{"line":111,"column":32}},"35":{"start":{"line":112,"column":2},"end":{"line":117,"column":4}},"36":{"start":{"line":119,"column":2},"end":{"line":119,"column":17}},"37":{"start":{"line":121,"column":2},"end":{"line":121,"column":37}},"38":{"start":{"line":124,"column":21},"end":{"line":174,"column":1}},"39":{"start":{"line":124,"column":36},"end":{"line":174,"column":1}},"40":{"start":{"line":125,"column":16},"end":{"line":125,"column":26}},"41":{"start":{"line":126,"column":16},"end":{"line":126,"column":35}},"42":{"start":{"line":128,"column":2},"end":{"line":128,"column":21}},"43":{"start":{"line":130,"column":2},"end":{"line":132,"column":3}},"44":{"start":{"line":131,"column":4},"end":{"line":131,"column":22}},"45":{"start":{"line":134,"column":16},"end":{"line":134,"column":32}},"46":{"start":{"line":135,"column":2},"end":{"line":135,"column":20}},"47":{"start":{"line":137,"column":18},"end":{"line":137,"column":36}},"48":{"start":{"line":138,"column":2},"end":{"line":138,"column":46}},"49":{"start":{"line":145,"column":2},"end":{"line":145,"column":32}},"50":{"start":{"line":147,"column":2},"end":{"line":173,"column":7}},"51":{"start":{"line":149,"column":23},"end":{"line":155,"column":8}},"52":{"start":{"line":157,"column":18},"end":{"line":160,"column":7}},"53":{"start":{"line":162,"column":6},"end":{"line":162,"column":45}},"54":{"start":{"line":164,"column":6},"end":{"line":164,"column":35}},"55":{"start":{"line":167,"column":18},"end":{"line":170,"column":7}},"56":{"start":{"line":172,"column":6},"end":{"line":172,"column":40}},"57":{"start":{"line":176,"column":20},"end":{"line":203,"column":1}},"58":{"start":{"line":176,"column":35},"end":{"line":203,"column":1}},"59":{"start":{"line":177,"column":16},"end":{"line":177,"column":26}},"60":{"start":{"line":178,"column":16},"end":{"line":178,"column":35}},"61":{"start":{"line":180,"column":2},"end":{"line":180,"column":21}},"62":{"start":{"line":182,"column":2},"end":{"line":182,"column":32}},"63":{"start":{"line":184,"column":2},"end":{"line":202,"column":7}},"64":{"start":{"line":186,"column":18},"end":{"line":189,"column":7}},"65":{"start":{"line":191,"column":6},"end":{"line":191,"column":30}},"66":{"start":{"line":192,"column":6},"end":{"line":192,"column":22}},"67":{"start":{"line":195,"column":18},"end":{"line":198,"column":7}},"68":{"start":{"line":200,"column":6},"end":{"line":200,"column":33}},"69":{"start":{"line":201,"column":6},"end":{"line":201,"column":19}},"70":{"start":{"line":205,"column":20},"end":{"line":232,"column":1}},"71":{"start":{"line":205,"column":35},"end":{"line":232,"column":1}},"72":{"start":{"line":206,"column":16},"end":{"line":206,"column":26}},"73":{"start":{"line":207,"column":16},"end":{"line":207,"column":35}},"74":{"start":{"line":209,"column":2},"end":{"line":209,"column":21}},"75":{"start":{"line":211,"column":2},"end":{"line":211,"column":32}},"76":{"start":{"line":213,"column":2},"end":{"line":231,"column":7}},"77":{"start":{"line":215,"column":18},"end":{"line":218,"column":7}},"78":{"start":{"line":220,"column":6},"end":{"line":220,"column":30}},"79":{"start":{"line":221,"column":6},"end":{"line":221,"column":22}},"80":{"start":{"line":224,"column":18},"end":{"line":227,"column":7}},"81":{"start":{"line":229,"column":6},"end":{"line":229,"column":33}},"82":{"start":{"line":230,"column":6},"end":{"line":230,"column":19}},"83":{"start":{"line":234,"column":20},"end":{"line":259,"column":1}},"84":{"start":{"line":234,"column":35},"end":{"line":259,"column":1}},"85":{"start":{"line":235,"column":16},"end":{"line":235,"column":26}},"86":{"start":{"line":236,"column":16},"end":{"line":236,"column":35}},"87":{"start":{"line":238,"column":2},"end":{"line":238,"column":21}},"88":{"start":{"line":240,"column":2},"end":{"line":240,"column":32}},"89":{"start":{"line":242,"column":2},"end":{"line":258,"column":7}},"90":{"start":{"line":244,"column":18},"end":{"line":247,"column":7}},"91":{"start":{"line":249,"column":6},"end":{"line":249,"column":37}},"92":{"start":{"line":252,"column":18},"end":{"line":255,"column":7}},"93":{"start":{"line":257,"column":6},"end":{"line":257,"column":40}},"94":{"start":{"line":261,"column":20},"end":{"line":262,"column":46}},"95":{"start":{"line":261,"column":35},"end":{"line":262,"column":46}},"96":{"start":{"line":262,"column":2},"end":{"line":262,"column":46}}},"fnMap":{"0":{"name":"(anonymous_0)","decl":{"start":{"line":37,"column":22},"end":{"line":37,"column":23}},"loc":{"start":{"line":37,"column":32},"end":{"line":40,"column":1}},"line":37},"1":{"name":"(anonymous_1)","decl":{"start":{"line":42,"column":17},"end":{"line":42,"column":18}},"loc":{"start":{"line":42,"column":27},"end":{"line":45,"column":1}},"line":42},"2":{"name":"(anonymous_2)","decl":{"start":{"line":47,"column":20},"end":{"line":47,"column":21}},"loc":{"start":{"line":47,"column":30},"end":{"line":50,"column":1}},"line":47},"3":{"name":"(anonymous_3)","decl":{"start":{"line":52,"column":20},"end":{"line":52,"column":21}},"loc":{"start":{"line":52,"column":30},"end":{"line":55,"column":1}},"line":52},"4":{"name":"(anonymous_4)","decl":{"start":{"line":58,"column":20},"end":{"line":58,"column":21}},"loc":{"start":{"line":58,"column":35},"end":{"line":108,"column":1}},"line":58},"5":{"name":"(anonymous_5)","decl":{"start":{"line":58,"column":35},"end":{"line":58,"column":36}},"loc":{"start":{"line":58,"column":59},"end":{"line":108,"column":1}},"line":58},"6":{"name":"(anonymous_6)","decl":{"start":{"line":82,"column":10},"end":{"line":82,"column":11}},"loc":{"start":{"line":82,"column":24},"end":{"line":99,"column":5}},"line":82},"7":{"name":"(anonymous_7)","decl":{"start":{"line":100,"column":11},"end":{"line":100,"column":12}},"loc":{"start":{"line":100,"column":22},"end":{"line":107,"column":5}},"line":100},"8":{"name":"(anonymous_8)","decl":{"start":{"line":110,"column":19},"end":{"line":110,"column":20}},"loc":{"start":{"line":110,"column":34},"end":{"line":122,"column":1}},"line":110},"9":{"name":"(anonymous_9)","decl":{"start":{"line":110,"column":34},"end":{"line":110,"column":35}},"loc":{"start":{"line":110,"column":48},"end":{"line":122,"column":1}},"line":110},"10":{"name":"(anonymous_10)","decl":{"start":{"line":124,"column":21},"end":{"line":124,"column":22}},"loc":{"start":{"line":124,"column":36},"end":{"line":174,"column":1}},"line":124},"11":{"name":"(anonymous_11)","decl":{"start":{"line":124,"column":36},"end":{"line":124,"column":37}},"loc":{"start":{"line":124,"column":60},"end":{"line":174,"column":1}},"line":124},"12":{"name":"(anonymous_12)","decl":{"start":{"line":148,"column":10},"end":{"line":148,"column":11}},"loc":{"start":{"line":148,"column":24},"end":{"line":165,"column":5}},"line":148},"13":{"name":"(anonymous_13)","decl":{"start":{"line":166,"column":11},"end":{"line":166,"column":12}},"loc":{"start":{"line":166,"column":22},"end":{"line":173,"column":5}},"line":166},"14":{"name":"(anonymous_14)","decl":{"start":{"line":176,"column":20},"end":{"line":176,"column":21}},"loc":{"start":{"line":176,"column":35},"end":{"line":203,"column":1}},"line":176},"15":{"name":"(anonymous_15)","decl":{"start":{"line":176,"column":35},"end":{"line":176,"column":36}},"loc":{"start":{"line":176,"column":59},"end":{"line":203,"column":1}},"line":176},"16":{"name":"(anonymous_16)","decl":{"start":{"line":185,"column":10},"end":{"line":185,"column":11}},"loc":{"start":{"line":185,"column":24},"end":{"line":193,"column":5}},"line":185},"17":{"name":"(anonymous_17)","decl":{"start":{"line":194,"column":11},"end":{"line":194,"column":12}},"loc":{"start":{"line":194,"column":22},"end":{"line":202,"column":5}},"line":194},"18":{"name":"(anonymous_18)","decl":{"start":{"line":205,"column":20},"end":{"line":205,"column":21}},"loc":{"start":{"line":205,"column":35},"end":{"line":232,"column":1}},"line":205},"19":{"name":"(anonymous_19)","decl":{"start":{"line":205,"column":35},"end":{"line":205,"column":36}},"loc":{"start":{"line":205,"column":59},"end":{"line":232,"column":1}},"line":205},"20":{"name":"(anonymous_20)","decl":{"start":{"line":214,"column":10},"end":{"line":214,"column":11}},"loc":{"start":{"line":214,"column":24},"end":{"line":222,"column":5}},"line":214},"21":{"name":"(anonymous_21)","decl":{"start":{"line":223,"column":11},"end":{"line":223,"column":12}},"loc":{"start":{"line":223,"column":22},"end":{"line":231,"column":5}},"line":223},"22":{"name":"(anonymous_22)","decl":{"start":{"line":234,"column":20},"end":{"line":234,"column":21}},"loc":{"start":{"line":234,"column":35},"end":{"line":259,"column":1}},"line":234},"23":{"name":"(anonymous_23)","decl":{"start":{"line":234,"column":35},"end":{"line":234,"column":36}},"loc":{"start":{"line":234,"column":59},"end":{"line":259,"column":1}},"line":234},"24":{"name":"(anonymous_24)","decl":{"start":{"line":243,"column":10},"end":{"line":243,"column":11}},"loc":{"start":{"line":243,"column":24},"end":{"line":250,"column":5}},"line":243},"25":{"name":"(anonymous_25)","decl":{"start":{"line":251,"column":11},"end":{"line":251,"column":12}},"loc":{"start":{"line":251,"column":22},"end":{"line":258,"column":5}},"line":251},"26":{"name":"(anonymous_26)","decl":{"start":{"line":261,"column":20},"end":{"line":261,"column":21}},"loc":{"start":{"line":261,"column":35},"end":{"line":262,"column":46}},"line":261},"27":{"name":"(anonymous_27)","decl":{"start":{"line":261,"column":35},"end":{"line":261,"column":36}},"loc":{"start":{"line":262,"column":2},"end":{"line":262,"column":46}},"line":262}},"branchMap":{"0":{"loc":{"start":{"line":58,"column":21},"end":{"line":58,"column":30}},"type":"default-arg","locations":[{"start":{"line":58,"column":28},"end":{"line":58,"column":30}}],"line":58},"1":{"loc":{"start":{"line":64,"column":2},"end":{"line":66,"column":3}},"type":"if","locations":[{"start":{"line":64,"column":2},"end":{"line":66,"column":3}},{"start":{"line":64,"column":2},"end":{"line":66,"column":3}}],"line":64},"2":{"loc":{"start":{"line":68,"column":16},"end":{"line":68,"column":32}},"type":"binary-expr","locatio
[...]
,"/home/kris/Sites/contracts/pure-escapes/pure-escapes-fe/src/selectors/rooms.js": {"path":"/home/kris/Sites/contracts/pure-escapes/pure-escapes-fe/src/selectors/rooms.js","statementMap":{"0":{"start":{"line":19,"column":14},"end":{"line":19,"column":21}},"1":{"start":{"line":21,"column":17},"end":{"line":22,"column":38}},"2":{"start":{"line":22,"column":2},"end":{"line":22,"column":38}},"3":{"start":{"line":24,"column":16},"end":{"line":25,"column":38}},"4":{"start":{"line":25,"column":2},"end":{"line":25,"column":38}}},"fnMap":{"0":{"name":"(anonymous_0)","decl":{"start":{"line":21,"column":17},"end":{"line":21,"column":18}},"loc":{"start":{"line":22,"column":2},"end":{"line":22,"column":38}},"line":22},"1":{"name":"(anonymous_1)","decl":{"start":{"line":24,"column":16},"end":{"line":24,"column":17}},"loc":{"start":{"line":25,"column":2},"end":{"line":25,"column":38}},"line":25}},"branchMap":{"0":{"loc":{"start":{"line":21,"column":25},"end":{"line":21,"column":37}},"type":"default-arg","locations":[{"start":{"line":21,"column":35},"end":{"line":21,"column":37}}],"line":21}},"s":{"0":0,"1":0,"2":0,"3":0,"4":0},"f":{"0":0,"1":0},"b":{"0":[0]}}
,"/home/kris/Sites/contracts/pure-escapes/pure-escapes-fe/src/selectors/salesRepresentatives.js": {"path":"/home/kris/Sites/contracts/pure-escapes/pure-escapes-fe/src/selectors/salesRepresentatives.js","statementMap":{"0":{"start":{"line":19,"column":14},"end":{"line":19,"column":36}},"1":{"start":{"line":21,"column":32},"end":{"line":22,"column":38}},"2":{"start":{"line":22,"column":2},"end":{"line":22,"column":38}},"3":{"start":{"line":24,"column":31},"end":{"line":25,"column":38}},"4":{"start":{"line":25,"column":2},"end":{"line":25,"column":38}}},"fnMap":{"0":{"name":"(anonymous_0)","decl":{"start":{"line":21,"column":32},"end":{"line":21,"column":33}},"loc":{"start":{"line":22,"column":2},"end":{"line":22,"column":38}},"line":22},"1":{"name":"(anonymous_1)","decl":{"start":{"line":24,"column":31},"end":{"line":24,"column":32}},"loc":{"start":{"line":25,"column":2},"end":{"line":25,"column":38}},"line":25}},"branchMap":{"0":{"loc":{"start":{"line":21,"column":40},"end":{"line":21,"column":52}},"type":"default-arg","locations":[{"start":{"line":21,"column":50},"end":{"line":21,"column":52}}],"line":21}},"s":{"0":0,"1":0,"2":0,"3":0,"4":0},"f":{"0":0,"1":0},"b":{"0":[0]}}
,"/home/kris/Sites/contracts/pure-escapes/pure-escapes-fe/src/selectors/travelAgents.js": {"path":"/home/kris/Sites/contracts/pure-escapes/pure-escapes-fe/src/selectors/travelAgents.js","statementMap":{"0":{"start":{"line":19,"column":14},"end":{"line":19,"column":28}},"1":{"start":{"line":21,"column":24},"end":{"line":22,"column":38}},"2":{"start":{"line":22,"column":2},"end":{"line":22,"column":38}},"3":{"start":{"line":24,"column":23},"end":{"line":25,"column":38}},"4":{"start":{"line":25,"column":2},"end":{"line":25,"column":38}}},"fnMap":{"0":{"name":"(anonymous_0)","decl":{"start":{"line":21,"column":24},"end":{"line":21,"column":25}},"loc":{"start":{"line":22,"column":2},"end":{"line":22,"column":38}},"line":22},"1":{"name":"(anonymous_1)","decl":{"start":{"line":24,"column":23},"end":{"line":24,"column":24}},"loc":{"start":{"line":25,"column":2},"end":{"line":25,"column":38}},"line":25}},"branchMap":{"0":{"loc":{"start":{"line":21,"column":32},"end":{"line":21,"column":44}},"type":"default-arg","locations":[{"start":{"line":21,"column":42},"end":{"line":21,"column":44}}],"line":21}},"s":{"0":0,"1":0,"2":0,"3":0,"4":0},"f":{"0":0,"1":0},"b":{"0":[0]}}
,"/home/kris/Sites/contracts/pure-escapes/pure-escapes-fe/src/selectors/users.js": {"path":"/home/kris/Sites/contracts/pure-escapes/pure-escapes-fe/src/selectors/users.js","statementMap":{"0":{"start":{"line":19,"column":14},"end":{"line":19,"column":21}},"1":{"start":{"line":21,"column":17},"end":{"line":22,"column":38}},"2":{"start":{"line":22,"column":2},"end":{"line":22,"column":38}},"3":{"start":{"line":24,"column":16},"end":{"line":25,"column":38}},"4":{"start":{"line":25,"column":2},"end":{"line":25,"column":38}}},"fnMap":{"0":{"name":"(anonymous_0)","decl":{"start":{"line":21,"column":17},"end":{"line":21,"column":18}},"loc":{"start":{"line":22,"column":2},"end":{"line":22,"column":38}},"line":22},"1":{"name":"(anonymous_1)","decl":{"start":{"line":24,"column":16},"end":{"line":24,"column":17}},"loc":{"start":{"line":25,"column":2},"end":{"line":25,"column":38}},"line":25}},"branchMap":{"0":{"loc":{"start":{"line":21,"column":25},"end":{"line":21,"column":37}},"type":"default-arg","locations":[{"start":{"line":21,"column":35},"end":{"line":21,"column":37}}],"line":21}},"s":{"0":0,"1":0,"2":0,"3":0,"4":0},"f":{"0":0,"1":0},"b":{"0":[0]}}
,"/home/kris/Sites/contracts/pure-escapes/pure-escapes-fe/src/selectors/utils/index.js": {"path":"/home/kris/Sites/contracts/pure-escapes/pure-escapes-fe/src/selectors/utils/index.js","statementMap":{"0":{"start":{"line":17,"column":16},"end":{"line":35,"column":1}},"1":{"start":{"line":21,"column":20},"end":{"line":21,"column":24}},"2":{"start":{"line":23,"column":16},"end":{"line":23,"column":28}},"3":{"start":{"line":24,"column":2},"end":{"line":26,"column":3}},"4":{"start":{"line":25,"column":4},"end":{"line":25,"column":14}},"5":{"start":{"line":29,"column":15},"end":{"line":29,"column":25}},"6":{"start":{"line":30,"column":15},"end":{"line":32,"column":23}},"7":{"start":{"line":31,"column":18},"end":{"line":31,"column":26}},"8":{"start":{"line":31,"column":43},"end":{"line":31,"column":49}},"9":{"start":{"line":34,"column":2},"end":{"line":34,"column":32}},"10":{"start":{"line":37,"column":16},"end":{"line":51,"column":1}},"11":{"start":{"line":41,"column":20},"end":{"line":41,"column":24}},"12":{"start":{"line":43,"column":16},"end":{"line":43,"column":28}},"13":{"start":{"line":44,"column":2},"end":{"line":46,"column":3}},"14":{"start":{"line":45,"column":4},"end":{"line":45,"column":21}},"15":{"start":{"line":48,"column":15},"end":{"line":48,"column":30}},"16":{"start":{"line":49,"column":2},"end":{"line":50,"column":21}}},"fnMap":{"0":{"name":"(anonymous_0)","decl":{"start":{"line":17,"column":16},"end":{"line":17,"column":17}},"loc":{"start":{"line":22,"column":6},"end":{"line":35,"column":1}},"line":22},"1":{"name":"(anonymous_1)","decl":{"start":{"line":21,"column":14},"end":{"line":21,"column":15}},"loc":{"start":{"line":21,"column":20},"end":{"line":21,"column":24}},"line":21},"2":{"name":"(anonymous_2)","decl":{"start":{"line":31,"column":12},"end":{"line":31,"column":13}},"loc":{"start":{"line":31,"column":18},"end":{"line":31,"column":26}},"line":31},"3":{"name":"(anonymous_3)","decl":{"start":{"line":31,"column":35},"end":{"line":31,"column":36}},"loc":{"start":{"line":31,"column":43},"end":{"line":31,"column":49}},"line":31},"4":{"name":"(anonymous_4)","decl":{"start":{"line":37,"column":16},"end":{"line":37,"column":17}},"loc":{"start":{"line":42,"column":6},"end":{"line":51,"column":1}},"line":42},"5":{"name":"(anonymous_5)","decl":{"start":{"line":41,"column":14},"end":{"line":41,"column":15}},"loc":{"start":{"line":41,"column":20},"end":{"line":41,"column":24}},"line":41}},"branchMap":{"0":{"loc":{"start":{"line":21,"column":2},"end":{"line":21,"column":24}},"type":"default-arg","locations":[{"start":{"line":21,"column":14},"end":{"line":21,"column":24}}],"line":21},"1":{"loc":{"start":{"line":24,"column":2},"end":{"line":26,"column":3}},"type":"if","locations":[{"start":{"line":24,"column":2},"end":{"line":26,"column":3}},{"start":{"line":24,"column":2},"end":{"line":26,"column":3}}],"line":24},"2":{"loc":{"start":{"line":30,"column":15},"end":{"line":32,"column":23}},"type":"cond-expr","locations":[{"start":{"line":31,"column":4},"end":{"line":31,"column":50}},{"start":{"line":32,"column":4},"end":{"line":32,"column":23}}],"line":30},"3":{"loc":{"start":{"line":41,"column":2},"end":{"line":41,"column":24}},"type":"default-arg","locations":[{"start":{"line":41,"column":14},"end":{"line":41,"column":24}}],"line":41},"4":{"loc":{"start":{"line":44,"column":2},"end":{"line":46,"column":3}},"type":"if","locations":[{"start":{"line":44,"column":2},"end":{"line":46,"column":3}},{"start":{"line":44,"column":2},"end":{"line":46,"column":3}}],"line":44},"5":{"loc":{"start":{"line":49,"column":9},"end":{"line":50,"column":20}},"type":"cond-expr","locations":[{"start":{"line":50,"column":4},"end":{"line":50,"column":8}},{"start":{"line":50,"column":11},"end":{"line":50,"column":20}}],"line":49}},"s":{"0":1,"1":8,"2":6,"3":6,"4":1,"5":5,"6":5,"7":2,"8":2,"9":5,"10":1,"11":1,"12":3,"13":3,"14":1,"15":2,"16":2},"f":{"0":6,"1":8,"2":2,"3":2,"4":3,"5":1},"b":{"0":[5],"1":[1,5],"2":[2,3],"3":[2],"4":[1,2],"5":[1,1]},"_coverageSchema":"43e27e138ebf9cfc5966b082cf9a028302ed4184","hash":"b6da83a0b46758b3eed3be165e67a39550c75163"}
,"/home/kris/Sites/contracts/pure-escapes/pure-escapes-fe/src/server/app.js": {"path":"/home/kris/Sites/contracts/pure-escapes/pure-escapes-fe/src/server/app.js","statementMap":{"0":{"start":{"line":18,"column":16},"end":{"line":18,"column":34}},"1":{"start":{"line":19,"column":13},"end":{"line":19,"column":28}},"2":{"start":{"line":21,"column":14},"end":{"line":21,"column":32}},"3":{"start":{"line":23,"column":12},"end":{"line":23,"column":21}},"4":{"start":{"line":26,"column":0},"end":{"line":26,"column":70}},"5":{"start":{"line":29,"column":0},"end":{"line":29,"column":11}},"6":{"start":{"line":32,"column":0},"end":{"line":34,"column":3}},"7":{"start":{"line":33,"column":2},"end":{"line":33,"column":80}},"8":{"start":{"line":36,"column":0},"end":{"line":36,"column":21}}},"fnMap":{"0":{"name":"(anonymous_0)","decl":{"start":{"line":32,"column":13},"end":{"line":32,"column":14}},"loc":{"start":{"line":32,"column":36},"end":{"line":34,"column":1}},"line":32}},"branchMap":{},"s":{"0":0,"1":0,"2":0,"3":0,"4":0,"5":0,"6":0,"7":0,"8":0},"f":{"0":0},"b":{}}
,"/home/kris/Sites/contracts/pure-escapes/pure-escapes-fe/src/server/index.js": {"path":"/home/kris/Sites/contracts/pure-escapes/pure-escapes-fe/src/server/index.js","statementMap":{"0":{"start":{"line":18,"column":0},"end":{"line":18,"column":27}},"1":{"start":{"line":21,"column":12},"end":{"line":21,"column":28}},"2":{"start":{"line":24,"column":13},"end":{"line":24,"column":37}},"3":{"start":{"line":26,"column":0},"end":{"line":29,"column":3}},"4":{"start":{"line":28,"column":2},"end":{"line":28,"column":48}}},"fnMap":{"0":{"name":"(anonymous_0)","decl":{"start":{"line":26,"column":17},"end":{"line":26,"column":18}},"loc":{"start":{"line":26,"column":23},"end":{"line":29,"column":1}},"line":26}},"branchMap":{"0":{"loc":{"start":{"line":24,"column":13},"end":{"line":24,"column":37}},"type":"binary-expr","locations":[{"start":{"line":24,"column":13},"end":{"line":24,"column":29}},{"start":{"line":24,"column":33},"end":{"line":24,"column":37}}],"line":24}},"s":{"0":0,"1":0,"2":0,"3":0,"4":0},"f":{"0":0},"b":{"0":[0,0]}}
,"/home/kris/Sites/contracts/pure-escapes/pure-escapes-fe/src/server/proxy.js": {"path":"/home/kris/Sites/contracts/pure-escapes/pure-escapes-fe/src/server/proxy.js","statementMap":{"0":{"start":{"line":17,"column":14},"end":{"line":17,"column":46}},"1":{"start":{"line":18,"column":20},"end":{"line":18,"column":49}},"2":{"start":{"line":21,"column":0},"end":{"line":38,"column":2}},"3":{"start":{"line":22,"column":22},"end":{"line":22,"column":45}},"4":{"start":{"line":24,"column":2},"end":{"line":37,"column":5}},"5":{"start":{"line":25,"column":23},"end":{"line":25,"column":42}},"6":{"start":{"line":26,"column":4},"end":{"line":28,"column":5}},"7":{"start":{"line":27,"column":6},"end":{"line":27,"column":13}},"8":{"start":{"line":31,"column":4},"end":{"line":31,"column":59}},"9":{"start":{"line":34,"column":4},"end":{"line":34,"column":69}},"10":{"start":{"line":36,"column":4},"end":{"line":36,"column":42}}},"fnMap":{"0":{"name":"(anonymous_0)","decl":{"start":{"line":21,"column":17},"end":{"line":21,"column":18}},"loc":{"start":{"line":21,"column":29},"end":{"line":38,"column":1}},"line":21},"1":{"name":"(anonymous_1)","decl":{"start":{"line":24,"column":35},"end":{"line":24,"column":36}},"loc":{"start":{"line":24,"column":47},"end":{"line":37,"column":3}},"line":24}},"branchMap":{"0":{"loc":{"start":{"line":22,"column":22},"end":{"line":22,"column":45}},"type":"binary-expr","locations":[{"start":{"line":22,"column":22},"end":{"line":22,"column":39}},{"start":{"line":22,"column":43},"end":{"line":22,"column":45}}],"line":22},"1":{"loc":{"start":{"line":26,"column":4},"end":{"line":28,"column":5}},"type":"if","locations":[{"start":{"line":26,"column":4},"end":{"line":28,"column":5}},{"start":{"line":26,"column":4},"end":{"line":28,"column":5}}],"line":26}},"s":{"0":0,"1":0,"2":0,"3":0,"4":0,"5":0,"6":0,"7":0,"8":0,"9":0,"10":0},"f":{"0":0,"1":0},"b":{"0":[0,0],"1":[0,0]}}
,"/home/kris/Sites/contracts/pure-escapes/pure-escapes-fe/src/store/index.js": {"path":"/home/kris/Sites/contracts/pure-escapes/pure-escapes-fe/src/store/index.js","statementMap":{"0":{"start":{"line":28,"column":27},"end":{"line":30,"column":1}},"1":{"start":{"line":35,"column":0},"end":{"line":38,"column":1}},"2":{"start":{"line":36,"column":2},"end":{"line":37,"column":67}},"3":{"start":{"line":41,"column":26},"end":{"line":41,"column":56}},"4":{"start":{"line":43,"column":14},"end":{"line":46,"column":1}}},"fnMap":{},"branchMap":{"0":{"loc":{"start":{"line":35,"column":0},"end":{"line":38,"column":1}},"type":"if","locations":[{"start":{"line":35,"column":0},"end":{"line":38,"column":1}},{"start":{"line":35,"column":0},"end":{"line":38,"column":1}}],"line":35},"1":{"loc":{"start":{"line":36,"column":2},"end":{"line":37,"column":66}},"type":"binary-expr","locations":[{"start":{"line":36,"column":2},"end":{"line":36,"column":37}},{"start":{"line":37,"column":4},"end":{"line":37,"column":66}}],"line":36}},"s":{"0":0,"1":0,"2":0,"3":0,"4":0},"f":{},"b":{"0":[0,0],"1":[0,0]}}
,"/home/kris/Sites/contracts/pure-escapes/pure-escapes-fe/src/stories/index.js": {"path":"/home/kris/Sites/contracts/pure-escapes/pure-escapes-fe/src/stories/index.js","statementMap":{},"fnMap":{},"branchMap":{},"s":{},"f":{},"b":{}}
,"/home/kris/Sites/contracts/pure-escapes/pure-escapes-fe/src/stories/upload.story.js": {"path":"/home/kris/Sites/contracts/pure-escapes/pure-escapes-fe/src/stories/upload.story.js","statementMap":{"0":{"start":{"line":6,"column":0},"end":{"line":12,"column":5}},"1":{"start":{"line":8,"column":4},"end":{"line":8,"column":70}},"2":{"start":{"line":11,"column":4},"end":{"line":11,"column":18}}},"fnMap":{"0":{"name":"(anonymous_0)","decl":{"start":{"line":7,"column":20},"end":{"line":7,"column":21}},"loc":{"start":{"line":8,"column":4},"end":{"line":8,"column":70}},"line":8},"1":{"name":"(anonymous_1)","decl":{"start":{"line":10,"column":26},"end":{"line":10,"column":27}},"loc":{"start":{"line":11,"column":4},"end":{"line":11,"column":18}},"line":11}},"branchMap":{},"s":{"0":0,"1":0,"2":0},"f":{"0":0,"1":0},"b":{}}
,"/home/kris/Sites/contracts/pure-escapes/pure-escapes-fe/src/styles/colors.js": {"path":"/home/kris/Sites/contracts/pure-escapes/pure-escapes-fe/src/styles/colors.js","statementMap":{},"fnMap":{},"branchMap":{},"s":{},"f":{},"b":{}}
,"/home/kris/Sites/contracts/pure-escapes/pure-escapes-fe/src/styles/index.js": {"path":"/home/kris/Sites/contracts/pure-escapes/pure-escapes-fe/src/styles/index.js","statementMap":{},"fnMap":{},"branchMap":{},"s":{},"f":{},"b":{}}
,"/home/kris/Sites/contracts/pure-escapes/pure-escapes-fe/src/styles/typography.js": {"path":"/home/kris/Sites/contracts/pure-escapes/pure-escapes-fe/src/styles/typography.js","statementMap":{"0":{"start":{"line":8,"column":11},"end":{"line":14,"column":1}},"1":{"start":{"line":8,"column":17},"end":{"line":14,"column":1}},"2":{"start":{"line":16,"column":11},"end":{"line":22,"column":1}},"3":{"start":{"line":16,"column":17},"end":{"line":22,"column":1}},"4":{"start":{"line":24,"column":11},"end":{"line":30,"column":1}},"5":{"start":{"line":24,"column":17},"end":{"line":30,"column":1}},"6":{"start":{"line":32,"column":11},"end":{"line":38,"column":1}},"7":{"start":{"line":32,"column":17},"end":{"line":38,"column":1}},"8":{"start":{"line":40,"column":11},"end":{"line":46,"column":1}},"9":{"start":{"line":40,"column":17},"end":{"line":46,"column":1}},"10":{"start":{"line":48,"column":11},"end":{"line":54,"column":1}},"11":{"start":{"line":48,"column":17},"end":{"line":54,"column":1}},"12":{"start":{"line":56,"column":11},"end":{"line":62,"column":1}},"13":{"start":{"line":56,"column":17},"end":{"line":62,"column":1}},"14":{"start":{"line":64,"column":11},"end":{"line":70,"column":1}},"15":{"start":{"line":64,"column":17},"end":{"line":70,"column":1}}},"fnMap":{"0":{"name":"(anonymous_0)","decl":{"start":{"line":8,"column":11},"end":{"line":8,"column":12}},"loc":{"start":{"line":8,"column":17},"end":{"line":14,"column":1}},"line":8},"1":{"name":"(anonymous_1)","decl":{"start":{"line":16,"column":11},"end":{"line":16,"column":12}},"loc":{"start":{"line":16,"column":17},"end":{"line":22,"column":1}},"line":16},"2":{"name":"(anonymous_2)","decl":{"start":{"line":24,"column":11},"end":{"line":24,"column":12}},"loc":{"start":{"line":24,"column":17},"end":{"line":30,"column":1}},"line":24},"3":{"name":"(anonymous_3)","decl":{"start":{"line":32,"column":11},"end":{"line":32,"column":12}},"loc":{"start":{"line":32,"column":17},"end":{"line":38,"column":1}},"line":32},"4":{"name":"(anonymous_4)","decl":{"start":{"line":40,"column":11},"end":{"line":40,"column":12}},"loc":{"start":{"line":40,"column":17},"end":{"line":46,"column":1}},"line":40},"5":{"name":"(anonymous_5)","decl":{"start":{"line":48,"column":11},"end":{"line":48,"column":12}},"loc":{"start":{"line":48,"column":17},"end":{"line":54,"column":1}},"line":48},"6":{"name":"(anonymous_6)","decl":{"start":{"line":56,"column":11},"end":{"line":56,"column":12}},"loc":{"start":{"line":56,"column":17},"end":{"line":62,"column":1}},"line":56},"7":{"name":"(anonymous_7)","decl":{"start":{"line":64,"column":11},"end":{"line":64,"column":12}},"loc":{"start":{"line":64,"column":17},"end":{"line":70,"column":1}},"line":64}},"branchMap":{},"s":{"0":0,"1":0,"2":0,"3":0,"4":0,"5":0,"6":0,"7":0,"8":0,"9":0,"10":0,"11":0,"12":0,"13":0,"14":0,"15":0},"f":{"0":0,"1":0,"2":0,"3":0,"4":0,"5":0,"6":0,"7":0},"b":{}}
}
