TN:
SF:/home/kris/Sites/contracts/pure-escapes/pure-escapes-fe/src/registerServiceWorker.js
FN:33,register
FN:44,(anonymous_1)
FN:53,(anonymous_2)
FN:66,registerValidSW
FN:69,(anonymous_4)
FN:70,(anonymous_5)
FN:72,(anonymous_6)
FN:94,(anonymous_7)
FN:100,checkValidServiceWorker
FN:103,(anonymous_9)
FN:110,(anonymous_10)
FN:111,(anonymous_11)
FN:120,(anonymous_12)
FN:126,unregister
FN:128,(anonymous_14)
FNF:15
FNH:0
FNDA:0,register
FNDA:0,(anonymous_1)
FNDA:0,(anonymous_2)
FNDA:0,registerValidSW
FNDA:0,(anonymous_4)
FNDA:0,(anonymous_5)
FNDA:0,(anonymous_6)
FNDA:0,(anonymous_7)
FNDA:0,checkValidServiceWorker
FNDA:0,(anonymous_9)
FNDA:0,(anonymous_10)
FNDA:0,(anonymous_11)
FNDA:0,(anonymous_12)
FNDA:0,unregister
FNDA:0,(anonymous_14)
DA:27,0
DA:34,0
DA:36,0
DA:37,0
DA:41,0
DA:44,0
DA:45,0
DA:47,0
DA:49,0
DA:53,0
DA:55,0
DA:60,0
DA:67,0
DA:70,0
DA:71,0
DA:72,0
DA:73,0
DA:74,0
DA:81,0
DA:88,0
DA:96,0
DA:102,0
DA:105,0
DA:110,0
DA:111,0
DA:112,0
DA:117,0
DA:122,0
DA:127,0
DA:128,0
DA:129,0
LF:31
LH:0
BRDA:27,0,0,0
BRDA:27,0,1,0
BRDA:27,0,2,0
BRDA:34,1,0,0
BRDA:34,1,1,0
BRDA:34,2,0,0
BRDA:34,2,1,0
BRDA:37,3,0,0
BRDA:37,3,1,0
BRDA:47,4,0,0
BRDA:47,4,1,0
BRDA:73,5,0,0
BRDA:73,5,1,0
BRDA:74,6,0,0
BRDA:74,6,1,0
BRDA:105,7,0,0
BRDA:105,7,1,0
BRDA:106,8,0,0
BRDA:106,8,1,0
BRDA:127,9,0,0
BRDA:127,9,1,0
BRF:21
BRH:0
end_of_record
TN:
SF:/home/kris/Sites/contracts/pure-escapes/pure-escapes-fe/src/utils.js
FN:5,(anonymous_0)
FN:33,(anonymous_1)
FN:53,(anonymous_2)
FNF:3
FNH:0
FNDA:0,(anonymous_0)
FNDA:0,(anonymous_1)
FNDA:0,(anonymous_2)
DA:5,0
DA:10,0
DA:11,0
DA:12,0
DA:13,0
DA:14,0
DA:15,0
DA:17,0
DA:19,0
DA:22,0
DA:23,0
DA:24,0
DA:25,0
DA:27,0
DA:30,0
DA:33,0
DA:34,0
DA:36,0
DA:37,0
DA:38,0
DA:39,0
DA:40,0
DA:41,0
DA:42,0
DA:44,0
DA:45,0
DA:48,0
DA:49,0
DA:53,0
DA:54,0
DA:55,0
DA:56,0
DA:57,0
DA:58,0
DA:60,0
LF:35
LH:0
BRDA:22,0,0,0
BRDA:22,0,1,0
BRDA:24,1,0,0
BRDA:24,1,1,0
BRDA:34,2,0,0
BRDA:34,2,1,0
BRDA:42,3,0,0
BRDA:42,3,1,0
BRF:8
BRH:0
end_of_record
TN:
SF:/home/kris/Sites/contracts/pure-escapes/pure-escapes-fe/src/actions/auth.js
FN:11,(anonymous_0)
FN:16,(anonymous_1)
FN:29,(anonymous_2)
FN:38,(anonymous_3)
FN:43,(anonymous_4)
FN:43,(anonymous_5)
FN:46,(anonymous_6)
FN:49,(anonymous_7)
FN:55,(anonymous_8)
FN:55,(anonymous_9)
FN:59,(anonymous_10)
FN:59,(anonymous_11)
FN:73,(anonymous_12)
FN:73,(anonymous_13)
FN:78,(anonymous_14)
FN:78,(anonymous_15)
FNF:16
FNH:0
FNDA:0,(anonymous_0)
FNDA:0,(anonymous_1)
FNDA:0,(anonymous_2)
FNDA:0,(anonymous_3)
FNDA:0,(anonymous_4)
FNDA:0,(anonymous_5)
FNDA:0,(anonymous_6)
FNDA:0,(anonymous_7)
FNDA:0,(anonymous_8)
FNDA:0,(anonymous_9)
FNDA:0,(anonymous_10)
FNDA:0,(anonymous_11)
FNDA:0,(anonymous_12)
FNDA:0,(anonymous_13)
FNDA:0,(anonymous_14)
FNDA:0,(anonymous_15)
DA:3,0
DA:4,0
DA:5,0
DA:6,0
DA:9,0
DA:11,0
DA:16,0
DA:19,0
DA:20,0
DA:23,0
DA:29,0
DA:30,0
DA:32,0
DA:38,0
DA:43,0
DA:44,0
DA:46,0
DA:47,0
DA:48,0
DA:50,0
DA:51,0
DA:55,0
DA:56,0
DA:59,0
DA:60,0
DA:62,0
DA:63,0
DA:64,0
DA:65,0
DA:66,0
DA:68,0
DA:69,0
DA:73,0
DA:74,0
DA:75,0
DA:78,0
DA:79,0
DA:81,0
DA:82,0
DA:83,0
DA:85,0
DA:86,0
LF:42
LH:0
BRDA:19,0,0,0
BRDA:19,0,1,0
BRF:2
BRH:0
end_of_record
TN:
SF:/home/kris/Sites/contracts/pure-escapes/pure-escapes-fe/src/actions/bookings.js
FN:41,(anonymous_0)
FN:46,(anonymous_1)
FN:51,(anonymous_2)
FN:56,(anonymous_3)
FN:61,(anonymous_4)
FN:67,(anonymous_5)
FN:67,(anonymous_6)
FN:67,(anonymous_7)
FN:93,(anonymous_8)
FN:111,(anonymous_9)
FN:124,(anonymous_10)
FN:124,(anonymous_11)
FN:138,(anonymous_12)
FN:138,(anonymous_13)
FN:147,(anonymous_14)
FN:156,(anonymous_15)
FN:167,(anonymous_16)
FN:167,(anonymous_17)
FN:176,(anonymous_18)
FN:185,(anonymous_19)
FN:196,(anonymous_20)
FN:196,(anonymous_21)
FN:205,(anonymous_22)
FN:214,(anonymous_23)
FN:226,(anonymous_24)
FN:227,(anonymous_25)
FN:229,(anonymous_26)
FN:229,(anonymous_27)
FN:238,(anonymous_28)
FN:246,(anonymous_29)
FN:256,(anonymous_30)
FN:256,(anonymous_31)
FN:265,(anonymous_32)
FN:273,(anonymous_33)
FN:283,(anonymous_34)
FN:283,(anonymous_35)
FN:286,(anonymous_36)
FN:286,(anonymous_37)
FNF:38
FNH:0
FNDA:0,(anonymous_0)
FNDA:0,(anonymous_1)
FNDA:0,(anonymous_2)
FNDA:0,(anonymous_3)
FNDA:0,(anonymous_4)
FNDA:0,(anonymous_5)
FNDA:0,(anonymous_6)
FNDA:0,(anonymous_7)
FNDA:0,(anonymous_8)
FNDA:0,(anonymous_9)
FNDA:0,(anonymous_10)
FNDA:0,(anonymous_11)
FNDA:0,(anonymous_12)
FNDA:0,(anonymous_13)
FNDA:0,(anonymous_14)
FNDA:0,(anonymous_15)
FNDA:0,(anonymous_16)
FNDA:0,(anonymous_17)
FNDA:0,(anonymous_18)
FNDA:0,(anonymous_19)
FNDA:0,(anonymous_20)
FNDA:0,(anonymous_21)
FNDA:0,(anonymous_22)
FNDA:0,(anonymous_23)
FNDA:0,(anonymous_24)
FNDA:0,(anonymous_25)
FNDA:0,(anonymous_26)
FNDA:0,(anonymous_27)
FNDA:0,(anonymous_28)
FNDA:0,(anonymous_29)
FNDA:0,(anonymous_30)
FNDA:0,(anonymous_31)
FNDA:0,(anonymous_32)
FNDA:0,(anonymous_33)
FNDA:0,(anonymous_34)
FNDA:0,(anonymous_35)
FNDA:0,(anonymous_36)
FNDA:0,(anonymous_37)
DA:26,0
DA:35,0
DA:36,0
DA:37,0
DA:38,0
DA:39,0
DA:41,0
DA:46,0
DA:51,0
DA:56,0
DA:61,0
DA:67,0
DA:68,0
DA:69,0
DA:71,0
DA:73,0
DA:74,0
DA:77,0
DA:78,0
DA:79,0
DA:80,0
DA:90,0
DA:92,0
DA:94,0
DA:102,0
DA:107,0
DA:109,0
DA:112,0
DA:117,0
DA:121,0
DA:122,0
DA:124,0
DA:125,0
DA:126,0
DA:133,0
DA:135,0
DA:138,0
DA:139,0
DA:140,0
DA:142,0
DA:144,0
DA:146,0
DA:148,0
DA:153,0
DA:154,0
DA:157,0
DA:162,0
DA:163,0
DA:167,0
DA:168,0
DA:169,0
DA:171,0
DA:173,0
DA:175,0
DA:177,0
DA:182,0
DA:183,0
DA:186,0
DA:191,0
DA:192,0
DA:196,0
DA:197,0
DA:198,0
DA:200,0
DA:202,0
DA:204,0
DA:206,0
DA:211,0
DA:212,0
DA:215,0
DA:220,0
DA:221,0
DA:226,0
DA:227,0
DA:229,0
DA:230,0
DA:231,0
DA:233,0
DA:235,0
DA:237,0
DA:239,0
DA:244,0
DA:247,0
DA:252,0
DA:256,0
DA:257,0
DA:258,0
DA:260,0
DA:262,0
DA:264,0
DA:266,0
DA:271,0
DA:274,0
DA:279,0
DA:283,0
DA:284,0
DA:286,0
DA:287,0
DA:288,0
DA:290,0
DA:291,0
LF:101
LH:0
BRDA:67,0,0,0
BRDA:73,1,0,0
BRDA:73,1,1,0
BRDA:77,2,0,0
BRDA:77,2,1,0
BRDA:124,3,0,0
BRDA:125,4,0,0
BRDA:125,4,1,0
BRDA:138,5,0,0
BRDA:167,6,0,0
BRDA:196,7,0,0
BRDA:229,8,0,0
BRDA:256,9,0,0
BRDA:283,10,0,0
BRDA:286,11,0,0
BRF:15
BRH:0
end_of_record
TN:
SF:/home/kris/Sites/contracts/pure-escapes/pure-escapes-fe/src/actions/comments.js
FN:40,(anonymous_0)
FN:45,(anonymous_1)
FN:50,(anonymous_2)
FN:55,(anonymous_3)
FN:60,(anonymous_4)
FN:66,(anonymous_5)
FN:66,(anonymous_6)
FN:91,(anonymous_7)
FN:109,(anonymous_8)
FN:119,(anonymous_9)
FN:119,(anonymous_10)
FN:144,(anonymous_11)
FN:162,(anonymous_12)
FN:172,(anonymous_13)
FN:172,(anonymous_14)
FN:186,(anonymous_15)
FN:186,(anonymous_16)
FN:195,(anonymous_17)
FN:203,(anonymous_18)
FN:213,(anonymous_19)
FN:213,(anonymous_20)
FN:222,(anonymous_21)
FN:230,(anonymous_22)
FN:240,(anonymous_23)
FN:240,(anonymous_24)
FN:249,(anonymous_25)
FN:257,(anonymous_26)
FN:267,(anonymous_27)
FN:267,(anonymous_28)
FNF:29
FNH:0
FNDA:0,(anonymous_0)
FNDA:0,(anonymous_1)
FNDA:0,(anonymous_2)
FNDA:0,(anonymous_3)
FNDA:0,(anonymous_4)
FNDA:0,(anonymous_5)
FNDA:0,(anonymous_6)
FNDA:0,(anonymous_7)
FNDA:0,(anonymous_8)
FNDA:0,(anonymous_9)
FNDA:0,(anonymous_10)
FNDA:0,(anonymous_11)
FNDA:0,(anonymous_12)
FNDA:0,(anonymous_13)
FNDA:0,(anonymous_14)
FNDA:0,(anonymous_15)
FNDA:0,(anonymous_16)
FNDA:0,(anonymous_17)
FNDA:0,(anonymous_18)
FNDA:0,(anonymous_19)
FNDA:0,(anonymous_20)
FNDA:0,(anonymous_21)
FNDA:0,(anonymous_22)
FNDA:0,(anonymous_23)
FNDA:0,(anonymous_24)
FNDA:0,(anonymous_25)
FNDA:0,(anonymous_26)
FNDA:0,(anonymous_27)
FNDA:0,(anonymous_28)
DA:27,0
DA:34,0
DA:35,0
DA:36,0
DA:37,0
DA:38,0
DA:40,0
DA:45,0
DA:50,0
DA:55,0
DA:60,0
DA:66,0
DA:67,0
DA:68,0
DA:70,0
DA:72,0
DA:73,0
DA:76,0
DA:77,0
DA:79,0
DA:80,0
DA:88,0
DA:90,0
DA:92,0
DA:100,0
DA:105,0
DA:107,0
DA:110,0
DA:115,0
DA:119,0
DA:120,0
DA:121,0
DA:123,0
DA:125,0
DA:126,0
DA:129,0
DA:130,0
DA:132,0
DA:133,0
DA:141,0
DA:143,0
DA:145,0
DA:153,0
DA:158,0
DA:160,0
DA:163,0
DA:168,0
DA:172,0
DA:173,0
DA:174,0
DA:181,0
DA:183,0
DA:186,0
DA:187,0
DA:188,0
DA:190,0
DA:192,0
DA:194,0
DA:196,0
DA:201,0
DA:204,0
DA:209,0
DA:213,0
DA:214,0
DA:215,0
DA:217,0
DA:219,0
DA:221,0
DA:223,0
DA:228,0
DA:231,0
DA:236,0
DA:240,0
DA:241,0
DA:242,0
DA:244,0
DA:246,0
DA:248,0
DA:250,0
DA:255,0
DA:258,0
DA:263,0
DA:267,0
DA:268,0
LF:84
LH:0
BRDA:66,0,0,0
BRDA:72,1,0,0
BRDA:72,1,1,0
BRDA:76,2,0,0
BRDA:76,2,1,0
BRDA:119,3,0,0
BRDA:125,4,0,0
BRDA:125,4,1,0
BRDA:129,5,0,0
BRDA:129,5,1,0
BRDA:172,6,0,0
BRDA:173,7,0,0
BRDA:173,7,1,0
BRDA:186,8,0,0
BRDA:213,9,0,0
BRDA:240,10,0,0
BRDA:267,11,0,0
BRF:17
BRH:0
end_of_record
TN:
SF:/home/kris/Sites/contracts/pure-escapes/pure-escapes-fe/src/actions/companies.js
FN:35,(anonymous_0)
FN:40,(anonymous_1)
FN:45,(anonymous_2)
FN:50,(anonymous_3)
FN:56,(anonymous_4)
FN:56,(anonymous_5)
FN:79,(anonymous_6)
FN:97,(anonymous_7)
FN:107,(anonymous_8)
FN:107,(anonymous_9)
FN:121,(anonymous_10)
FN:121,(anonymous_11)
FN:130,(anonymous_12)
FN:138,(anonymous_13)
FN:148,(anonymous_14)
FN:148,(anonymous_15)
FN:157,(anonymous_16)
FN:165,(anonymous_17)
FN:175,(anonymous_18)
FN:175,(anonymous_19)
FN:184,(anonymous_20)
FN:192,(anonymous_21)
FN:202,(anonymous_22)
FN:202,(anonymous_23)
FN:205,(anonymous_24)
FN:205,(anonymous_25)
FNF:26
FNH:0
FNDA:0,(anonymous_0)
FNDA:0,(anonymous_1)
FNDA:0,(anonymous_2)
FNDA:0,(anonymous_3)
FNDA:0,(anonymous_4)
FNDA:0,(anonymous_5)
FNDA:0,(anonymous_6)
FNDA:0,(anonymous_7)
FNDA:0,(anonymous_8)
FNDA:0,(anonymous_9)
FNDA:0,(anonymous_10)
FNDA:0,(anonymous_11)
FNDA:0,(anonymous_12)
FNDA:0,(anonymous_13)
FNDA:0,(anonymous_14)
FNDA:0,(anonymous_15)
FNDA:0,(anonymous_16)
FNDA:0,(anonymous_17)
FNDA:0,(anonymous_18)
FNDA:0,(anonymous_19)
FNDA:0,(anonymous_20)
FNDA:0,(anonymous_21)
FNDA:0,(anonymous_22)
FNDA:0,(anonymous_23)
FNDA:0,(anonymous_24)
FNDA:0,(anonymous_25)
DA:25,0
DA:30,0
DA:31,0
DA:32,0
DA:33,0
DA:35,0
DA:40,0
DA:45,0
DA:50,0
DA:56,0
DA:57,0
DA:58,0
DA:60,0
DA:62,0
DA:63,0
DA:66,0
DA:67,0
DA:69,0
DA:70,0
DA:76,0
DA:78,0
DA:80,0
DA:88,0
DA:93,0
DA:95,0
DA:98,0
DA:103,0
DA:107,0
DA:108,0
DA:109,0
DA:116,0
DA:118,0
DA:121,0
DA:122,0
DA:123,0
DA:125,0
DA:127,0
DA:129,0
DA:131,0
DA:136,0
DA:139,0
DA:144,0
DA:148,0
DA:149,0
DA:150,0
DA:152,0
DA:154,0
DA:156,0
DA:158,0
DA:163,0
DA:166,0
DA:171,0
DA:175,0
DA:176,0
DA:177,0
DA:179,0
DA:181,0
DA:183,0
DA:185,0
DA:190,0
DA:193,0
DA:198,0
DA:202,0
DA:203,0
DA:205,0
DA:206,0
DA:207,0
DA:208,0
LF:68
LH:0
BRDA:56,0,0,0
BRDA:62,1,0,0
BRDA:62,1,1,0
BRDA:66,2,0,0
BRDA:66,2,1,0
BRDA:107,3,0,0
BRDA:108,4,0,0
BRDA:108,4,1,0
BRDA:121,5,0,0
BRDA:148,6,0,0
BRDA:175,7,0,0
BRDA:202,8,0,0
BRF:12
BRH:0
end_of_record
TN:
SF:/home/kris/Sites/contracts/pure-escapes/pure-escapes-fe/src/actions/hotels.js
FN:37,(anonymous_0)
FN:42,(anonymous_1)
FN:47,(anonymous_2)
FN:52,(anonymous_3)
FN:58,(anonymous_4)
FN:58,(anonymous_5)
FN:82,(anonymous_6)
FN:100,(anonymous_7)
FN:110,(anonymous_8)
FN:110,(anonymous_9)
FN:124,(anonymous_10)
FN:124,(anonymous_11)
FN:148,(anonymous_12)
FN:166,(anonymous_13)
FN:176,(anonymous_14)
FN:176,(anonymous_15)
FN:185,(anonymous_16)
FN:194,(anonymous_17)
FN:205,(anonymous_18)
FN:205,(anonymous_19)
FN:214,(anonymous_20)
FN:223,(anonymous_21)
FN:234,(anonymous_22)
FN:234,(anonymous_23)
FN:243,(anonymous_24)
FN:251,(anonymous_25)
FN:261,(anonymous_26)
FN:261,(anonymous_27)
FNF:28
FNH:0
FNDA:0,(anonymous_0)
FNDA:0,(anonymous_1)
FNDA:0,(anonymous_2)
FNDA:0,(anonymous_3)
FNDA:0,(anonymous_4)
FNDA:0,(anonymous_5)
FNDA:0,(anonymous_6)
FNDA:0,(anonymous_7)
FNDA:0,(anonymous_8)
FNDA:0,(anonymous_9)
FNDA:0,(anonymous_10)
FNDA:0,(anonymous_11)
FNDA:0,(anonymous_12)
FNDA:0,(anonymous_13)
FNDA:0,(anonymous_14)
FNDA:0,(anonymous_15)
FNDA:0,(anonymous_16)
FNDA:0,(anonymous_17)
FNDA:0,(anonymous_18)
FNDA:0,(anonymous_19)
FNDA:0,(anonymous_20)
FNDA:0,(anonymous_21)
FNDA:0,(anonymous_22)
FNDA:0,(anonymous_23)
FNDA:0,(anonymous_24)
FNDA:0,(anonymous_25)
FNDA:0,(anonymous_26)
FNDA:0,(anonymous_27)
DA:26,0
DA:32,0
DA:33,0
DA:34,0
DA:35,0
DA:37,0
DA:42,0
DA:47,0
DA:52,0
DA:58,0
DA:59,0
DA:60,0
DA:62,0
DA:64,0
DA:65,0
DA:68,0
DA:69,0
DA:71,0
DA:72,0
DA:79,0
DA:81,0
DA:83,0
DA:91,0
DA:96,0
DA:98,0
DA:101,0
DA:106,0
DA:110,0
DA:111,0
DA:112,0
DA:119,0
DA:121,0
DA:124,0
DA:125,0
DA:126,0
DA:128,0
DA:130,0
DA:131,0
DA:134,0
DA:135,0
DA:137,0
DA:138,0
DA:145,0
DA:147,0
DA:149,0
DA:157,0
DA:162,0
DA:164,0
DA:167,0
DA:172,0
DA:176,0
DA:177,0
DA:178,0
DA:180,0
DA:182,0
DA:184,0
DA:186,0
DA:191,0
DA:192,0
DA:195,0
DA:200,0
DA:201,0
DA:205,0
DA:206,0
DA:207,0
DA:209,0
DA:211,0
DA:213,0
DA:215,0
DA:220,0
DA:221,0
DA:224,0
DA:229,0
DA:230,0
DA:234,0
DA:235,0
DA:236,0
DA:238,0
DA:240,0
DA:242,0
DA:244,0
DA:249,0
DA:252,0
DA:257,0
DA:261,0
DA:262,0
LF:86
LH:0
BRDA:58,0,0,0
BRDA:64,1,0,0
BRDA:64,1,1,0
BRDA:68,2,0,0
BRDA:68,2,1,0
BRDA:110,3,0,0
BRDA:111,4,0,0
BRDA:111,4,1,0
BRDA:124,5,0,0
BRDA:130,6,0,0
BRDA:130,6,1,0
BRDA:134,7,0,0
BRDA:134,7,1,0
BRDA:176,8,0,0
BRDA:205,9,0,0
BRDA:234,10,0,0
BRDA:261,11,0,0
BRF:17
BRH:0
end_of_record
TN:
SF:/home/kris/Sites/contracts/pure-escapes/pure-escapes-fe/src/actions/offers.js
FN:37,(anonymous_0)
FN:42,(anonymous_1)
FN:47,(anonymous_2)
FN:52,(anonymous_3)
FN:58,(anonymous_4)
FN:58,(anonymous_5)
FN:82,(anonymous_6)
FN:100,(anonymous_7)
FN:110,(anonymous_8)
FN:110,(anonymous_9)
FN:124,(anonymous_10)
FN:124,(anonymous_11)
FN:133,(anonymous_12)
FN:141,(anonymous_13)
FN:151,(anonymous_14)
FN:151,(anonymous_15)
FN:160,(anonymous_16)
FN:168,(anonymous_17)
FN:178,(anonymous_18)
FN:178,(anonymous_19)
FN:187,(anonymous_20)
FN:195,(anonymous_21)
FN:205,(anonymous_22)
FN:205,(anonymous_23)
FNF:24
FNH:0
FNDA:0,(anonymous_0)
FNDA:0,(anonymous_1)
FNDA:0,(anonymous_2)
FNDA:0,(anonymous_3)
FNDA:0,(anonymous_4)
FNDA:0,(anonymous_5)
FNDA:0,(anonymous_6)
FNDA:0,(anonymous_7)
FNDA:0,(anonymous_8)
FNDA:0,(anonymous_9)
FNDA:0,(anonymous_10)
FNDA:0,(anonymous_11)
FNDA:0,(anonymous_12)
FNDA:0,(anonymous_13)
FNDA:0,(anonymous_14)
FNDA:0,(anonymous_15)
FNDA:0,(anonymous_16)
FNDA:0,(anonymous_17)
FNDA:0,(anonymous_18)
FNDA:0,(anonymous_19)
FNDA:0,(anonymous_20)
FNDA:0,(anonymous_21)
FNDA:0,(anonymous_22)
FNDA:0,(anonymous_23)
DA:26,0
DA:32,0
DA:33,0
DA:34,0
DA:35,0
DA:37,0
DA:42,0
DA:47,0
DA:52,0
DA:58,0
DA:59,0
DA:60,0
DA:62,0
DA:64,0
DA:65,0
DA:68,0
DA:69,0
DA:71,0
DA:72,0
DA:79,0
DA:81,0
DA:83,0
DA:91,0
DA:96,0
DA:98,0
DA:101,0
DA:106,0
DA:110,0
DA:111,0
DA:112,0
DA:119,0
DA:121,0
DA:124,0
DA:125,0
DA:126,0
DA:128,0
DA:130,0
DA:132,0
DA:134,0
DA:139,0
DA:142,0
DA:147,0
DA:151,0
DA:152,0
DA:153,0
DA:155,0
DA:157,0
DA:159,0
DA:161,0
DA:166,0
DA:169,0
DA:174,0
DA:178,0
DA:179,0
DA:180,0
DA:182,0
DA:184,0
DA:186,0
DA:188,0
DA:193,0
DA:196,0
DA:201,0
DA:205,0
DA:206,0
LF:64
LH:0
BRDA:58,0,0,0
BRDA:64,1,0,0
BRDA:64,1,1,0
BRDA:68,2,0,0
BRDA:68,2,1,0
BRDA:110,3,0,0
BRDA:111,4,0,0
BRDA:111,4,1,0
BRDA:124,5,0,0
BRDA:151,6,0,0
BRDA:178,7,0,0
BRDA:205,8,0,0
BRF:12
BRH:0
end_of_record
TN:
SF:/home/kris/Sites/contracts/pure-escapes/pure-escapes-fe/src/actions/options.js
FN:40,(anonymous_0)
FN:45,(anonymous_1)
FN:50,(anonymous_2)
FN:55,(anonymous_3)
FN:61,(anonymous_4)
FN:61,(anonymous_5)
FN:61,(anonymous_6)
FN:87,(anonymous_7)
FN:105,(anonymous_8)
FN:118,(anonymous_9)
FN:118,(anonymous_10)
FN:127,(anonymous_11)
FN:136,(anonymous_12)
FN:147,(anonymous_13)
FN:147,(anonymous_14)
FN:156,(anonymous_15)
FN:165,(anonymous_16)
FN:176,(anonymous_17)
FN:176,(anonymous_18)
FN:185,(anonymous_19)
FN:193,(anonymous_20)
FN:203,(anonymous_21)
FN:203,(anonymous_22)
FN:212,(anonymous_23)
FN:220,(anonymous_24)
FN:230,(anonymous_25)
FN:230,(anonymous_26)
FNF:27
FNH:0
FNDA:0,(anonymous_0)
FNDA:0,(anonymous_1)
FNDA:0,(anonymous_2)
FNDA:0,(anonymous_3)
FNDA:0,(anonymous_4)
FNDA:0,(anonymous_5)
FNDA:0,(anonymous_6)
FNDA:0,(anonymous_7)
FNDA:0,(anonymous_8)
FNDA:0,(anonymous_9)
FNDA:0,(anonymous_10)
FNDA:0,(anonymous_11)
FNDA:0,(anonymous_12)
FNDA:0,(anonymous_13)
FNDA:0,(anonymous_14)
FNDA:0,(anonymous_15)
FNDA:0,(anonymous_16)
FNDA:0,(anonymous_17)
FNDA:0,(anonymous_18)
FNDA:0,(anonymous_19)
FNDA:0,(anonymous_20)
FNDA:0,(anonymous_21)
FNDA:0,(anonymous_22)
FNDA:0,(anonymous_23)
FNDA:0,(anonymous_24)
FNDA:0,(anonymous_25)
FNDA:0,(anonymous_26)
DA:26,0
DA:35,0
DA:36,0
DA:37,0
DA:38,0
DA:40,0
DA:45,0
DA:50,0
DA:55,0
DA:61,0
DA:62,0
DA:63,0
DA:65,0
DA:67,0
DA:68,0
DA:71,0
DA:72,0
DA:73,0
DA:74,0
DA:84,0
DA:86,0
DA:88,0
DA:96,0
DA:101,0
DA:103,0
DA:106,0
DA:111,0
DA:115,0
DA:116,0
DA:118,0
DA:119,0
DA:120,0
DA:122,0
DA:124,0
DA:126,0
DA:128,0
DA:133,0
DA:134,0
DA:137,0
DA:142,0
DA:143,0
DA:147,0
DA:148,0
DA:149,0
DA:151,0
DA:153,0
DA:155,0
DA:157,0
DA:162,0
DA:163,0
DA:166,0
DA:171,0
DA:172,0
DA:176,0
DA:177,0
DA:178,0
DA:180,0
DA:182,0
DA:184,0
DA:186,0
DA:191,0
DA:194,0
DA:199,0
DA:203,0
DA:204,0
DA:205,0
DA:207,0
DA:209,0
DA:211,0
DA:213,0
DA:218,0
DA:221,0
DA:226,0
DA:230,0
DA:231,0
LF:75
LH:0
BRDA:61,0,0,0
BRDA:67,1,0,0
BRDA:67,1,1,0
BRDA:71,2,0,0
BRDA:71,2,1,0
BRDA:118,3,0,0
BRDA:147,4,0,0
BRDA:176,5,0,0
BRDA:203,6,0,0
BRDA:230,7,0,0
BRF:10
BRH:0
end_of_record
TN:
SF:/home/kris/Sites/contracts/pure-escapes/pure-escapes-fe/src/actions/proposals.js
FN:42,(anonymous_0)
FN:47,(anonymous_1)
FN:52,(anonymous_2)
FN:57,(anonymous_3)
FN:63,(anonymous_4)
FN:63,(anonymous_5)
FN:90,(anonymous_6)
FN:108,(anonymous_7)
FN:118,(anonymous_8)
FN:118,(anonymous_9)
FN:132,(anonymous_10)
FN:132,(anonymous_11)
FN:141,(anonymous_12)
FN:149,(anonymous_13)
FN:159,(anonymous_14)
FN:159,(anonymous_15)
FN:168,(anonymous_16)
FN:176,(anonymous_17)
FN:186,(anonymous_18)
FN:186,(anonymous_19)
FN:194,(anonymous_20)
FN:194,(anonymous_21)
FN:203,(anonymous_22)
FN:211,(anonymous_23)
FN:221,(anonymous_24)
FN:221,(anonymous_25)
FN:231,(anonymous_26)
FN:239,(anonymous_27)
FN:249,(anonymous_28)
FN:249,(anonymous_29)
FNF:30
FNH:0
FNDA:0,(anonymous_0)
FNDA:0,(anonymous_1)
FNDA:0,(anonymous_2)
FNDA:0,(anonymous_3)
FNDA:0,(anonymous_4)
FNDA:0,(anonymous_5)
FNDA:0,(anonymous_6)
FNDA:0,(anonymous_7)
FNDA:0,(anonymous_8)
FNDA:0,(anonymous_9)
FNDA:0,(anonymous_10)
FNDA:0,(anonymous_11)
FNDA:0,(anonymous_12)
FNDA:0,(anonymous_13)
FNDA:0,(anonymous_14)
FNDA:0,(anonymous_15)
FNDA:0,(anonymous_16)
FNDA:0,(anonymous_17)
FNDA:0,(anonymous_18)
FNDA:0,(anonymous_19)
FNDA:0,(anonymous_20)
FNDA:0,(anonymous_21)
FNDA:0,(anonymous_22)
FNDA:0,(anonymous_23)
FNDA:0,(anonymous_24)
FNDA:0,(anonymous_25)
FNDA:0,(anonymous_26)
FNDA:0,(anonymous_27)
FNDA:0,(anonymous_28)
FNDA:0,(anonymous_29)
DA:28,0
DA:37,0
DA:38,0
DA:39,0
DA:40,0
DA:42,0
DA:47,0
DA:52,0
DA:57,0
DA:63,0
DA:64,0
DA:65,0
DA:67,0
DA:69,0
DA:70,0
DA:73,0
DA:74,0
DA:76,0
DA:77,0
DA:87,0
DA:89,0
DA:91,0
DA:99,0
DA:104,0
DA:106,0
DA:109,0
DA:114,0
DA:118,0
DA:119,0
DA:120,0
DA:127,0
DA:129,0
DA:132,0
DA:133,0
DA:134,0
DA:136,0
DA:138,0
DA:140,0
DA:142,0
DA:147,0
DA:150,0
DA:155,0
DA:159,0
DA:160,0
DA:161,0
DA:163,0
DA:165,0
DA:167,0
DA:169,0
DA:174,0
DA:177,0
DA:182,0
DA:186,0
DA:187,0
DA:188,0
DA:190,0
DA:191,0
DA:194,0
DA:195,0
DA:196,0
DA:198,0
DA:200,0
DA:202,0
DA:204,0
DA:209,0
DA:212,0
DA:217,0
DA:221,0
DA:222,0
DA:223,0
DA:224,0
DA:226,0
DA:228,0
DA:230,0
DA:232,0
DA:237,0
DA:240,0
DA:245,0
DA:249,0
DA:250,0
LF:80
LH:0
BRDA:63,0,0,0
BRDA:69,1,0,0
BRDA:69,1,1,0
BRDA:73,2,0,0
BRDA:73,2,1,0
BRDA:118,3,0,0
BRDA:119,4,0,0
BRDA:119,4,1,0
BRDA:132,5,0,0
BRDA:159,6,0,0
BRDA:186,7,0,0
BRDA:194,8,0,0
BRDA:221,9,0,0
BRDA:249,10,0,0
BRF:14
BRH:0
end_of_record
TN:
SF:/home/kris/Sites/contracts/pure-escapes/pure-escapes-fe/src/actions/rates.js
FN:39,(anonymous_0)
FN:44,(anonymous_1)
FN:49,(anonymous_2)
FN:54,(anonymous_3)
FN:60,(anonymous_4)
FN:60,(anonymous_5)
FN:85,(anonymous_6)
FN:103,(anonymous_7)
FN:113,(anonymous_8)
FN:113,(anonymous_9)
FN:127,(anonymous_10)
FN:127,(anonymous_11)
FN:136,(anonymous_12)
FN:145,(anonymous_13)
FN:156,(anonymous_14)
FN:156,(anonymous_15)
FN:165,(anonymous_16)
FN:174,(anonymous_17)
FN:185,(anonymous_18)
FN:185,(anonymous_19)
FN:194,(anonymous_20)
FN:203,(anonymous_21)
FN:214,(anonymous_22)
FN:214,(anonymous_23)
FN:217,(anonymous_24)
FN:217,(anonymous_25)
FN:226,(anonymous_26)
FN:235,(anonymous_27)
FNF:28
FNH:0
FNDA:0,(anonymous_0)
FNDA:0,(anonymous_1)
FNDA:0,(anonymous_2)
FNDA:0,(anonymous_3)
FNDA:0,(anonymous_4)
FNDA:0,(anonymous_5)
FNDA:0,(anonymous_6)
FNDA:0,(anonymous_7)
FNDA:0,(anonymous_8)
FNDA:0,(anonymous_9)
FNDA:0,(anonymous_10)
FNDA:0,(anonymous_11)
FNDA:0,(anonymous_12)
FNDA:0,(anonymous_13)
FNDA:0,(anonymous_14)
FNDA:0,(anonymous_15)
FNDA:0,(anonymous_16)
FNDA:0,(anonymous_17)
FNDA:0,(anonymous_18)
FNDA:0,(anonymous_19)
FNDA:0,(anonymous_20)
FNDA:0,(anonymous_21)
FNDA:0,(anonymous_22)
FNDA:0,(anonymous_23)
FNDA:0,(anonymous_24)
FNDA:0,(anonymous_25)
FNDA:0,(anonymous_26)
FNDA:0,(anonymous_27)
DA:27,0
DA:34,0
DA:35,0
DA:36,0
DA:37,0
DA:39,0
DA:44,0
DA:49,0
DA:54,0
DA:60,0
DA:61,0
DA:62,0
DA:64,0
DA:66,0
DA:67,0
DA:70,0
DA:71,0
DA:73,0
DA:74,0
DA:82,0
DA:84,0
DA:86,0
DA:94,0
DA:99,0
DA:101,0
DA:104,0
DA:109,0
DA:113,0
DA:114,0
DA:115,0
DA:122,0
DA:124,0
DA:127,0
DA:128,0
DA:129,0
DA:131,0
DA:133,0
DA:135,0
DA:137,0
DA:142,0
DA:143,0
DA:146,0
DA:151,0
DA:152,0
DA:156,0
DA:157,0
DA:158,0
DA:160,0
DA:162,0
DA:164,0
DA:166,0
DA:171,0
DA:172,0
DA:175,0
DA:180,0
DA:181,0
DA:185,0
DA:186,0
DA:187,0
DA:189,0
DA:191,0
DA:193,0
DA:195,0
DA:200,0
DA:201,0
DA:204,0
DA:209,0
DA:210,0
DA:214,0
DA:215,0
DA:217,0
DA:218,0
DA:219,0
DA:221,0
DA:223,0
DA:225,0
DA:227,0
DA:232,0
DA:233,0
DA:236,0
DA:241,0
DA:242,0
LF:82
LH:0
BRDA:60,0,0,0
BRDA:66,1,0,0
BRDA:66,1,1,0
BRDA:70,2,0,0
BRDA:70,2,1,0
BRDA:113,3,0,0
BRDA:114,4,0,0
BRDA:114,4,1,0
BRDA:127,5,0,0
BRDA:156,6,0,0
BRDA:185,7,0,0
BRDA:214,8,0,0
BRDA:217,9,0,0
BRF:13
BRH:0
end_of_record
TN:
SF:/home/kris/Sites/contracts/pure-escapes/pure-escapes-fe/src/actions/rooms.js
FN:39,(anonymous_0)
FN:44,(anonymous_1)
FN:49,(anonymous_2)
FN:54,(anonymous_3)
FN:60,(anonymous_4)
FN:60,(anonymous_5)
FN:85,(anonymous_6)
FN:103,(anonymous_7)
FN:113,(anonymous_8)
FN:113,(anonymous_9)
FN:127,(anonymous_10)
FN:127,(anonymous_11)
FN:136,(anonymous_12)
FN:145,(anonymous_13)
FN:156,(anonymous_14)
FN:156,(anonymous_15)
FN:165,(anonymous_16)
FN:174,(anonymous_17)
FN:185,(anonymous_18)
FN:185,(anonymous_19)
FN:194,(anonymous_20)
FN:203,(anonymous_21)
FN:214,(anonymous_22)
FN:214,(anonymous_23)
FNF:24
FNH:0
FNDA:0,(anonymous_0)
FNDA:0,(anonymous_1)
FNDA:0,(anonymous_2)
FNDA:0,(anonymous_3)
FNDA:0,(anonymous_4)
FNDA:0,(anonymous_5)
FNDA:0,(anonymous_6)
FNDA:0,(anonymous_7)
FNDA:0,(anonymous_8)
FNDA:0,(anonymous_9)
FNDA:0,(anonymous_10)
FNDA:0,(anonymous_11)
FNDA:0,(anonymous_12)
FNDA:0,(anonymous_13)
FNDA:0,(anonymous_14)
FNDA:0,(anonymous_15)
FNDA:0,(anonymous_16)
FNDA:0,(anonymous_17)
FNDA:0,(anonymous_18)
FNDA:0,(anonymous_19)
FNDA:0,(anonymous_20)
FNDA:0,(anonymous_21)
FNDA:0,(anonymous_22)
FNDA:0,(anonymous_23)
DA:27,0
DA:34,0
DA:35,0
DA:36,0
DA:37,0
DA:39,0
DA:44,0
DA:49,0
DA:54,0
DA:60,0
DA:61,0
DA:62,0
DA:64,0
DA:66,0
DA:67,0
DA:70,0
DA:71,0
DA:73,0
DA:74,0
DA:82,0
DA:84,0
DA:86,0
DA:94,0
DA:99,0
DA:101,0
DA:104,0
DA:109,0
DA:113,0
DA:114,0
DA:115,0
DA:122,0
DA:124,0
DA:127,0
DA:128,0
DA:129,0
DA:131,0
DA:133,0
DA:135,0
DA:137,0
DA:142,0
DA:143,0
DA:146,0
DA:151,0
DA:152,0
DA:156,0
DA:157,0
DA:158,0
DA:160,0
DA:162,0
DA:164,0
DA:166,0
DA:171,0
DA:172,0
DA:175,0
DA:180,0
DA:181,0
DA:185,0
DA:186,0
DA:187,0
DA:189,0
DA:191,0
DA:193,0
DA:195,0
DA:200,0
DA:201,0
DA:204,0
DA:209,0
DA:210,0
DA:214,0
DA:215,0
LF:70
LH:0
BRDA:60,0,0,0
BRDA:66,1,0,0
BRDA:66,1,1,0
BRDA:70,2,0,0
BRDA:70,2,1,0
BRDA:113,3,0,0
BRDA:114,4,0,0
BRDA:114,4,1,0
BRDA:127,5,0,0
BRDA:156,6,0,0
BRDA:185,7,0,0
BRDA:214,8,0,0
BRF:12
BRH:0
end_of_record
TN:
SF:/home/kris/Sites/contracts/pure-escapes/pure-escapes-fe/src/actions/salesRepresentatives.js
FN:35,(anonymous_0)
FN:40,(anonymous_1)
FN:45,(anonymous_2)
FN:50,(anonymous_3)
FN:56,(anonymous_4)
FN:56,(anonymous_5)
FN:79,(anonymous_6)
FN:97,(anonymous_7)
FN:107,(anonymous_8)
FN:107,(anonymous_9)
FN:121,(anonymous_10)
FN:121,(anonymous_11)
FN:130,(anonymous_12)
FN:138,(anonymous_13)
FN:148,(anonymous_14)
FN:148,(anonymous_15)
FN:157,(anonymous_16)
FN:165,(anonymous_17)
FN:175,(anonymous_18)
FN:175,(anonymous_19)
FN:184,(anonymous_20)
FN:192,(anonymous_21)
FN:202,(anonymous_22)
FN:202,(anonymous_23)
FNF:24
FNH:0
FNDA:0,(anonymous_0)
FNDA:0,(anonymous_1)
FNDA:0,(anonymous_2)
FNDA:0,(anonymous_3)
FNDA:0,(anonymous_4)
FNDA:0,(anonymous_5)
FNDA:0,(anonymous_6)
FNDA:0,(anonymous_7)
FNDA:0,(anonymous_8)
FNDA:0,(anonymous_9)
FNDA:0,(anonymous_10)
FNDA:0,(anonymous_11)
FNDA:0,(anonymous_12)
FNDA:0,(anonymous_13)
FNDA:0,(anonymous_14)
FNDA:0,(anonymous_15)
FNDA:0,(anonymous_16)
FNDA:0,(anonymous_17)
FNDA:0,(anonymous_18)
FNDA:0,(anonymous_19)
FNDA:0,(anonymous_20)
FNDA:0,(anonymous_21)
FNDA:0,(anonymous_22)
FNDA:0,(anonymous_23)
DA:25,0
DA:30,0
DA:31,0
DA:32,0
DA:33,0
DA:35,0
DA:40,0
DA:45,0
DA:50,0
DA:56,0
DA:57,0
DA:58,0
DA:60,0
DA:62,0
DA:63,0
DA:66,0
DA:67,0
DA:69,0
DA:70,0
DA:76,0
DA:78,0
DA:80,0
DA:88,0
DA:93,0
DA:95,0
DA:98,0
DA:103,0
DA:107,0
DA:108,0
DA:109,0
DA:116,0
DA:118,0
DA:121,0
DA:122,0
DA:123,0
DA:125,0
DA:127,0
DA:129,0
DA:131,0
DA:136,0
DA:139,0
DA:144,0
DA:148,0
DA:149,0
DA:150,0
DA:152,0
DA:154,0
DA:156,0
DA:158,0
DA:163,0
DA:166,0
DA:171,0
DA:175,0
DA:176,0
DA:177,0
DA:179,0
DA:181,0
DA:183,0
DA:185,0
DA:190,0
DA:193,0
DA:198,0
DA:202,0
DA:203,0
LF:64
LH:0
BRDA:56,0,0,0
BRDA:62,1,0,0
BRDA:62,1,1,0
BRDA:66,2,0,0
BRDA:66,2,1,0
BRDA:107,3,0,0
BRDA:108,4,0,0
BRDA:108,4,1,0
BRDA:121,5,0,0
BRDA:148,6,0,0
BRDA:175,7,0,0
BRDA:202,8,0,0
BRF:12
BRH:0
end_of_record
TN:
SF:/home/kris/Sites/contracts/pure-escapes/pure-escapes-fe/src/actions/travelAgents.js
FN:41,(anonymous_0)
FN:46,(anonymous_1)
FN:51,(anonymous_2)
FN:56,(anonymous_3)
FN:62,(anonymous_4)
FN:62,(anonymous_5)
FN:88,(anonymous_6)
FN:106,(anonymous_7)
FN:116,(anonymous_8)
FN:116,(anonymous_9)
FN:142,(anonymous_10)
FN:160,(anonymous_11)
FN:170,(anonymous_12)
FN:170,(anonymous_13)
FN:184,(anonymous_14)
FN:184,(anonymous_15)
FN:193,(anonymous_16)
FN:201,(anonymous_17)
FN:211,(anonymous_18)
FN:211,(anonymous_19)
FN:220,(anonymous_20)
FN:228,(anonymous_21)
FN:238,(anonymous_22)
FN:238,(anonymous_23)
FN:247,(anonymous_24)
FN:255,(anonymous_25)
FN:265,(anonymous_26)
FN:265,(anonymous_27)
FNF:28
FNH:0
FNDA:0,(anonymous_0)
FNDA:0,(anonymous_1)
FNDA:0,(anonymous_2)
FNDA:0,(anonymous_3)
FNDA:0,(anonymous_4)
FNDA:0,(anonymous_5)
FNDA:0,(anonymous_6)
FNDA:0,(anonymous_7)
FNDA:0,(anonymous_8)
FNDA:0,(anonymous_9)
FNDA:0,(anonymous_10)
FNDA:0,(anonymous_11)
FNDA:0,(anonymous_12)
FNDA:0,(anonymous_13)
FNDA:0,(anonymous_14)
FNDA:0,(anonymous_15)
FNDA:0,(anonymous_16)
FNDA:0,(anonymous_17)
FNDA:0,(anonymous_18)
FNDA:0,(anonymous_19)
FNDA:0,(anonymous_20)
FNDA:0,(anonymous_21)
FNDA:0,(anonymous_22)
FNDA:0,(anonymous_23)
FNDA:0,(anonymous_24)
FNDA:0,(anonymous_25)
FNDA:0,(anonymous_26)
FNDA:0,(anonymous_27)
DA:28,0
DA:36,0
DA:37,0
DA:38,0
DA:39,0
DA:41,0
DA:46,0
DA:51,0
DA:56,0
DA:62,0
DA:63,0
DA:64,0
DA:66,0
DA:68,0
DA:69,0
DA:72,0
DA:73,0
DA:75,0
DA:76,0
DA:85,0
DA:87,0
DA:89,0
DA:97,0
DA:102,0
DA:104,0
DA:107,0
DA:112,0
DA:116,0
DA:117,0
DA:118,0
DA:120,0
DA:122,0
DA:123,0
DA:126,0
DA:127,0
DA:129,0
DA:130,0
DA:139,0
DA:141,0
DA:143,0
DA:151,0
DA:156,0
DA:158,0
DA:161,0
DA:166,0
DA:170,0
DA:171,0
DA:172,0
DA:179,0
DA:181,0
DA:184,0
DA:185,0
DA:186,0
DA:188,0
DA:190,0
DA:192,0
DA:194,0
DA:199,0
DA:202,0
DA:207,0
DA:211,0
DA:212,0
DA:213,0
DA:215,0
DA:217,0
DA:219,0
DA:221,0
DA:226,0
DA:229,0
DA:234,0
DA:238,0
DA:239,0
DA:240,0
DA:242,0
DA:244,0
DA:246,0
DA:248,0
DA:253,0
DA:256,0
DA:261,0
DA:265,0
DA:266,0
LF:82
LH:0
BRDA:62,0,0,0
BRDA:68,1,0,0
BRDA:68,1,1,0
BRDA:72,2,0,0
BRDA:72,2,1,0
BRDA:116,3,0,0
BRDA:122,4,0,0
BRDA:122,4,1,0
BRDA:126,5,0,0
BRDA:126,5,1,0
BRDA:170,6,0,0
BRDA:171,7,0,0
BRDA:171,7,1,0
BRDA:184,8,0,0
BRDA:211,9,0,0
BRDA:238,10,0,0
BRDA:265,11,0,0
BRF:17
BRH:0
end_of_record
TN:
SF:/home/kris/Sites/contracts/pure-escapes/pure-escapes-fe/src/actions/users.js
FN:40,(anonymous_0)
FN:45,(anonymous_1)
FN:50,(anonymous_2)
FN:55,(anonymous_3)
FN:61,(anonymous_4)
FN:61,(anonymous_5)
FN:87,(anonymous_6)
FN:105,(anonymous_7)
FN:115,(anonymous_8)
FN:115,(anonymous_9)
FN:129,(anonymous_10)
FN:129,(anonymous_11)
FN:138,(anonymous_12)
FN:146,(anonymous_13)
FN:156,(anonymous_14)
FN:156,(anonymous_15)
FN:165,(anonymous_16)
FN:173,(anonymous_17)
FN:183,(anonymous_18)
FN:183,(anonymous_19)
FN:192,(anonymous_20)
FN:200,(anonymous_21)
FN:210,(anonymous_22)
FN:210,(anonymous_23)
FN:213,(anonymous_24)
FN:213,(anonymous_25)
FN:221,(anonymous_26)
FN:221,(anonymous_27)
FNF:28
FNH:0
FNDA:0,(anonymous_0)
FNDA:0,(anonymous_1)
FNDA:0,(anonymous_2)
FNDA:0,(anonymous_3)
FNDA:0,(anonymous_4)
FNDA:0,(anonymous_5)
FNDA:0,(anonymous_6)
FNDA:0,(anonymous_7)
FNDA:0,(anonymous_8)
FNDA:0,(anonymous_9)
FNDA:0,(anonymous_10)
FNDA:0,(anonymous_11)
FNDA:0,(anonymous_12)
FNDA:0,(anonymous_13)
FNDA:0,(anonymous_14)
FNDA:0,(anonymous_15)
FNDA:0,(anonymous_16)
FNDA:0,(anonymous_17)
FNDA:0,(anonymous_18)
FNDA:0,(anonymous_19)
FNDA:0,(anonymous_20)
FNDA:0,(anonymous_21)
FNDA:0,(anonymous_22)
FNDA:0,(anonymous_23)
FNDA:0,(anonymous_24)
FNDA:0,(anonymous_25)
FNDA:0,(anonymous_26)
FNDA:0,(anonymous_27)
DA:27,0
DA:35,0
DA:36,0
DA:37,0
DA:38,0
DA:40,0
DA:45,0
DA:50,0
DA:55,0
DA:61,0
DA:62,0
DA:63,0
DA:65,0
DA:67,0
DA:68,0
DA:71,0
DA:72,0
DA:74,0
DA:75,0
DA:84,0
DA:86,0
DA:88,0
DA:96,0
DA:101,0
DA:103,0
DA:106,0
DA:111,0
DA:115,0
DA:116,0
DA:117,0
DA:124,0
DA:126,0
DA:129,0
DA:130,0
DA:131,0
DA:133,0
DA:135,0
DA:137,0
DA:139,0
DA:144,0
DA:147,0
DA:152,0
DA:156,0
DA:157,0
DA:158,0
DA:160,0
DA:162,0
DA:164,0
DA:166,0
DA:171,0
DA:174,0
DA:179,0
DA:183,0
DA:184,0
DA:185,0
DA:187,0
DA:189,0
DA:191,0
DA:193,0
DA:198,0
DA:201,0
DA:206,0
DA:210,0
DA:211,0
DA:213,0
DA:214,0
DA:215,0
DA:217,0
DA:218,0
DA:221,0
DA:222,0
DA:223,0
DA:225,0
DA:226,0
LF:74
LH:0
BRDA:61,0,0,0
BRDA:67,1,0,0
BRDA:67,1,1,0
BRDA:71,2,0,0
BRDA:71,2,1,0
BRDA:115,3,0,0
BRDA:116,4,0,0
BRDA:116,4,1,0
BRDA:129,5,0,0
BRDA:156,6,0,0
BRDA:183,7,0,0
BRDA:210,8,0,0
BRDA:213,9,0,0
BRDA:221,10,0,0
BRF:14
BRH:0
end_of_record
TN:
SF:/home/kris/Sites/contracts/pure-escapes/pure-escapes-fe/src/actions/utils/index.js
FNF:0
FNH:0
LF:0
LH:0
BRF:0
BRH:0
end_of_record
TN:
SF:/home/kris/Sites/contracts/pure-escapes/pure-escapes-fe/src/actions/utils/nestedData.js
FN:17,(anonymous_0)
FN:42,(anonymous_1)
FN:49,(anonymous_2)
FN:50,(anonymous_3)
FN:55,(anonymous_4)
FN:64,(anonymous_5)
FNF:6
FNH:6
FNDA:3,(anonymous_0)
FNDA:3,(anonymous_1)
FNDA:3,(anonymous_2)
FNDA:9,(anonymous_3)
FNDA:3,(anonymous_4)
FNDA:3,(anonymous_5)
DA:17,1
DA:24,3
DA:26,0
DA:29,3
DA:39,3
DA:42,1
DA:43,3
DA:45,3
DA:48,3
DA:49,3
DA:50,9
DA:52,3
DA:55,1
DA:62,3
DA:64,3
DA:65,3
DA:70,3
DA:79,3
LF:18
LH:17
BRDA:20,0,0,0
BRDA:21,1,0,0
BRDA:24,2,0,0
BRDA:24,2,1,3
BRDA:43,3,0,3
BRDA:43,3,1,0
BRDA:59,4,0,0
BRDA:60,5,0,0
BRF:8
BRH:2
end_of_record
TN:
SF:/home/kris/Sites/contracts/pure-escapes/pure-escapes-fe/src/api/auth.js
FN:5,(anonymous_0)
FN:12,(anonymous_1)
FN:18,(anonymous_2)
FN:24,(anonymous_3)
FNF:4
FNH:0
FNDA:0,(anonymous_0)
FNDA:0,(anonymous_1)
FNDA:0,(anonymous_2)
FNDA:0,(anonymous_3)
DA:3,0
DA:5,0
DA:6,0
DA:7,0
DA:12,0
DA:13,0
DA:14,0
DA:18,0
DA:19,0
DA:20,0
DA:24,0
DA:25,0
DA:26,0
LF:13
LH:0
BRF:0
BRH:0
end_of_record
TN:
SF:/home/kris/Sites/contracts/pure-escapes/pure-escapes-fe/src/api/bookings.js
FN:22,(anonymous_0)
FN:22,(anonymous_1)
FN:39,(anonymous_2)
FN:44,(anonymous_3)
FN:46,(anonymous_4)
FN:48,(anonymous_5)
FN:50,(anonymous_6)
FN:52,(anonymous_7)
FN:54,(anonymous_8)
FN:56,(anonymous_9)
FN:58,(anonymous_10)
FN:60,(anonymous_11)
FN:62,(anonymous_12)
FN:64,(anonymous_13)
FN:66,(anonymous_14)
FNF:15
FNH:0
FNDA:0,(anonymous_0)
FNDA:0,(anonymous_1)
FNDA:0,(anonymous_2)
FNDA:0,(anonymous_3)
FNDA:0,(anonymous_4)
FNDA:0,(anonymous_5)
FNDA:0,(anonymous_6)
FNDA:0,(anonymous_7)
FNDA:0,(anonymous_8)
FNDA:0,(anonymous_9)
FNDA:0,(anonymous_10)
FNDA:0,(anonymous_11)
FNDA:0,(anonymous_12)
FNDA:0,(anonymous_13)
FNDA:0,(anonymous_14)
DA:19,0
DA:20,0
DA:22,0
DA:31,0
DA:39,0
DA:41,0
DA:42,0
DA:44,0
DA:45,0
DA:46,0
DA:48,0
DA:49,0
DA:50,0
DA:52,0
DA:53,0
DA:54,0
DA:56,0
DA:57,0
DA:58,0
DA:60,0
DA:61,0
DA:62,0
DA:64,0
DA:65,0
DA:66,0
LF:25
LH:0
BRF:0
BRH:0
end_of_record
TN:
SF:/home/kris/Sites/contracts/pure-escapes/pure-escapes-fe/src/api/comments.js
FN:22,(anonymous_0)
FN:37,(anonymous_1)
FN:39,(anonymous_2)
FN:55,(anonymous_3)
FN:57,(anonymous_4)
FN:60,(anonymous_5)
FN:62,(anonymous_6)
FN:64,(anonymous_7)
FN:66,(anonymous_8)
FNF:9
FNH:0
FNDA:0,(anonymous_0)
FNDA:0,(anonymous_1)
FNDA:0,(anonymous_2)
FNDA:0,(anonymous_3)
FNDA:0,(anonymous_4)
FNDA:0,(anonymous_5)
FNDA:0,(anonymous_6)
FNDA:0,(anonymous_7)
FNDA:0,(anonymous_8)
DA:19,0
DA:20,0
DA:22,0
DA:30,0
DA:37,0
DA:39,0
DA:48,0
DA:55,0
DA:57,0
DA:58,0
DA:60,0
DA:61,0
DA:62,0
DA:64,0
DA:65,0
DA:66,0
LF:16
LH:0
BRF:0
BRH:0
end_of_record
TN:
SF:/home/kris/Sites/contracts/pure-escapes/pure-escapes-fe/src/api/companies.js
FN:22,(anonymous_0)
FN:37,(anonymous_1)
FN:39,(anonymous_2)
FN:41,(anonymous_3)
FN:43,(anonymous_4)
FN:45,(anonymous_5)
FN:47,(anonymous_6)
FN:49,(anonymous_7)
FN:51,(anonymous_8)
FNF:9
FNH:0
FNDA:0,(anonymous_0)
FNDA:0,(anonymous_1)
FNDA:0,(anonymous_2)
FNDA:0,(anonymous_3)
FNDA:0,(anonymous_4)
FNDA:0,(anonymous_5)
FNDA:0,(anonymous_6)
FNDA:0,(anonymous_7)
FNDA:0,(anonymous_8)
DA:19,0
DA:20,0
DA:22,0
DA:30,0
DA:37,0
DA:39,0
DA:40,0
DA:41,0
DA:43,0
DA:44,0
DA:45,0
DA:47,0
DA:48,0
DA:49,0
DA:51,0
DA:52,0
LF:16
LH:0
BRF:0
BRH:0
end_of_record
TN:
SF:/home/kris/Sites/contracts/pure-escapes/pure-escapes-fe/src/api/hotels.js
FN:23,(anonymous_0)
FN:38,(anonymous_1)
FN:40,(anonymous_2)
FN:55,(anonymous_3)
FN:57,(anonymous_4)
FN:59,(anonymous_5)
FN:61,(anonymous_6)
FN:63,(anonymous_7)
FN:65,(anonymous_8)
FN:67,(anonymous_9)
FNF:10
FNH:0
FNDA:0,(anonymous_0)
FNDA:0,(anonymous_1)
FNDA:0,(anonymous_2)
FNDA:0,(anonymous_3)
FNDA:0,(anonymous_4)
FNDA:0,(anonymous_5)
FNDA:0,(anonymous_6)
FNDA:0,(anonymous_7)
FNDA:0,(anonymous_8)
FNDA:0,(anonymous_9)
DA:19,0
DA:20,0
DA:21,0
DA:23,0
DA:31,0
DA:38,0
DA:40,0
DA:48,0
DA:55,0
DA:57,0
DA:58,0
DA:59,0
DA:61,0
DA:62,0
DA:63,0
DA:65,0
DA:66,0
DA:67,0
LF:18
LH:0
BRF:0
BRH:0
end_of_record
TN:
SF:/home/kris/Sites/contracts/pure-escapes/pure-escapes-fe/src/api/httpClient.js
FN:3,(anonymous_0)
FNF:1
FNH:0
FNDA:0,(anonymous_0)
DA:4,0
DA:5,0
DA:6,0
DA:8,0
DA:9,0
LF:5
LH:0
BRDA:3,0,0,0
BRDA:5,1,0,0
BRDA:5,1,1,0
BRF:3
BRH:0
end_of_record
TN:
SF:/home/kris/Sites/contracts/pure-escapes/pure-escapes-fe/src/api/offers.js
FN:22,(anonymous_0)
FN:37,(anonymous_1)
FN:39,(anonymous_2)
FN:41,(anonymous_3)
FN:43,(anonymous_4)
FN:45,(anonymous_5)
FN:47,(anonymous_6)
FN:49,(anonymous_7)
FNF:8
FNH:0
FNDA:0,(anonymous_0)
FNDA:0,(anonymous_1)
FNDA:0,(anonymous_2)
FNDA:0,(anonymous_3)
FNDA:0,(anonymous_4)
FNDA:0,(anonymous_5)
FNDA:0,(anonymous_6)
FNDA:0,(anonymous_7)
DA:19,0
DA:20,0
DA:22,0
DA:30,0
DA:37,0
DA:39,0
DA:40,0
DA:41,0
DA:43,0
DA:44,0
DA:45,0
DA:47,0
DA:48,0
DA:49,0
LF:14
LH:0
BRF:0
BRH:0
end_of_record
TN:
SF:/home/kris/Sites/contracts/pure-escapes/pure-escapes-fe/src/api/proposals.js
FN:22,(anonymous_0)
FN:37,(anonymous_1)
FN:39,(anonymous_2)
FN:41,(anonymous_3)
FN:43,(anonymous_4)
FN:45,(anonymous_5)
FN:47,(anonymous_6)
FN:49,(anonymous_7)
FN:51,(anonymous_8)
FN:53,(anonymous_9)
FN:55,(anonymous_10)
FN:57,(anonymous_11)
FNF:12
FNH:0
FNDA:0,(anonymous_0)
FNDA:0,(anonymous_1)
FNDA:0,(anonymous_2)
FNDA:0,(anonymous_3)
FNDA:0,(anonymous_4)
FNDA:0,(anonymous_5)
FNDA:0,(anonymous_6)
FNDA:0,(anonymous_7)
FNDA:0,(anonymous_8)
FNDA:0,(anonymous_9)
FNDA:0,(anonymous_10)
FNDA:0,(anonymous_11)
DA:19,0
DA:20,0
DA:22,0
DA:30,0
DA:37,0
DA:39,0
DA:40,0
DA:41,0
DA:43,0
DA:44,0
DA:45,0
DA:47,0
DA:48,0
DA:49,0
DA:51,0
DA:52,0
DA:53,0
DA:55,0
DA:56,0
DA:57,0
LF:20
LH:0
BRF:0
BRH:0
end_of_record
TN:
SF:/home/kris/Sites/contracts/pure-escapes/pure-escapes-fe/src/api/rates.js
FN:22,(anonymous_0)
FN:37,(anonymous_1)
FN:39,(anonymous_2)
FN:41,(anonymous_3)
FN:43,(anonymous_4)
FN:45,(anonymous_5)
FN:47,(anonymous_6)
FN:49,(anonymous_7)
FN:51,(anonymous_8)
FN:54,(anonymous_9)
FNF:10
FNH:0
FNDA:0,(anonymous_0)
FNDA:0,(anonymous_1)
FNDA:0,(anonymous_2)
FNDA:0,(anonymous_3)
FNDA:0,(anonymous_4)
FNDA:0,(anonymous_5)
FNDA:0,(anonymous_6)
FNDA:0,(anonymous_7)
FNDA:0,(anonymous_8)
FNDA:0,(anonymous_9)
DA:19,0
DA:20,0
DA:22,0
DA:30,0
DA:37,0
DA:39,0
DA:40,0
DA:41,0
DA:43,0
DA:44,0
DA:45,0
DA:47,0
DA:48,0
DA:49,0
DA:51,0
DA:52,0
DA:54,0
LF:17
LH:0
BRF:0
BRH:0
end_of_record
TN:
SF:/home/kris/Sites/contracts/pure-escapes/pure-escapes-fe/src/api/rooms.js
FN:22,(anonymous_0)
FN:37,(anonymous_1)
FN:39,(anonymous_2)
FN:41,(anonymous_3)
FN:43,(anonymous_4)
FN:45,(anonymous_5)
FN:47,(anonymous_6)
FN:49,(anonymous_7)
FNF:8
FNH:0
FNDA:0,(anonymous_0)
FNDA:0,(anonymous_1)
FNDA:0,(anonymous_2)
FNDA:0,(anonymous_3)
FNDA:0,(anonymous_4)
FNDA:0,(anonymous_5)
FNDA:0,(anonymous_6)
FNDA:0,(anonymous_7)
DA:19,0
DA:20,0
DA:22,0
DA:30,0
DA:37,0
DA:39,0
DA:40,0
DA:41,0
DA:43,0
DA:44,0
DA:45,0
DA:47,0
DA:48,0
DA:49,0
LF:14
LH:0
BRF:0
BRH:0
end_of_record
TN:
SF:/home/kris/Sites/contracts/pure-escapes/pure-escapes-fe/src/api/salesRepresentatives.js
FN:22,(anonymous_0)
FN:37,(anonymous_1)
FN:39,(anonymous_2)
FN:41,(anonymous_3)
FN:43,(anonymous_4)
FN:45,(anonymous_5)
FN:47,(anonymous_6)
FN:49,(anonymous_7)
FNF:8
FNH:0
FNDA:0,(anonymous_0)
FNDA:0,(anonymous_1)
FNDA:0,(anonymous_2)
FNDA:0,(anonymous_3)
FNDA:0,(anonymous_4)
FNDA:0,(anonymous_5)
FNDA:0,(anonymous_6)
FNDA:0,(anonymous_7)
DA:19,0
DA:20,0
DA:22,0
DA:30,0
DA:37,0
DA:39,0
DA:40,0
DA:41,0
DA:43,0
DA:44,0
DA:45,0
DA:47,0
DA:48,0
DA:49,0
LF:14
LH:0
BRF:0
BRH:0
end_of_record
TN:
SF:/home/kris/Sites/contracts/pure-escapes/pure-escapes-fe/src/api/travelAgents.js
FN:22,(anonymous_0)
FN:37,(anonymous_1)
FN:39,(anonymous_2)
FN:55,(anonymous_3)
FN:57,(anonymous_4)
FN:59,(anonymous_5)
FN:61,(anonymous_6)
FN:63,(anonymous_7)
FN:65,(anonymous_8)
FN:67,(anonymous_9)
FNF:10
FNH:0
FNDA:0,(anonymous_0)
FNDA:0,(anonymous_1)
FNDA:0,(anonymous_2)
FNDA:0,(anonymous_3)
FNDA:0,(anonymous_4)
FNDA:0,(anonymous_5)
FNDA:0,(anonymous_6)
FNDA:0,(anonymous_7)
FNDA:0,(anonymous_8)
FNDA:0,(anonymous_9)
DA:19,0
DA:20,0
DA:22,0
DA:30,0
DA:37,0
DA:39,0
DA:48,0
DA:55,0
DA:57,0
DA:58,0
DA:59,0
DA:61,0
DA:62,0
DA:63,0
DA:65,0
DA:66,0
DA:67,0
LF:17
LH:0
BRF:0
BRH:0
end_of_record
TN:
SF:/home/kris/Sites/contracts/pure-escapes/pure-escapes-fe/src/api/users.js
FN:22,(anonymous_0)
FN:37,(anonymous_1)
FN:39,(anonymous_2)
FN:41,(anonymous_3)
FN:43,(anonymous_4)
FN:45,(anonymous_5)
FN:47,(anonymous_6)
FN:49,(anonymous_7)
FN:51,(anonymous_8)
FN:53,(anonymous_9)
FN:55,(anonymous_10)
FN:58,(anonymous_11)
FN:61,(anonymous_12)
FN:63,(anonymous_13)
FN:65,(anonymous_14)
FN:67,(anonymous_15)
FNF:16
FNH:0
FNDA:0,(anonymous_0)
FNDA:0,(anonymous_1)
FNDA:0,(anonymous_2)
FNDA:0,(anonymous_3)
FNDA:0,(anonymous_4)
FNDA:0,(anonymous_5)
FNDA:0,(anonymous_6)
FNDA:0,(anonymous_7)
FNDA:0,(anonymous_8)
FNDA:0,(anonymous_9)
FNDA:0,(anonymous_10)
FNDA:0,(anonymous_11)
FNDA:0,(anonymous_12)
FNDA:0,(anonymous_13)
FNDA:0,(anonymous_14)
FNDA:0,(anonymous_15)
DA:19,0
DA:20,0
DA:22,0
DA:30,0
DA:37,0
DA:39,0
DA:40,0
DA:41,0
DA:43,0
DA:44,0
DA:45,0
DA:47,0
DA:48,0
DA:49,0
DA:51,0
DA:52,0
DA:53,0
DA:55,0
DA:56,0
DA:57,0
DA:58,0
DA:61,0
DA:62,0
DA:63,0
DA:65,0
DA:66,0
DA:67,0
LF:27
LH:0
BRF:0
BRH:0
end_of_record
TN:
SF:/home/kris/Sites/contracts/pure-escapes/pure-escapes-fe/src/api/request/error.js
FN:17,(anonymous_0)
FNF:1
FNH:0
FNDA:0,(anonymous_0)
DA:17,0
DA:18,0
DA:19,0
DA:22,0
LF:4
LH:0
BRDA:18,0,0,0
BRDA:18,1,0,0
BRDA:18,1,1,0
BRDA:19,2,0,0
BRDA:19,2,1,0
BRF:5
BRH:0
end_of_record
TN:
SF:/home/kris/Sites/contracts/pure-escapes/pure-escapes-fe/src/api/request/index.js
FNF:0
FNH:0
LF:0
LH:0
BRF:0
BRH:0
end_of_record
TN:
SF:/home/kris/Sites/contracts/pure-escapes/pure-escapes-fe/src/api/request/loopback.js
FN:25,(anonymous_0)
FN:29,(anonymous_1)
FN:33,(anonymous_2)
FN:37,(anonymous_3)
FN:41,(anonymous_4)
FN:46,(anonymous_5)
FN:51,(anonymous_6)
FN:60,(anonymous_7)
FN:60,(anonymous_8)
FNF:9
FNH:0
FNDA:0,(anonymous_0)
FNDA:0,(anonymous_1)
FNDA:0,(anonymous_2)
FNDA:0,(anonymous_3)
FNDA:0,(anonymous_4)
FNDA:0,(anonymous_5)
FNDA:0,(anonymous_6)
FNDA:0,(anonymous_7)
FNDA:0,(anonymous_8)
DA:25,0
DA:26,0
DA:29,0
DA:30,0
DA:33,0
DA:34,0
DA:37,0
DA:38,0
DA:41,0
DA:42,0
DA:46,0
DA:47,0
DA:48,0
DA:51,0
DA:60,0
DA:61,0
DA:62,0
DA:63,0
DA:64,0
DA:65,0
DA:67,0
DA:69,0
DA:70,0
DA:71,0
DA:74,0
LF:25
LH:0
BRDA:26,0,0,0
BRDA:26,0,1,0
BRDA:30,1,0,0
BRDA:30,1,1,0
BRDA:34,2,0,0
BRDA:34,2,1,0
BRDA:38,3,0,0
BRDA:38,3,1,0
BRDA:42,4,0,0
BRDA:42,4,1,0
BRDA:47,5,0,0
BRDA:47,5,1,0
BRDA:69,6,0,0
BRDA:69,6,1,0
BRF:14
BRH:0
end_of_record
TN:
SF:/home/kris/Sites/contracts/pure-escapes/pure-escapes-fe/src/api/request/request.js
FN:24,(anonymous_0)
FN:24,(anonymous_1)
FN:30,(anonymous_2)
FN:40,(anonymous_3)
FN:53,(anonymous_4)
FN:60,(anonymous_5)
FN:65,(anonymous_6)
FN:70,(anonymous_7)
FN:75,(anonymous_8)
FN:81,(anonymous_9)
FN:86,(anonymous_10)
FNF:11
FNH:0
FNDA:0,(anonymous_0)
FNDA:0,(anonymous_1)
FNDA:0,(anonymous_2)
FNDA:0,(anonymous_3)
FNDA:0,(anonymous_4)
FNDA:0,(anonymous_5)
FNDA:0,(anonymous_6)
FNDA:0,(anonymous_7)
FNDA:0,(anonymous_8)
FNDA:0,(anonymous_9)
FNDA:0,(anonymous_10)
DA:24,0
DA:25,0
DA:27,0
DA:28,0
DA:30,0
DA:31,0
DA:32,0
DA:35,0
DA:37,0
DA:40,0
DA:41,0
DA:42,0
DA:45,0
DA:50,0
DA:53,0
DA:54,0
DA:55,0
DA:57,0
DA:60,0
DA:61,0
DA:62,0
DA:65,0
DA:66,0
DA:67,0
DA:70,0
DA:71,0
DA:72,0
DA:75,0
DA:76,0
DA:77,0
DA:78,0
DA:81,0
DA:82,0
DA:83,0
DA:86,0
DA:87,0
DA:88,0
DA:91,0
DA:92,0
DA:94,0
LF:40
LH:0
BRDA:31,0,0,0
BRDA:31,0,1,0
BRDA:41,1,0,0
BRDA:41,1,1,0
BRF:4
BRH:0
end_of_record
TN:
SF:/home/kris/Sites/contracts/pure-escapes/pure-escapes-fe/src/api/request/response.js
FN:17,(anonymous_0)
FN:17,(anonymous_1)
FN:28,(anonymous_2)
FN:29,(anonymous_3)
FN:36,(anonymous_4)
FN:37,(anonymous_5)
FNF:6
FNH:0
FNDA:0,(anonymous_0)
FNDA:0,(anonymous_1)
FNDA:0,(anonymous_2)
FNDA:0,(anonymous_3)
FNDA:0,(anonymous_4)
FNDA:0,(anonymous_5)
DA:17,0
DA:18,0
DA:19,0
DA:22,0
DA:23,0
DA:24,0
DA:28,0
DA:29,0
DA:30,0
DA:31,0
DA:32,0
DA:35,0
DA:36,0
DA:37,0
DA:39,0
DA:42,0
DA:45,0
DA:47,0
DA:50,0
LF:19
LH:0
BRDA:18,0,0,0
BRDA:18,0,1,0
BRDA:23,1,0,0
BRDA:23,1,1,0
BRDA:31,2,0,0
BRDA:31,2,1,0
BRDA:36,3,0,0
BRDA:36,3,1,0
BRDA:45,4,0,0
BRDA:45,4,1,0
BRF:10
BRH:0
end_of_record
TN:
SF:/home/kris/Sites/contracts/pure-escapes/pure-escapes-fe/src/api/request/validations.js
FN:17,(anonymous_0)
FN:42,(anonymous_1)
FN:60,(anonymous_2)
FN:78,(anonymous_3)
FN:80,(anonymous_4)
FNF:5
FNH:0
FNDA:0,(anonymous_0)
FNDA:0,(anonymous_1)
FNDA:0,(anonymous_2)
FNDA:0,(anonymous_3)
FNDA:0,(anonymous_4)
DA:17,0
DA:18,0
DA:19,0
DA:22,0
DA:24,0
DA:29,0
DA:32,0
DA:34,0
DA:36,0
DA:39,0
DA:42,0
DA:43,0
DA:44,0
DA:47,0
DA:49,0
DA:54,0
DA:57,0
DA:60,0
DA:61,0
DA:62,0
DA:65,0
DA:67,0
DA:72,0
DA:75,0
DA:78,0
DA:80,0
DA:81,0
DA:82,0
DA:86,0
LF:29
LH:0
BRDA:18,0,0,0
BRDA:18,0,1,0
BRDA:22,1,0,0
BRDA:22,1,1,0
BRDA:32,2,0,0
BRDA:32,2,1,0
BRDA:43,3,0,0
BRDA:43,3,1,0
BRDA:47,4,0,0
BRDA:47,4,1,0
BRDA:61,5,0,0
BRDA:61,5,1,0
BRDA:65,6,0,0
BRDA:65,6,1,0
BRDA:81,7,0,0
BRDA:81,7,1,0
BRF:16
BRH:0
end_of_record
TN:
SF:/home/kris/Sites/contracts/pure-escapes/pure-escapes-fe/src/application/App.js
FN:29,(anonymous_0)
FN:38,(anonymous_1)
FN:48,(anonymous_2)
FNF:3
FNH:0
FNDA:0,(anonymous_0)
FNDA:0,(anonymous_1)
FNDA:0,(anonymous_2)
DA:30,0
DA:31,0
DA:34,0
DA:35,0
DA:40,0
DA:41,0
DA:43,0
DA:44,0
DA:49,0
LF:9
LH:0
BRDA:30,0,0,0
BRDA:30,0,1,0
BRDA:34,1,0,0
BRDA:34,1,1,0
BRDA:41,2,0,0
BRDA:41,2,1,0
BRDA:43,3,0,0
BRDA:43,3,1,0
BRF:8
BRH:0
end_of_record
TN:
SF:/home/kris/Sites/contracts/pure-escapes/pure-escapes-fe/src/application/index.js
FN:19,(anonymous_0)
FN:21,(anonymous_1)
FNF:2
FNH:0
FNDA:0,(anonymous_0)
FNDA:0,(anonymous_1)
DA:19,0
DA:20,0
DA:21,0
LF:3
LH:0
BRDA:19,0,0,0
BRF:1
BRH:0
end_of_record
TN:
SF:/home/kris/Sites/contracts/pure-escapes/pure-escapes-fe/src/components/index.js
FNF:0
FNH:0
LF:0
LH:0
BRF:0
BRH:0
end_of_record
TN:
SF:/home/kris/Sites/contracts/pure-escapes/pure-escapes-fe/src/components/Calendar/index.js
FN:17,(anonymous_0)
FN:26,(anonymous_1)
FN:40,(anonymous_2)
FNF:3
FNH:0
FNDA:0,(anonymous_0)
FNDA:0,(anonymous_1)
FNDA:0,(anonymous_2)
DA:20,0
DA:22,0
DA:23,0
DA:27,0
DA:29,0
DA:40,0
LF:6
LH:0
BRDA:13,0,0,0
BRDA:13,0,1,0
BRDA:14,1,0,0
BRDA:14,1,1,0
BRDA:23,2,0,0
BRDA:23,2,1,0
BRF:6
BRH:0
end_of_record
TN:
SF:/home/kris/Sites/contracts/pure-escapes/pure-escapes-fe/src/components/Chart/index.js
FNF:0
FNH:0
DA:5,0
DA:7,0
LF:2
LH:0
BRF:0
BRH:0
end_of_record
TN:
SF:/home/kris/Sites/contracts/pure-escapes/pure-escapes-fe/src/components/CheckboxInput/index.js
FN:20,(anonymous_0)
FNF:1
FNH:0
FNDA:0,(anonymous_0)
DA:10,0
DA:15,0
DA:20,0
DA:21,0
LF:4
LH:0
BRF:0
BRH:0
end_of_record
TN:
SF:/home/kris/Sites/contracts/pure-escapes/pure-escapes-fe/src/components/Connect/index.js
FN:4,(anonymous_0)
FN:5,(anonymous_1)
FNF:2
FNH:0
FNDA:0,(anonymous_0)
FNDA:0,(anonymous_1)
DA:4,0
DA:5,0
LF:2
LH:0
BRF:0
BRH:0
end_of_record
TN:
SF:/home/kris/Sites/contracts/pure-escapes/pure-escapes-fe/src/components/CoverPhoto/index.js
FN:13,(anonymous_0)
FNF:1
FNH:0
FNDA:0,(anonymous_0)
DA:10,0
DA:13,0
DA:14,0
LF:3
LH:0
BRF:0
BRH:0
end_of_record
TN:
SF:/home/kris/Sites/contracts/pure-escapes/pure-escapes-fe/src/components/Dropdown/index.js
FN:15,(anonymous_0)
FN:17,(anonymous_1)
FNF:2
FNH:0
FNDA:0,(anonymous_0)
FNDA:0,(anonymous_1)
DA:11,0
DA:15,0
DA:16,0
DA:23,0
DA:57,0
DA:60,0
LF:6
LH:0
BRDA:39,0,0,0
BRDA:39,0,1,0
BRDA:50,1,0,0
BRDA:50,1,1,0
BRF:4
BRH:0
end_of_record
TN:
SF:/home/kris/Sites/contracts/pure-escapes/pure-escapes-fe/src/components/FileUpload/index.js
FN:21,(anonymous_0)
FN:22,(anonymous_1)
FNF:2
FNH:0
FNDA:0,(anonymous_0)
FNDA:0,(anonymous_1)
DA:13,0
DA:17,0
DA:21,0
DA:22,0
DA:23,0
DA:24,0
DA:25,0
DA:27,0
LF:8
LH:0
BRF:0
BRH:0
end_of_record
TN:
SF:/home/kris/Sites/contracts/pure-escapes/pure-escapes-fe/src/components/Footer/index.js
FN:27,(anonymous_0)
FNF:1
FNH:0
FNDA:0,(anonymous_0)
DA:8,0
DA:11,0
DA:16,0
DA:23,0
DA:27,0
DA:28,0
LF:6
LH:0
BRF:0
BRH:0
end_of_record
TN:
SF:/home/kris/Sites/contracts/pure-escapes/pure-escapes-fe/src/components/Form/index.js
FN:5,(anonymous_0)
FNF:1
FNH:0
FNDA:0,(anonymous_0)
DA:5,0
DA:6,0
LF:2
LH:0
BRF:0
BRH:0
end_of_record
TN:
SF:/home/kris/Sites/contracts/pure-escapes/pure-escapes-fe/src/components/Header/index.js
FN:44,(anonymous_0)
FN:45,(anonymous_1)
FN:46,(anonymous_2)
FN:48,(anonymous_3)
FN:97,(anonymous_4)
FNF:5
FNH:0
FNDA:0,(anonymous_0)
FNDA:0,(anonymous_1)
FNDA:0,(anonymous_2)
FNDA:0,(anonymous_3)
FNDA:0,(anonymous_4)
DA:14,0
DA:19,0
DA:28,0
DA:33,0
DA:39,0
DA:44,0
DA:45,0
DA:46,0
DA:48,0
DA:49,0
DA:97,0
LF:11
LH:0
BRDA:44,0,0,0
BRDA:44,0,1,0
BRDA:45,1,0,0
BRDA:45,1,1,0
BRDA:46,2,0,0
BRDA:46,2,1,0
BRDA:53,3,0,0
BRDA:53,3,1,0
BRDA:64,4,0,0
BRDA:64,4,1,0
BRDA:74,5,0,0
BRDA:74,5,1,0
BRF:12
BRH:0
end_of_record
TN:
SF:/home/kris/Sites/contracts/pure-escapes/pure-escapes-fe/src/components/Label/index.js
FN:14,(anonymous_0)
FNF:1
FNH:0
FNDA:0,(anonymous_0)
DA:10,0
DA:14,0
DA:15,0
LF:3
LH:0
BRF:0
BRH:0
end_of_record
TN:
SF:/home/kris/Sites/contracts/pure-escapes/pure-escapes-fe/src/components/Modal/index.js
FN:10,(anonymous_0)
FN:14,(anonymous_1)
FN:18,(anonymous_2)
FNF:3
FNH:0
FNDA:0,(anonymous_0)
FNDA:0,(anonymous_1)
FNDA:0,(anonymous_2)
DA:11,0
DA:15,0
DA:19,0
DA:20,0
DA:22,0
LF:5
LH:0
BRF:0
BRH:0
end_of_record
TN:
SF:/home/kris/Sites/contracts/pure-escapes/pure-escapes-fe/src/components/NumberInput/index.js
FN:43,(anonymous_0)
FN:47,(anonymous_1)
FN:51,(anonymous_2)
FNF:3
FNH:0
FNDA:0,(anonymous_0)
FNDA:0,(anonymous_1)
FNDA:0,(anonymous_2)
DA:10,0
DA:19,0
DA:22,0
DA:27,0
DA:34,0
DA:39,0
DA:43,0
DA:44,0
DA:47,0
DA:51,0
LF:10
LH:0
BRF:0
BRH:0
end_of_record
TN:
SF:/home/kris/Sites/contracts/pure-escapes/pure-escapes-fe/src/components/RadioButton/index.js
FN:20,(anonymous_0)
FNF:1
FNH:0
FNDA:0,(anonymous_0)
DA:10,0
DA:15,0
DA:20,0
DA:21,0
LF:4
LH:0
BRF:0
BRH:0
end_of_record
TN:
SF:/home/kris/Sites/contracts/pure-escapes/pure-escapes-fe/src/components/Request/index.js
FN:12,(anonymous_0)
FN:16,(anonymous_1)
FN:17,(anonymous_2)
FN:18,(anonymous_3)
FN:24,(anonymous_4)
FNF:5
FNH:0
FNDA:0,(anonymous_0)
FNDA:0,(anonymous_1)
FNDA:0,(anonymous_2)
FNDA:0,(anonymous_3)
FNDA:0,(anonymous_4)
DA:13,0
DA:17,0
DA:18,0
DA:19,0
DA:25,0
DA:26,0
DA:29,0
LF:7
LH:0
BRDA:16,0,0,0
BRDA:25,1,0,0
BRDA:25,1,1,0
BRF:3
BRH:0
end_of_record
TN:
SF:/home/kris/Sites/contracts/pure-escapes/pure-escapes-fe/src/components/SelectInput/index.js
FN:16,(anonymous_0)
FN:20,(anonymous_1)
FN:23,(anonymous_2)
FN:24,(anonymous_3)
FN:26,(anonymous_4)
FN:41,(anonymous_5)
FN:57,(anonymous_6)
FNF:7
FNH:0
FNDA:0,(anonymous_0)
FNDA:0,(anonymous_1)
FNDA:0,(anonymous_2)
FNDA:0,(anonymous_3)
FNDA:0,(anonymous_4)
FNDA:0,(anonymous_5)
FNDA:0,(anonymous_6)
DA:12,0
DA:16,0
DA:20,0
DA:21,0
DA:23,0
DA:24,0
DA:35,0
DA:41,0
DA:58,0
DA:80,0
DA:90,0
LF:11
LH:0
BRDA:16,0,0,0
BRDA:16,0,1,0
BRDA:24,1,0,0
BRDA:24,1,1,0
BRDA:47,2,0,0
BRDA:47,2,1,0
BRDA:57,3,0,0
BRDA:57,3,1,0
BRF:8
BRH:0
end_of_record
TN:
SF:/home/kris/Sites/contracts/pure-escapes/pure-escapes-fe/src/components/StaticHeader/index.js
FN:14,(anonymous_0)
FNF:1
FNH:0
FNDA:0,(anonymous_0)
DA:10,0
DA:14,0
DA:15,0
LF:3
LH:0
BRF:0
BRH:0
end_of_record
TN:
SF:/home/kris/Sites/contracts/pure-escapes/pure-escapes-fe/src/components/Styled/index.js
FN:14,(anonymous_0)
FN:17,(anonymous_1)
FN:24,(anonymous_2)
FN:37,(anonymous_3)
FN:38,(anonymous_4)
FN:39,(anonymous_5)
FN:40,(anonymous_6)
FN:41,(anonymous_7)
FN:42,(anonymous_8)
FN:43,(anonymous_9)
FN:44,(anonymous_10)
FN:54,(anonymous_11)
FN:55,(anonymous_12)
FN:59,(anonymous_13)
FN:60,(anonymous_14)
FN:67,(anonymous_15)
FN:69,(anonymous_16)
FNF:17
FNH:0
FNDA:0,(anonymous_0)
FNDA:0,(anonymous_1)
FNDA:0,(anonymous_2)
FNDA:0,(anonymous_3)
FNDA:0,(anonymous_4)
FNDA:0,(anonymous_5)
FNDA:0,(anonymous_6)
FNDA:0,(anonymous_7)
FNDA:0,(anonymous_8)
FNDA:0,(anonymous_9)
FNDA:0,(anonymous_10)
FNDA:0,(anonymous_11)
FNDA:0,(anonymous_12)
FNDA:0,(anonymous_13)
FNDA:0,(anonymous_14)
FNDA:0,(anonymous_15)
FNDA:0,(anonymous_16)
DA:14,0
DA:17,0
DA:18,0
DA:19,0
DA:22,0
DA:23,0
DA:24,0
DA:25,0
DA:28,0
DA:29,0
DA:30,0
DA:31,0
DA:34,0
DA:37,0
DA:38,0
DA:39,0
DA:40,0
DA:41,0
DA:42,0
DA:43,0
DA:44,0
DA:47,0
DA:53,0
DA:54,0
DA:55,0
DA:58,0
DA:59,0
DA:60,0
DA:64,0
DA:67,0
DA:69,0
DA:76,0
DA:81,0
LF:33
LH:0
BRDA:17,0,0,0
BRDA:18,1,0,0
BRDA:18,1,1,0
BRDA:22,2,0,0
BRDA:22,2,1,0
BRDA:55,3,0,0
BRDA:55,3,1,0
BRDA:60,4,0,0
BRDA:60,4,1,0
BRF:9
BRH:0
end_of_record
TN:
SF:/home/kris/Sites/contracts/pure-escapes/pure-escapes-fe/src/components/Table/index.js
FNF:0
FNH:0
LF:0
LH:0
BRF:0
BRH:0
end_of_record
TN:
SF:/home/kris/Sites/contracts/pure-escapes/pure-escapes-fe/src/components/UserDropdown/index.js
FN:35,(anonymous_0)
FN:37,(anonymous_1)
FN:54,(anonymous_2)
FNF:3
FNH:0
FNDA:0,(anonymous_0)
FNDA:0,(anonymous_1)
FNDA:0,(anonymous_2)
DA:15,0
DA:19,0
DA:23,0
DA:27,0
DA:30,0
DA:35,0
DA:37,0
DA:55,0
DA:56,0
LF:9
LH:0
BRDA:37,0,0,0
BRDA:37,0,1,0
BRDA:50,1,0,0
BRDA:50,1,1,0
BRF:4
BRH:0
end_of_record
TN:
SF:/home/kris/Sites/contracts/pure-escapes/pure-escapes-fe/src/pages/index.js
FNF:0
FNH:0
LF:0
LH:0
BRF:0
BRH:0
end_of_record
TN:
SF:/home/kris/Sites/contracts/pure-escapes/pure-escapes-fe/src/pages/Admin/index.js
FNF:0
FNH:0
LF:0
LH:0
BRF:0
BRH:0
end_of_record
TN:
SF:/home/kris/Sites/contracts/pure-escapes/pure-escapes-fe/src/pages/Admin/Bookings/index.js
FNF:0
FNH:0
LF:0
LH:0
BRF:0
BRH:0
end_of_record
TN:
SF:/home/kris/Sites/contracts/pure-escapes/pure-escapes-fe/src/pages/Admin/Bookings/List/index.js
FN:29,(anonymous_0)
FN:33,(anonymous_1)
FN:34,(anonymous_2)
FN:48,(anonymous_3)
FN:57,(anonymous_4)
FNF:5
FNH:0
FNDA:0,(anonymous_0)
FNDA:0,(anonymous_1)
FNDA:0,(anonymous_2)
FNDA:0,(anonymous_3)
FNDA:0,(anonymous_4)
DA:15,0
DA:18,0
DA:26,0
DA:29,0
DA:30,0
DA:33,0
DA:35,0
DA:36,0
DA:49,0
DA:58,0
LF:10
LH:0
BRDA:38,0,0,0
BRDA:38,0,1,0
BRDA:38,0,2,0
BRF:3
BRH:0
end_of_record
TN:
SF:/home/kris/Sites/contracts/pure-escapes/pure-escapes-fe/src/pages/Admin/Bookings/List/components/BookingsFilters.js
FN:48,(anonymous_0)
FN:78,(anonymous_1)
FN:92,(anonymous_2)
FN:97,(anonymous_3)
FN:97,(anonymous_4)
FNF:5
FNH:0
FNDA:0,(anonymous_0)
FNDA:0,(anonymous_1)
FNDA:0,(anonymous_2)
FNDA:0,(anonymous_3)
FNDA:0,(anonymous_4)
DA:12,0
DA:17,0
DA:21,0
DA:31,0
DA:40,0
DA:44,0
DA:48,0
DA:58,0
DA:78,0
DA:92,0
DA:97,0
DA:98,0
DA:99,0
DA:100,0
DA:102,0
DA:103,0
DA:104,0
LF:17
LH:0
BRF:0
BRH:0
end_of_record
TN:
SF:/home/kris/Sites/contracts/pure-escapes/pure-escapes-fe/src/pages/Admin/Bookings/List/components/index.js
FNF:0
FNH:0
LF:0
LH:0
BRF:0
BRH:0
end_of_record
TN:
SF:/home/kris/Sites/contracts/pure-escapes/pure-escapes-fe/src/pages/Admin/Dashboard/index.js
FN:42,(anonymous_0)
FN:52,(anonymous_1)
FN:56,(anonymous_2)
FN:96,(anonymous_3)
FNF:4
FNH:0
FNDA:0,(anonymous_0)
FNDA:0,(anonymous_1)
FNDA:0,(anonymous_2)
FNDA:0,(anonymous_3)
DA:15,0
DA:18,0
DA:26,0
DA:31,0
DA:35,0
DA:39,0
DA:42,0
DA:43,0
DA:53,0
DA:57,0
DA:59,0
DA:96,0
LF:12
LH:0
BRF:0
BRH:0
end_of_record
TN:
SF:/home/kris/Sites/contracts/pure-escapes/pure-escapes-fe/src/pages/Admin/Hotels/index.js
FNF:0
FNH:0
LF:0
LH:0
BRF:0
BRH:0
end_of_record
TN:
SF:/home/kris/Sites/contracts/pure-escapes/pure-escapes-fe/src/pages/Admin/Hotels/Create/index.js
FN:22,(anonymous_0)
FNF:1
FNH:0
FNDA:0,(anonymous_0)
DA:11,0
DA:14,0
DA:22,0
DA:23,0
LF:4
LH:0
BRF:0
BRH:0
end_of_record
TN:
SF:/home/kris/Sites/contracts/pure-escapes/pure-escapes-fe/src/pages/Admin/Hotels/Create/components/HotelCreateForm.js
FN:30,(anonymous_0)
FN:40,(anonymous_1)
FN:41,(anonymous_2)
FN:46,(anonymous_3)
FNF:4
FNH:0
FNDA:0,(anonymous_0)
FNDA:0,(anonymous_1)
FNDA:0,(anonymous_2)
FNDA:0,(anonymous_3)
DA:14,0
DA:18,0
DA:22,0
DA:26,0
DA:30,0
DA:31,0
DA:41,0
DA:42,0
DA:47,0
LF:9
LH:0
BRF:0
BRH:0
end_of_record
TN:
SF:/home/kris/Sites/contracts/pure-escapes/pure-escapes-fe/src/pages/Admin/Hotels/Create/components/HotelCreateHeader.js
FN:34,(anonymous_0)
FNF:1
FNH:0
FNDA:0,(anonymous_0)
DA:10,0
DA:17,0
DA:21,0
DA:26,0
DA:30,0
DA:34,0
DA:35,0
LF:7
LH:0
BRF:0
BRH:0
end_of_record
TN:
SF:/home/kris/Sites/contracts/pure-escapes/pure-escapes-fe/src/pages/Admin/Hotels/Create/components/index.js
FNF:0
FNH:0
LF:0
LH:0
BRF:0
BRH:0
end_of_record
TN:
SF:/home/kris/Sites/contracts/pure-escapes/pure-escapes-fe/src/pages/Admin/Hotels/List/index.js
FN:29,(anonymous_0)
FN:33,(anonymous_1)
FN:34,(anonymous_2)
FN:39,(anonymous_3)
FN:46,(anonymous_4)
FNF:5
FNH:0
FNDA:0,(anonymous_0)
FNDA:0,(anonymous_1)
FNDA:0,(anonymous_2)
FNDA:0,(anonymous_3)
FNDA:0,(anonymous_4)
DA:15,0
DA:18,0
DA:26,0
DA:29,0
DA:30,0
DA:33,0
DA:35,0
DA:36,0
DA:40,0
DA:47,0
LF:10
LH:0
BRF:0
BRH:0
end_of_record
TN:
SF:/home/kris/Sites/contracts/pure-escapes/pure-escapes-fe/src/pages/Admin/Hotels/List/components/HotelsFilters.js
FN:44,(anonymous_0)
FN:57,(anonymous_1)
FNF:2
FNH:0
FNDA:0,(anonymous_0)
FNDA:0,(anonymous_1)
DA:12,0
DA:17,0
DA:21,0
DA:31,0
DA:36,0
DA:40,0
DA:44,0
DA:45,0
DA:57,0
LF:9
LH:0
BRF:0
BRH:0
end_of_record
TN:
SF:/home/kris/Sites/contracts/pure-escapes/pure-escapes-fe/src/pages/Admin/Hotels/List/components/index.js
FNF:0
FNH:0
LF:0
LH:0
BRF:0
BRH:0
end_of_record
TN:
SF:/home/kris/Sites/contracts/pure-escapes/pure-escapes-fe/src/pages/Admin/Hotels/Update/index.js
FN:30,(anonymous_0)
FN:35,(anonymous_1)
FNF:2
FNH:0
FNDA:0,(anonymous_0)
FNDA:0,(anonymous_1)
DA:12,0
DA:15,0
DA:23,0
DA:26,0
DA:30,0
DA:31,0
DA:36,0
LF:7
LH:0
BRF:0
BRH:0
end_of_record
TN:
SF:/home/kris/Sites/contracts/pure-escapes/pure-escapes-fe/src/pages/Admin/Hotels/Update/components/HotelRooms.js
FN:19,(anonymous_0)
FN:24,(anonymous_1)
FN:26,(anonymous_2)
FN:27,(anonymous_3)
FN:29,(anonymous_4)
FNF:5
FNH:0
FNDA:0,(anonymous_0)
FNDA:0,(anonymous_1)
FNDA:0,(anonymous_2)
FNDA:0,(anonymous_3)
FNDA:0,(anonymous_4)
DA:13,0
DA:16,0
DA:19,0
DA:20,0
DA:24,0
DA:26,0
DA:28,0
DA:30,0
LF:8
LH:0
BRF:0
BRH:0
end_of_record
TN:
SF:/home/kris/Sites/contracts/pure-escapes/pure-escapes-fe/src/pages/Admin/Hotels/Update/components/HotelUpdateForm.js
FN:31,(anonymous_0)
FN:42,(anonymous_1)
FN:43,(anonymous_2)
FN:48,(anonymous_3)
FNF:4
FNH:0
FNDA:0,(anonymous_0)
FNDA:0,(anonymous_1)
FNDA:0,(anonymous_2)
FNDA:0,(anonymous_3)
DA:15,0
DA:19,0
DA:23,0
DA:27,0
DA:31,0
DA:32,0
DA:43,0
DA:44,0
DA:49,0
LF:9
LH:0
BRF:0
BRH:0
end_of_record
TN:
SF:/home/kris/Sites/contracts/pure-escapes/pure-escapes-fe/src/pages/Admin/Hotels/Update/components/HotelUpdateHeader.js
FN:34,(anonymous_0)
FNF:1
FNH:0
FNDA:0,(anonymous_0)
DA:10,0
DA:17,0
DA:21,0
DA:26,0
DA:30,0
DA:34,0
DA:35,0
LF:7
LH:0
BRF:0
BRH:0
end_of_record
TN:
SF:/home/kris/Sites/contracts/pure-escapes/pure-escapes-fe/src/pages/Admin/Hotels/Update/components/index.js
FNF:0
FNH:0
LF:0
LH:0
BRF:0
BRH:0
end_of_record
TN:
SF:/home/kris/Sites/contracts/pure-escapes/pure-escapes-fe/src/pages/Admin/Hotels/components/HotelFields.js
FN:29,(anonymous_0)
FN:111,(anonymous_1)
FNF:2
FNH:0
FNDA:0,(anonymous_0)
FNDA:0,(anonymous_1)
DA:8,0
DA:11,0
DA:15,0
DA:20,0
DA:24,0
DA:29,0
DA:30,0
DA:111,0
LF:8
LH:0
BRF:0
BRH:0
end_of_record
TN:
SF:/home/kris/Sites/contracts/pure-escapes/pure-escapes-fe/src/pages/Admin/Hotels/components/index.js
FNF:0
FNH:0
LF:0
LH:0
BRF:0
BRH:0
end_of_record
TN:
SF:/home/kris/Sites/contracts/pure-escapes/pure-escapes-fe/src/pages/Admin/Proposals/index.js
FNF:0
FNH:0
LF:0
LH:0
BRF:0
BRH:0
end_of_record
TN:
SF:/home/kris/Sites/contracts/pure-escapes/pure-escapes-fe/src/pages/Admin/Proposals/List/index.js
FN:29,(anonymous_0)
FN:33,(anonymous_1)
FN:34,(anonymous_2)
FN:39,(anonymous_3)
FN:46,(anonymous_4)
FNF:5
FNH:0
FNDA:0,(anonymous_0)
FNDA:0,(anonymous_1)
FNDA:0,(anonymous_2)
FNDA:0,(anonymous_3)
FNDA:0,(anonymous_4)
DA:15,0
DA:18,0
DA:26,0
DA:29,0
DA:30,0
DA:33,0
DA:35,0
DA:36,0
DA:40,0
DA:47,0
LF:10
LH:0
BRF:0
BRH:0
end_of_record
TN:
SF:/home/kris/Sites/contracts/pure-escapes/pure-escapes-fe/src/pages/Admin/Proposals/List/components/ProposalsFilters.js
FN:27,(anonymous_0)
FNF:1
FNH:0
FNDA:0,(anonymous_0)
DA:10,0
DA:15,0
DA:27,0
DA:28,0
LF:4
LH:0
BRF:0
BRH:0
end_of_record
TN:
SF:/home/kris/Sites/contracts/pure-escapes/pure-escapes-fe/src/pages/Admin/Proposals/List/components/index.js
FNF:0
FNH:0
LF:0
LH:0
BRF:0
BRH:0
end_of_record
TN:
SF:/home/kris/Sites/contracts/pure-escapes/pure-escapes-fe/src/pages/Admin/Rates/index.js
FNF:0
FNH:0
LF:0
LH:0
BRF:0
BRH:0
end_of_record
TN:
SF:/home/kris/Sites/contracts/pure-escapes/pure-escapes-fe/src/pages/Admin/Rates/List/index.js
FN:39,(anonymous_0)
FN:46,(anonymous_1)
FN:50,(anonymous_2)
FN:51,(anonymous_3)
FN:53,(anonymous_4)
FN:61,(anonymous_5)
FN:63,(anonymous_6)
FN:74,(anonymous_7)
FN:77,(anonymous_8)
FNF:9
FNH:0
FNDA:0,(anonymous_0)
FNDA:0,(anonymous_1)
FNDA:0,(anonymous_2)
FNDA:0,(anonymous_3)
FNDA:0,(anonymous_4)
FNDA:0,(anonymous_5)
FNDA:0,(anonymous_6)
FNDA:0,(anonymous_7)
FNDA:0,(anonymous_8)
DA:16,0
DA:18,0
DA:21,0
DA:29,0
DA:35,0
DA:39,0
DA:40,0
DA:41,0
DA:42,0
DA:43,0
DA:46,0
DA:47,0
DA:50,0
DA:51,0
DA:54,0
DA:64,0
DA:74,0
DA:77,0
LF:18
LH:0
BRF:0
BRH:0
end_of_record
TN:
SF:/home/kris/Sites/contracts/pure-escapes/pure-escapes-fe/src/pages/Admin/Rooms/index.js
FNF:0
FNH:0
LF:0
LH:0
BRF:0
BRH:0
end_of_record
TN:
SF:/home/kris/Sites/contracts/pure-escapes/pure-escapes-fe/src/pages/Admin/Rooms/Create/index.js
FN:23,(anonymous_0)
FN:28,(anonymous_1)
FNF:2
FNH:0
FNDA:0,(anonymous_0)
FNDA:0,(anonymous_1)
DA:12,0
DA:15,0
DA:23,0
DA:24,0
DA:29,0
LF:5
LH:0
BRF:0
BRH:0
end_of_record
TN:
SF:/home/kris/Sites/contracts/pure-escapes/pure-escapes-fe/src/pages/Admin/Rooms/Create/components/RoomCreateForm.js
FN:30,(anonymous_0)
FN:45,(anonymous_1)
FN:46,(anonymous_2)
FN:52,(anonymous_3)
FNF:4
FNH:0
FNDA:0,(anonymous_0)
FNDA:0,(anonymous_1)
FNDA:0,(anonymous_2)
FNDA:0,(anonymous_3)
DA:14,0
DA:18,0
DA:22,0
DA:26,0
DA:30,0
DA:31,0
DA:46,0
DA:48,0
DA:53,0
LF:9
LH:0
BRF:0
BRH:0
end_of_record
TN:
SF:/home/kris/Sites/contracts/pure-escapes/pure-escapes-fe/src/pages/Admin/Rooms/Create/components/RoomCreateHeader.js
FN:34,(anonymous_0)
FNF:1
FNH:0
FNDA:0,(anonymous_0)
DA:10,0
DA:17,0
DA:21,0
DA:26,0
DA:30,0
DA:34,0
DA:35,0
LF:7
LH:0
BRF:0
BRH:0
end_of_record
TN:
SF:/home/kris/Sites/contracts/pure-escapes/pure-escapes-fe/src/pages/Admin/Rooms/Create/components/index.js
FNF:0
FNH:0
LF:0
LH:0
BRF:0
BRH:0
end_of_record
TN:
SF:/home/kris/Sites/contracts/pure-escapes/pure-escapes-fe/src/pages/Admin/Rooms/Update/index.js
FN:30,(anonymous_0)
FN:35,(anonymous_1)
FNF:2
FNH:0
FNDA:0,(anonymous_0)
FNDA:0,(anonymous_1)
DA:12,0
DA:15,0
DA:23,0
DA:26,0
DA:30,0
DA:31,0
DA:36,0
LF:7
LH:0
BRF:0
BRH:0
end_of_record
TN:
SF:/home/kris/Sites/contracts/pure-escapes/pure-escapes-fe/src/pages/Admin/Rooms/Update/components/RoomUpdateForm.js
FN:44,(anonymous_0)
FN:60,(anonymous_1)
FN:61,(anonymous_2)
FN:66,(anonymous_3)
FN:88,(anonymous_4)
FN:93,(anonymous_5)
FNF:6
FNH:0
FNDA:0,(anonymous_0)
FNDA:0,(anonymous_1)
FNDA:0,(anonymous_2)
FNDA:0,(anonymous_3)
FNDA:0,(anonymous_4)
FNDA:0,(anonymous_5)
DA:15,0
DA:19,0
DA:23,0
DA:27,0
DA:31,0
DA:35,0
DA:40,0
DA:44,0
DA:45,0
DA:61,0
DA:62,0
DA:67,0
DA:88,0
DA:93,0
LF:14
LH:0
BRF:0
BRH:0
end_of_record
TN:
SF:/home/kris/Sites/contracts/pure-escapes/pure-escapes-fe/src/pages/Admin/Rooms/Update/components/RoomUpdateHeader.js
FN:34,(anonymous_0)
FNF:1
FNH:0
FNDA:0,(anonymous_0)
DA:10,0
DA:17,0
DA:21,0
DA:26,0
DA:30,0
DA:34,0
DA:35,0
LF:7
LH:0
BRF:0
BRH:0
end_of_record
TN:
SF:/home/kris/Sites/contracts/pure-escapes/pure-escapes-fe/src/pages/Admin/Rooms/Update/components/index.js
FNF:0
FNH:0
LF:0
LH:0
BRF:0
BRH:0
end_of_record
TN:
SF:/home/kris/Sites/contracts/pure-escapes/pure-escapes-fe/src/pages/Admin/Rooms/components/RoomFields.js
FN:26,(anonymous_0)
FNF:1
FNH:0
FNDA:0,(anonymous_0)
DA:7,0
DA:10,0
DA:14,0
DA:19,0
DA:23,0
DA:26,0
DA:27,0
LF:7
LH:0
BRF:0
BRH:0
end_of_record
TN:
SF:/home/kris/Sites/contracts/pure-escapes/pure-escapes-fe/src/pages/Admin/Rooms/components/index.js
FNF:0
FNH:0
LF:0
LH:0
BRF:0
BRH:0
end_of_record
TN:
SF:/home/kris/Sites/contracts/pure-escapes/pure-escapes-fe/src/pages/Admin/components/SectionHeader.js
FN:38,(anonymous_0)
FNF:1
FNH:0
FNDA:0,(anonymous_0)
DA:10,0
DA:17,0
DA:25,0
DA:29,0
DA:34,0
DA:38,0
DA:39,0
LF:7
LH:0
BRDA:43,0,0,0
BRDA:43,0,1,0
BRF:2
BRH:0
end_of_record
TN:
SF:/home/kris/Sites/contracts/pure-escapes/pure-escapes-fe/src/pages/Admin/components/index.js
FNF:0
FNH:0
LF:0
LH:0
BRF:0
BRH:0
end_of_record
TN:
SF:/home/kris/Sites/contracts/pure-escapes/pure-escapes-fe/src/pages/Admin/deprecated/Hotels/AdminHotelCreate.js
FN:12,(anonymous_0)
FN:22,(anonymous_1)
FNF:2
FNH:0
FNDA:0,(anonymous_0)
FNDA:0,(anonymous_1)
DA:12,0
DA:13,0
DA:22,0
DA:23,0
LF:4
LH:0
BRF:0
BRH:0
end_of_record
TN:
SF:/home/kris/Sites/contracts/pure-escapes/pure-escapes-fe/src/pages/Admin/deprecated/Hotels/AdminHotelEdit.js
FN:21,(anonymous_0)
FN:45,(anonymous_1)
FNF:2
FNH:0
FNDA:0,(anonymous_0)
FNDA:0,(anonymous_1)
DA:21,0
DA:22,0
DA:45,0
DA:46,0
LF:4
LH:0
BRF:0
BRH:0
end_of_record
TN:
SF:/home/kris/Sites/contracts/pure-escapes/pure-escapes-fe/src/pages/Admin/deprecated/Hotels/AdminHotelsList.js
FN:23,(anonymous_0)
FN:48,(anonymous_1)
FN:71,(anonymous_2)
FN:82,(anonymous_3)
FN:84,(anonymous_4)
FN:88,(anonymous_5)
FN:98,(anonymous_6)
FN:99,(anonymous_7)
FN:100,(anonymous_8)
FNF:9
FNH:0
FNDA:0,(anonymous_0)
FNDA:0,(anonymous_1)
FNDA:0,(anonymous_2)
FNDA:0,(anonymous_3)
FNDA:0,(anonymous_4)
FNDA:0,(anonymous_5)
FNDA:0,(anonymous_6)
FNDA:0,(anonymous_7)
FNDA:0,(anonymous_8)
DA:21,0
DA:23,0
DA:24,0
DA:48,0
DA:71,0
DA:72,0
DA:77,0
DA:83,0
DA:84,0
DA:88,0
DA:89,0
DA:98,0
DA:99,0
DA:101,0
LF:14
LH:0
BRF:0
BRH:0
end_of_record
TN:
SF:/home/kris/Sites/contracts/pure-escapes/pure-escapes-fe/src/pages/Admin/deprecated/Hotels/index.js
FNF:0
FNH:0
LF:0
LH:0
BRF:0
BRH:0
end_of_record
TN:
SF:/home/kris/Sites/contracts/pure-escapes/pure-escapes-fe/src/pages/Admin/deprecated/Hotels/Allotments/AdminHotelAllotmentCreate.js
FN:15,(anonymous_0)
FN:25,(anonymous_1)
FNF:2
FNH:0
FNDA:0,(anonymous_0)
FNDA:0,(anonymous_1)
DA:15,0
DA:16,0
DA:25,0
DA:26,0
LF:4
LH:0
BRF:0
BRH:0
end_of_record
TN:
SF:/home/kris/Sites/contracts/pure-escapes/pure-escapes-fe/src/pages/Admin/deprecated/Hotels/Allotments/AdminHotelAllotmentsList.js
FN:14,(anonymous_0)
FN:37,(anonymous_1)
FNF:2
FNH:0
FNDA:0,(anonymous_0)
FNDA:0,(anonymous_1)
DA:12,0
DA:14,0
DA:37,0
DA:38,0
LF:4
LH:0
BRF:0
BRH:0
end_of_record
TN:
SF:/home/kris/Sites/contracts/pure-escapes/pure-escapes-fe/src/pages/Admin/deprecated/Rooms/AdminRoomCreate.js
FN:12,(anonymous_0)
FN:22,(anonymous_1)
FNF:2
FNH:0
FNDA:0,(anonymous_0)
FNDA:0,(anonymous_1)
DA:12,0
DA:13,0
DA:22,0
DA:23,0
LF:4
LH:0
BRF:0
BRH:0
end_of_record
TN:
SF:/home/kris/Sites/contracts/pure-escapes/pure-escapes-fe/src/pages/Admin/deprecated/Rooms/AdminRoomEdit.js
FN:16,(anonymous_0)
FN:26,(anonymous_1)
FNF:2
FNH:0
FNDA:0,(anonymous_0)
FNDA:0,(anonymous_1)
DA:16,0
DA:17,0
DA:26,0
DA:27,0
LF:4
LH:0
BRF:0
BRH:0
end_of_record
TN:
SF:/home/kris/Sites/contracts/pure-escapes/pure-escapes-fe/src/pages/Admin/deprecated/Rooms/AdminRoomsList.js
FN:23,(anonymous_0)
FN:30,(anonymous_1)
FN:36,(anonymous_2)
FN:59,(anonymous_3)
FN:70,(anonymous_4)
FN:72,(anonymous_5)
FN:76,(anonymous_6)
FN:86,(anonymous_7)
FN:87,(anonymous_8)
FN:88,(anonymous_9)
FNF:10
FNH:0
FNDA:0,(anonymous_0)
FNDA:0,(anonymous_1)
FNDA:0,(anonymous_2)
FNDA:0,(anonymous_3)
FNDA:0,(anonymous_4)
FNDA:0,(anonymous_5)
FNDA:0,(anonymous_6)
FNDA:0,(anonymous_7)
FNDA:0,(anonymous_8)
FNDA:0,(anonymous_9)
DA:21,0
DA:23,0
DA:24,0
DA:30,0
DA:31,0
DA:36,0
DA:59,0
DA:60,0
DA:65,0
DA:71,0
DA:72,0
DA:76,0
DA:77,0
DA:86,0
DA:87,0
DA:89,0
LF:16
LH:0
BRF:0
BRH:0
end_of_record
TN:
SF:/home/kris/Sites/contracts/pure-escapes/pure-escapes-fe/src/pages/Admin/deprecated/Rooms/index.js
FNF:0
FNH:0
LF:0
LH:0
BRF:0
BRH:0
end_of_record
TN:
SF:/home/kris/Sites/contracts/pure-escapes/pure-escapes-fe/src/pages/Admin/deprecated/SalesReps/AdminSalesRepCreate.js
FN:13,(anonymous_0)
FN:23,(anonymous_1)
FNF:2
FNH:0
FNDA:0,(anonymous_0)
FNDA:0,(anonymous_1)
DA:13,0
DA:14,0
DA:23,0
DA:24,0
LF:4
LH:0
BRF:0
BRH:0
end_of_record
TN:
SF:/home/kris/Sites/contracts/pure-escapes/pure-escapes-fe/src/pages/Admin/deprecated/SalesReps/AdminSalesRepEdit.js
FN:13,(anonymous_0)
FN:23,(anonymous_1)
FNF:2
FNH:0
FNDA:0,(anonymous_0)
FNDA:0,(anonymous_1)
DA:13,0
DA:14,0
DA:23,0
DA:24,0
LF:4
LH:0
BRF:0
BRH:0
end_of_record
TN:
SF:/home/kris/Sites/contracts/pure-escapes/pure-escapes-fe/src/pages/Admin/deprecated/SalesReps/AdminSalesRepsList.js
FN:23,(anonymous_0)
FN:48,(anonymous_1)
FN:71,(anonymous_2)
FN:82,(anonymous_3)
FN:84,(anonymous_4)
FN:88,(anonymous_5)
FN:99,(anonymous_6)
FN:100,(anonymous_7)
FN:101,(anonymous_8)
FNF:9
FNH:0
FNDA:0,(anonymous_0)
FNDA:0,(anonymous_1)
FNDA:0,(anonymous_2)
FNDA:0,(anonymous_3)
FNDA:0,(anonymous_4)
FNDA:0,(anonymous_5)
FNDA:0,(anonymous_6)
FNDA:0,(anonymous_7)
FNDA:0,(anonymous_8)
DA:21,0
DA:23,0
DA:24,0
DA:48,0
DA:71,0
DA:72,0
DA:77,0
DA:83,0
DA:84,0
DA:88,0
DA:89,0
DA:99,0
DA:100,0
DA:102,0
LF:14
LH:0
BRF:0
BRH:0
end_of_record
TN:
SF:/home/kris/Sites/contracts/pure-escapes/pure-escapes-fe/src/pages/Admin/deprecated/SalesReps/index.js
FNF:0
FNH:0
LF:0
LH:0
BRF:0
BRH:0
end_of_record
TN:
SF:/home/kris/Sites/contracts/pure-escapes/pure-escapes-fe/src/pages/Admin/deprecated/TravelAgents/AdminTravelAgentCreate.js
FN:13,(anonymous_0)
FN:23,(anonymous_1)
FNF:2
FNH:0
FNDA:0,(anonymous_0)
FNDA:0,(anonymous_1)
DA:13,0
DA:14,0
DA:23,0
DA:24,0
LF:4
LH:0
BRF:0
BRH:0
end_of_record
TN:
SF:/home/kris/Sites/contracts/pure-escapes/pure-escapes-fe/src/pages/Admin/deprecated/TravelAgents/AdminTravelAgentEdit.js
FN:20,(anonymous_0)
FN:30,(anonymous_1)
FN:32,(anonymous_2)
FN:33,(anonymous_3)
FN:37,(anonymous_4)
FN:46,(anonymous_5)
FNF:6
FNH:0
FNDA:0,(anonymous_0)
FNDA:0,(anonymous_1)
FNDA:0,(anonymous_2)
FNDA:0,(anonymous_3)
FNDA:0,(anonymous_4)
FNDA:0,(anonymous_5)
DA:20,0
DA:21,0
DA:30,0
DA:31,0
DA:32,0
DA:33,0
DA:37,0
DA:38,0
DA:46,0
DA:47,0
LF:10
LH:0
BRF:0
BRH:0
end_of_record
TN:
SF:/home/kris/Sites/contracts/pure-escapes/pure-escapes-fe/src/pages/Admin/deprecated/TravelAgents/AdminTravelAgentsList.js
FN:23,(anonymous_0)
FN:48,(anonymous_1)
FN:71,(anonymous_2)
FN:82,(anonymous_3)
FN:84,(anonymous_4)
FN:88,(anonymous_5)
FN:99,(anonymous_6)
FN:100,(anonymous_7)
FN:101,(anonymous_8)
FNF:9
FNH:0
FNDA:0,(anonymous_0)
FNDA:0,(anonymous_1)
FNDA:0,(anonymous_2)
FNDA:0,(anonymous_3)
FNDA:0,(anonymous_4)
FNDA:0,(anonymous_5)
FNDA:0,(anonymous_6)
FNDA:0,(anonymous_7)
FNDA:0,(anonymous_8)
DA:21,0
DA:23,0
DA:24,0
DA:48,0
DA:71,0
DA:72,0
DA:77,0
DA:83,0
DA:84,0
DA:88,0
DA:89,0
DA:99,0
DA:100,0
DA:102,0
LF:14
LH:0
BRF:0
BRH:0
end_of_record
TN:
SF:/home/kris/Sites/contracts/pure-escapes/pure-escapes-fe/src/pages/Admin/deprecated/TravelAgents/index.js
FNF:0
FNH:0
LF:0
LH:0
BRF:0
BRH:0
end_of_record
TN:
SF:/home/kris/Sites/contracts/pure-escapes/pure-escapes-fe/src/pages/Bookings/index.js
FNF:0
FNH:0
LF:0
LH:0
BRF:0
BRH:0
end_of_record
TN:
SF:/home/kris/Sites/contracts/pure-escapes/pure-escapes-fe/src/pages/Bookings/GuestDetails/index.js
FN:36,(anonymous_0)
FN:41,(anonymous_1)
FN:42,(anonymous_2)
FN:44,(anonymous_3)
FN:62,(anonymous_4)
FN:64,(anonymous_5)
FN:69,(anonymous_6)
FNF:7
FNH:0
FNDA:0,(anonymous_0)
FNDA:0,(anonymous_1)
FNDA:0,(anonymous_2)
FNDA:0,(anonymous_3)
FNDA:0,(anonymous_4)
FNDA:0,(anonymous_5)
FNDA:0,(anonymous_6)
DA:15,0
DA:18,0
DA:27,0
DA:31,0
DA:36,0
DA:37,0
DA:41,0
DA:42,0
DA:45,0
DA:64,0
DA:65,0
DA:70,0
LF:12
LH:0
BRF:0
BRH:0
end_of_record
TN:
SF:/home/kris/Sites/contracts/pure-escapes/pure-escapes-fe/src/pages/Bookings/GuestDetails/components/BookingPaymentOptions.js
FN:55,(anonymous_0)
FN:95,(anonymous_1)
FNF:2
FNH:0
FNDA:0,(anonymous_0)
FNDA:0,(anonymous_1)
DA:11,0
DA:14,0
DA:18,0
DA:22,0
DA:26,0
DA:30,0
DA:34,0
DA:39,0
DA:43,0
DA:47,0
DA:51,0
DA:55,0
DA:56,0
LF:13
LH:0
BRF:0
BRH:0
end_of_record
TN:
SF:/home/kris/Sites/contracts/pure-escapes/pure-escapes-fe/src/pages/Bookings/GuestDetails/components/FormSection.js
FN:24,(anonymous_0)
FNF:1
FNH:0
FNDA:0,(anonymous_0)
DA:10,0
DA:14,0
DA:19,0
DA:24,0
DA:25,0
LF:5
LH:0
BRF:0
BRH:0
end_of_record
TN:
SF:/home/kris/Sites/contracts/pure-escapes/pure-escapes-fe/src/pages/Bookings/GuestDetails/components/GuestDetailsForm.js
FN:43,(anonymous_0)
FN:132,(anonymous_1)
FN:145,(anonymous_2)
FNF:3
FNH:0
FNDA:0,(anonymous_0)
FNDA:0,(anonymous_1)
FNDA:0,(anonymous_2)
DA:12,0
DA:15,0
DA:18,0
DA:22,0
DA:25,0
DA:28,0
DA:33,0
DA:38,0
DA:43,0
DA:44,0
DA:133,0
DA:146,0
LF:12
LH:0
BRF:0
BRH:0
end_of_record
TN:
SF:/home/kris/Sites/contracts/pure-escapes/pure-escapes-fe/src/pages/Bookings/GuestDetails/components/index.js
FNF:0
FNH:0
LF:0
LH:0
BRF:0
BRH:0
end_of_record
TN:
SF:/home/kris/Sites/contracts/pure-escapes/pure-escapes-fe/src/pages/Bookings/List/index.js
FN:30,(anonymous_0)
FN:34,(anonymous_1)
FN:35,(anonymous_2)
FN:40,(anonymous_3)
FN:47,(anonymous_4)
FN:68,(anonymous_5)
FNF:6
FNH:0
FNDA:0,(anonymous_0)
FNDA:0,(anonymous_1)
FNDA:0,(anonymous_2)
FNDA:0,(anonymous_3)
FNDA:0,(anonymous_4)
FNDA:0,(anonymous_5)
DA:16,0
DA:19,0
DA:27,0
DA:30,0
DA:31,0
DA:34,0
DA:36,0
DA:37,0
DA:41,0
DA:48,0
DA:68,0
LF:11
LH:0
BRF:0
BRH:0
end_of_record
TN:
SF:/home/kris/Sites/contracts/pure-escapes/pure-escapes-fe/src/pages/Bookings/List/components/BookingsFilters.js
FN:49,(anonymous_0)
FN:61,(anonymous_1)
FN:69,(anonymous_2)
FN:69,(anonymous_3)
FNF:4
FNH:0
FNDA:0,(anonymous_0)
FNDA:0,(anonymous_1)
FNDA:0,(anonymous_2)
FNDA:0,(anonymous_3)
DA:12,0
DA:17,0
DA:21,0
DA:31,0
DA:36,0
DA:40,0
DA:45,0
DA:49,0
DA:50,0
DA:62,0
DA:63,0
DA:69,0
DA:70,0
DA:71,0
DA:72,0
DA:74,0
DA:75,0
DA:76,0
LF:18
LH:0
BRF:0
BRH:0
end_of_record
TN:
SF:/home/kris/Sites/contracts/pure-escapes/pure-escapes-fe/src/pages/Bookings/List/components/index.js
FNF:0
FNH:0
LF:0
LH:0
BRF:0
BRH:0
end_of_record
TN:
SF:/home/kris/Sites/contracts/pure-escapes/pure-escapes-fe/src/pages/Bookings/Payment/index.js
FN:35,(anonymous_0)
FN:40,(anonymous_1)
FN:41,(anonymous_2)
FN:43,(anonymous_3)
FNF:4
FNH:0
FNDA:0,(anonymous_0)
FNDA:0,(anonymous_1)
FNDA:0,(anonymous_2)
FNDA:0,(anonymous_3)
DA:14,0
DA:17,0
DA:26,0
DA:30,0
DA:35,0
DA:36,0
DA:40,0
DA:41,0
DA:44,0
LF:9
LH:0
BRF:0
BRH:0
end_of_record
TN:
SF:/home/kris/Sites/contracts/pure-escapes/pure-escapes-fe/src/pages/Bookings/View/index.js
FN:36,(anonymous_0)
FN:41,(anonymous_1)
FN:42,(anonymous_2)
FN:53,(anonymous_3)
FNF:4
FNH:0
FNDA:0,(anonymous_0)
FNDA:0,(anonymous_1)
FNDA:0,(anonymous_2)
FNDA:0,(anonymous_3)
DA:15,0
DA:18,0
DA:27,0
DA:31,0
DA:36,0
DA:37,0
DA:41,0
DA:42,0
DA:54,0
LF:9
LH:0
BRF:0
BRH:0
end_of_record
TN:
SF:/home/kris/Sites/contracts/pure-escapes/pure-escapes-fe/src/pages/Bookings/View/components/BookingChangeStatus.js
FN:23,(anonymous_0)
FN:29,(anonymous_1)
FN:35,(anonymous_2)
FN:46,(anonymous_3)
FNF:4
FNH:0
FNDA:0,(anonymous_0)
FNDA:0,(anonymous_1)
FNDA:0,(anonymous_2)
FNDA:0,(anonymous_3)
DA:11,0
DA:16,0
DA:19,0
DA:23,0
DA:24,0
DA:31,0
DA:32,0
DA:36,0
DA:46,0
LF:9
LH:0
BRF:0
BRH:0
end_of_record
TN:
SF:/home/kris/Sites/contracts/pure-escapes/pure-escapes-fe/src/pages/Bookings/View/components/BookingChangeTravelAgent.js
FN:25,(anonymous_0)
FN:28,(anonymous_1)
FN:29,(anonymous_2)
FN:31,(anonymous_3)
FN:34,(anonymous_4)
FN:34,(anonymous_5)
FN:38,(anonymous_6)
FN:44,(anonymous_7)
FN:50,(anonymous_8)
FN:55,(anonymous_9)
FNF:10
FNH:0
FNDA:0,(anonymous_0)
FNDA:0,(anonymous_1)
FNDA:0,(anonymous_2)
FNDA:0,(anonymous_3)
FNDA:0,(anonymous_4)
FNDA:0,(anonymous_5)
FNDA:0,(anonymous_6)
FNDA:0,(anonymous_7)
FNDA:0,(anonymous_8)
FNDA:0,(anonymous_9)
DA:14,0
DA:18,0
DA:21,0
DA:25,0
DA:26,0
DA:28,0
DA:29,0
DA:32,0
DA:34,0
DA:35,0
DA:40,0
DA:41,0
DA:45,0
DA:50,0
DA:55,0
LF:15
LH:0
BRDA:35,0,0,0
BRDA:35,0,1,0
BRF:2
BRH:0
end_of_record
TN:
SF:/home/kris/Sites/contracts/pure-escapes/pure-escapes-fe/src/pages/Bookings/View/components/BookingDetails.js
FN:27,(anonymous_0)
FN:29,(anonymous_1)
FN:30,(anonymous_2)
FN:48,(anonymous_3)
FN:53,(anonymous_4)
FNF:5
FNH:0
FNDA:0,(anonymous_0)
FNDA:0,(anonymous_1)
FNDA:0,(anonymous_2)
FNDA:0,(anonymous_3)
FNDA:0,(anonymous_4)
DA:13,0
DA:17,0
DA:20,0
DA:23,0
DA:27,0
DA:28,0
DA:29,0
DA:31,0
DA:50,0
DA:54,0
LF:10
LH:0
BRF:0
BRH:0
end_of_record
TN:
SF:/home/kris/Sites/contracts/pure-escapes/pure-escapes-fe/src/pages/Bookings/View/components/index.js
FNF:0
FNH:0
LF:0
LH:0
BRF:0
BRH:0
end_of_record
TN:
SF:/home/kris/Sites/contracts/pure-escapes/pure-escapes-fe/src/pages/Bookings/components/BookingPrice.js
FN:41,(anonymous_0)
FNF:1
FNH:0
FNDA:0,(anonymous_0)
DA:10,0
DA:13,0
DA:18,0
DA:25,0
DA:29,0
DA:33,0
DA:37,0
DA:41,0
DA:42,0
LF:9
LH:0
BRF:0
BRH:0
end_of_record
TN:
SF:/home/kris/Sites/contracts/pure-escapes/pure-escapes-fe/src/pages/Bookings/components/BookingSection.js
FN:42,(anonymous_0)
FNF:1
FNH:0
FNDA:0,(anonymous_0)
DA:10,0
DA:13,0
DA:18,0
DA:25,0
DA:29,0
DA:34,0
DA:38,0
DA:42,0
DA:43,0
LF:9
LH:0
BRF:0
BRH:0
end_of_record
TN:
SF:/home/kris/Sites/contracts/pure-escapes/pure-escapes-fe/src/pages/Bookings/components/BookingSidebar.js
FN:38,(anonymous_0)
FN:40,(anonymous_1)
FN:41,(anonymous_2)
FN:45,(anonymous_3)
FN:46,(anonymous_4)
FN:48,(anonymous_5)
FNF:6
FNH:0
FNDA:0,(anonymous_0)
FNDA:0,(anonymous_1)
FNDA:0,(anonymous_2)
FNDA:0,(anonymous_3)
FNDA:0,(anonymous_4)
FNDA:0,(anonymous_5)
DA:16,0
DA:21,0
DA:24,0
DA:30,0
DA:35,0
DA:38,0
DA:39,0
DA:40,0
DA:42,0
DA:45,0
DA:47,0
DA:49,0
LF:12
LH:0
BRF:0
BRH:0
end_of_record
TN:
SF:/home/kris/Sites/contracts/pure-escapes/pure-escapes-fe/src/pages/Bookings/components/BookingsTable.js
FN:25,(anonymous_0)
FN:39,(anonymous_1)
FN:44,(anonymous_2)
FN:50,(anonymous_3)
FN:51,(anonymous_4)
FN:52,(anonymous_5)
FN:58,(anonymous_6)
FN:69,(anonymous_7)
FNF:8
FNH:0
FNDA:0,(anonymous_0)
FNDA:0,(anonymous_1)
FNDA:0,(anonymous_2)
FNDA:0,(anonymous_3)
FNDA:0,(anonymous_4)
FNDA:0,(anonymous_5)
FNDA:0,(anonymous_6)
FNDA:0,(anonymous_7)
DA:13,0
DA:17,0
DA:21,0
DA:25,0
DA:26,0
DA:39,0
DA:44,0
DA:51,0
DA:52,0
DA:58,0
DA:70,0
LF:11
LH:0
BRDA:52,0,0,0
BRDA:52,0,1,0
BRF:2
BRH:0
end_of_record
TN:
SF:/home/kris/Sites/contracts/pure-escapes/pure-escapes-fe/src/pages/Bookings/components/RoomInfo.js
FN:44,(anonymous_0)
FNF:1
FNH:0
FNDA:0,(anonymous_0)
DA:10,0
DA:13,0
DA:18,0
DA:22,0
DA:26,0
DA:30,0
DA:33,0
DA:37,0
DA:44,0
DA:45,0
LF:10
LH:0
BRDA:52,0,0,0
BRDA:52,0,1,0
BRF:2
BRH:0
end_of_record
TN:
SF:/home/kris/Sites/contracts/pure-escapes/pure-escapes-fe/src/pages/Bookings/components/index.js
FNF:0
FNH:0
LF:0
LH:0
BRF:0
BRH:0
end_of_record
TN:
SF:/home/kris/Sites/contracts/pure-escapes/pure-escapes-fe/src/pages/Calendar/index.js
FN:20,(anonymous_0)
FN:25,(anonymous_1)
FN:26,(anonymous_2)
FN:28,(anonymous_3)
FN:38,(anonymous_4)
FNF:5
FNH:0
FNDA:0,(anonymous_0)
FNDA:0,(anonymous_1)
FNDA:0,(anonymous_2)
FNDA:0,(anonymous_3)
FNDA:0,(anonymous_4)
DA:14,0
DA:17,0
DA:20,0
DA:21,0
DA:25,0
DA:26,0
DA:29,0
DA:38,0
LF:8
LH:0
BRF:0
BRH:0
end_of_record
TN:
SF:/home/kris/Sites/contracts/pure-escapes/pure-escapes-fe/src/pages/Calendar/components/LargeCalendar.js
FN:13,(anonymous_0)
FN:14,(anonymous_1)
FN:22,(anonymous_2)
FN:27,(anonymous_3)
FNF:4
FNH:0
FNDA:0,(anonymous_0)
FNDA:0,(anonymous_1)
FNDA:0,(anonymous_2)
FNDA:0,(anonymous_3)
DA:11,0
DA:13,0
DA:14,0
DA:22,0
DA:23,0
DA:27,0
LF:6
LH:0
BRF:0
BRH:0
end_of_record
TN:
SF:/home/kris/Sites/contracts/pure-escapes/pure-escapes-fe/src/pages/Calendar/components/index.js
FNF:0
FNH:0
LF:0
LH:0
BRF:0
BRH:0
end_of_record
TN:
SF:/home/kris/Sites/contracts/pure-escapes/pure-escapes-fe/src/pages/Holds/index.js
FNF:0
FNH:0
LF:0
LH:0
BRF:0
BRH:0
end_of_record
TN:
SF:/home/kris/Sites/contracts/pure-escapes/pure-escapes-fe/src/pages/Holds/List/BookingOptionsFilter.js
FN:40,(anonymous_0)
FN:52,(anonymous_1)
FNF:2
FNH:0
FNDA:0,(anonymous_0)
FNDA:0,(anonymous_1)
DA:12,0
DA:17,0
DA:21,0
DA:31,0
DA:36,0
DA:40,0
DA:41,0
DA:53,0
DA:54,0
LF:9
LH:0
BRF:0
BRH:0
end_of_record
TN:
SF:/home/kris/Sites/contracts/pure-escapes/pure-escapes-fe/src/pages/Holds/List/index.js
FN:31,(anonymous_0)
FN:35,(anonymous_1)
FN:36,(anonymous_2)
FN:41,(anonymous_3)
FN:48,(anonymous_4)
FN:69,(anonymous_5)
FNF:6
FNH:0
FNDA:0,(anonymous_0)
FNDA:0,(anonymous_1)
FNDA:0,(anonymous_2)
FNDA:0,(anonymous_3)
FNDA:0,(anonymous_4)
FNDA:0,(anonymous_5)
DA:17,0
DA:20,0
DA:28,0
DA:31,0
DA:32,0
DA:35,0
DA:37,0
DA:38,0
DA:42,0
DA:49,0
DA:69,0
LF:11
LH:0
BRF:0
BRH:0
end_of_record
TN:
SF:/home/kris/Sites/contracts/pure-escapes/pure-escapes-fe/src/pages/Holds/components/BookingOptionsTable.js
FN:24,(anonymous_0)
FN:34,(anonymous_1)
FN:40,(anonymous_2)
FN:41,(anonymous_3)
FN:42,(anonymous_4)
FN:53,(anonymous_5)
FNF:6
FNH:0
FNDA:0,(anonymous_0)
FNDA:0,(anonymous_1)
FNDA:0,(anonymous_2)
FNDA:0,(anonymous_3)
FNDA:0,(anonymous_4)
FNDA:0,(anonymous_5)
DA:12,0
DA:16,0
DA:20,0
DA:24,0
DA:25,0
DA:34,0
DA:41,0
DA:42,0
DA:54,0
LF:9
LH:0
BRDA:42,0,0,0
BRDA:42,0,1,0
BRF:2
BRH:0
end_of_record
TN:
SF:/home/kris/Sites/contracts/pure-escapes/pure-escapes-fe/src/pages/Home/index.js
FN:14,(anonymous_0)
FNF:1
FNH:0
FNDA:0,(anonymous_0)
DA:8,0
DA:11,0
DA:14,0
DA:15,0
LF:4
LH:0
BRF:0
BRH:0
end_of_record
TN:
SF:/home/kris/Sites/contracts/pure-escapes/pure-escapes-fe/src/pages/Home/components/HeroSection.js
FN:63,(anonymous_0)
FN:76,(anonymous_1)
FNF:2
FNH:0
FNDA:0,(anonymous_0)
FNDA:0,(anonymous_1)
DA:11,0
DA:14,0
DA:22,0
DA:29,0
DA:34,0
DA:41,0
DA:47,0
DA:52,0
DA:59,0
DA:63,0
DA:64,0
DA:76,0
LF:12
LH:0
BRF:0
BRH:0
end_of_record
TN:
SF:/home/kris/Sites/contracts/pure-escapes/pure-escapes-fe/src/pages/Home/components/index.js
FNF:0
FNH:0
LF:0
LH:0
BRF:0
BRH:0
end_of_record
TN:
SF:/home/kris/Sites/contracts/pure-escapes/pure-escapes-fe/src/pages/Hotels/index.js
FNF:0
FNH:0
LF:0
LH:0
BRF:0
BRH:0
end_of_record
TN:
SF:/home/kris/Sites/contracts/pure-escapes/pure-escapes-fe/src/pages/Hotels/Search/index.js
FN:39,(anonymous_0)
FN:44,(anonymous_1)
FN:47,(anonymous_2)
FNF:3
FNH:0
FNDA:0,(anonymous_0)
FNDA:0,(anonymous_1)
FNDA:0,(anonymous_2)
DA:14,0
DA:17,0
DA:26,0
DA:30,0
DA:35,0
DA:39,0
DA:40,0
DA:44,0
DA:48,0
LF:9
LH:0
BRF:0
BRH:0
end_of_record
TN:
SF:/home/kris/Sites/contracts/pure-escapes/pure-escapes-fe/src/pages/Hotels/Search/components/HotelItem.js
FN:75,(anonymous_0)
FN:77,(anonymous_1)
FN:101,(anonymous_2)
FN:106,(anonymous_3)
FNF:4
FNH:0
FNDA:0,(anonymous_0)
FNDA:0,(anonymous_1)
FNDA:0,(anonymous_2)
FNDA:0,(anonymous_3)
DA:12,0
DA:15,0
DA:18,0
DA:29,0
DA:32,0
DA:36,0
DA:41,0
DA:46,0
DA:50,0
DA:55,0
DA:59,0
DA:63,0
DA:67,0
DA:71,0
DA:75,0
DA:77,0
DA:78,0
DA:102,0
DA:107,0
LF:19
LH:0
BRDA:88,0,0,0
BRDA:88,0,1,0
BRF:2
BRH:0
end_of_record
TN:
SF:/home/kris/Sites/contracts/pure-escapes/pure-escapes-fe/src/pages/Hotels/Search/components/HotelSidebar.js
FN:67,(anonymous_0)
FN:91,(anonymous_1)
FN:96,(anonymous_2)
FN:279,(anonymous_3)
FN:295,(anonymous_4)
FNF:5
FNH:0
FNDA:0,(anonymous_0)
FNDA:0,(anonymous_1)
FNDA:0,(anonymous_2)
[...]
FNDA:0,(anonymous_2)
FNDA:0,(anonymous_3)
FNDA:0,(anonymous_4)
FNDA:0,(anonymous_5)
FNDA:0,(anonymous_6)
FNDA:0,(anonymous_7)
DA:14,0
DA:18,0
DA:22,0
DA:27,0
DA:30,0
DA:34,0
DA:37,0
DA:41,0
DA:44,0
DA:49,0
DA:54,0
DA:58,0
DA:62,0
DA:63,0
DA:65,0
DA:66,0
DA:67,0
DA:69,0
DA:78,0
DA:79,0
DA:85,0
DA:89,0
LF:22
LH:0
BRDA:71,0,0,0
BRDA:71,0,1,0
BRF:2
BRH:0
end_of_record
TN:
SF:/home/kris/Sites/contracts/pure-escapes/pure-escapes-fe/src/pages/TravelAgents/View/components/TravelAgentDetails.js
FN:69,(anonymous_0)
FN:96,(anonymous_1)
FN:103,(anonymous_2)
FN:110,(anonymous_3)
FN:120,(anonymous_4)
FN:129,(anonymous_5)
FNF:6
FNH:0
FNDA:0,(anonymous_0)
FNDA:0,(anonymous_1)
FNDA:0,(anonymous_2)
FNDA:0,(anonymous_3)
FNDA:0,(anonymous_4)
FNDA:0,(anonymous_5)
DA:22,0
DA:26,0
DA:30,0
DA:34,0
DA:38,0
DA:44,0
DA:49,0
DA:54,0
DA:63,0
DA:70,0
DA:72,0
DA:96,0
DA:103,0
DA:110,0
DA:120,0
DA:121,0
DA:129,0
DA:130,0
LF:18
LH:0
BRF:0
BRH:0
end_of_record
TN:
SF:/home/kris/Sites/contracts/pure-escapes/pure-escapes-fe/src/pages/TravelAgents/View/components/index.js
FNF:0
FNH:0
LF:0
LH:0
BRF:0
BRH:0
end_of_record
TN:
SF:/home/kris/Sites/contracts/pure-escapes/pure-escapes-fe/src/pages/Users/index.js
FNF:0
FNH:0
LF:0
LH:0
BRF:0
BRH:0
end_of_record
TN:
SF:/home/kris/Sites/contracts/pure-escapes/pure-escapes-fe/src/pages/Users/Create/index.js
FN:78,(anonymous_0)
FN:106,(anonymous_1)
FN:107,(anonymous_2)
FN:110,(anonymous_3)
FNF:4
FNH:0
FNDA:0,(anonymous_0)
FNDA:0,(anonymous_1)
FNDA:0,(anonymous_2)
FNDA:0,(anonymous_3)
DA:12,0
DA:16,0
DA:24,0
DA:32,0
DA:38,0
DA:42,0
DA:46,0
DA:52,0
DA:58,0
DA:61,0
DA:65,0
DA:70,0
DA:74,0
DA:78,0
DA:79,0
DA:107,0
DA:111,0
LF:17
LH:0
BRF:0
BRH:0
end_of_record
TN:
SF:/home/kris/Sites/contracts/pure-escapes/pure-escapes-fe/src/pages/Users/List/index.js
FNF:0
FNH:0
LF:0
LH:0
BRF:0
BRH:0
end_of_record
TN:
SF:/home/kris/Sites/contracts/pure-escapes/pure-escapes-fe/src/pages/Users/List/SalesRepresentatives/index.js
FN:37,(anonymous_0)
FN:41,(anonymous_1)
FN:42,(anonymous_2)
FN:47,(anonymous_3)
FN:54,(anonymous_4)
FN:58,(anonymous_5)
FN:58,(anonymous_6)
FNF:7
FNH:0
FNDA:0,(anonymous_0)
FNDA:0,(anonymous_1)
FNDA:0,(anonymous_2)
FNDA:0,(anonymous_3)
FNDA:0,(anonymous_4)
FNDA:0,(anonymous_5)
FNDA:0,(anonymous_6)
DA:13,0
DA:16,0
DA:24,0
DA:29,0
DA:33,0
DA:37,0
DA:38,0
DA:41,0
DA:43,0
DA:44,0
DA:48,0
DA:55,0
DA:58,0
DA:59,0
DA:60,0
DA:61,0
DA:63,0
DA:64,0
DA:65,0
DA:79,0
LF:20
LH:0
BRF:0
BRH:0
end_of_record
TN:
SF:/home/kris/Sites/contracts/pure-escapes/pure-escapes-fe/src/pages/Users/List/TravelAgents/index.js
FN:37,(anonymous_0)
FN:41,(anonymous_1)
FN:42,(anonymous_2)
FN:47,(anonymous_3)
FN:54,(anonymous_4)
FN:58,(anonymous_5)
FN:58,(anonymous_6)
FNF:7
FNH:0
FNDA:0,(anonymous_0)
FNDA:0,(anonymous_1)
FNDA:0,(anonymous_2)
FNDA:0,(anonymous_3)
FNDA:0,(anonymous_4)
FNDA:0,(anonymous_5)
FNDA:0,(anonymous_6)
DA:13,0
DA:16,0
DA:24,0
DA:29,0
DA:33,0
DA:37,0
DA:38,0
DA:41,0
DA:43,0
DA:44,0
DA:48,0
DA:55,0
DA:58,0
DA:59,0
DA:60,0
DA:61,0
DA:63,0
DA:64,0
DA:65,0
LF:19
LH:0
BRF:0
BRH:0
end_of_record
TN:
SF:/home/kris/Sites/contracts/pure-escapes/pure-escapes-fe/src/pages/Users/View/index.js
FNF:0
FNH:0
LF:0
LH:0
BRF:0
BRH:0
end_of_record
TN:
SF:/home/kris/Sites/contracts/pure-escapes/pure-escapes-fe/src/pages/Users/View/Bookings/index.js
FN:30,(anonymous_0)
FN:34,(anonymous_1)
FN:36,(anonymous_2)
FN:37,(anonymous_3)
FN:42,(anonymous_4)
FN:49,(anonymous_5)
FNF:6
FNH:0
FNDA:0,(anonymous_0)
FNDA:0,(anonymous_1)
FNDA:0,(anonymous_2)
FNDA:0,(anonymous_3)
FNDA:0,(anonymous_4)
FNDA:0,(anonymous_5)
DA:15,0
DA:18,0
DA:26,0
DA:30,0
DA:31,0
DA:35,0
DA:36,0
DA:38,0
DA:39,0
DA:43,0
DA:50,0
LF:11
LH:0
BRF:0
BRH:0
end_of_record
TN:
SF:/home/kris/Sites/contracts/pure-escapes/pure-escapes-fe/src/pages/Users/View/components/UserHeader.js
FN:36,(anonymous_0)
FNF:1
FNH:0
FNDA:0,(anonymous_0)
DA:10,0
DA:13,0
DA:16,0
DA:21,0
DA:27,0
DA:31,0
DA:36,0
DA:37,0
LF:8
LH:0
BRF:0
BRH:0
end_of_record
TN:
SF:/home/kris/Sites/contracts/pure-escapes/pure-escapes-fe/src/pages/Users/View/components/UserRequest.js
FN:12,(anonymous_0)
FN:14,(anonymous_1)
FN:15,(anonymous_2)
FN:17,(anonymous_3)
FN:24,(anonymous_4)
FNF:5
FNH:0
FNDA:0,(anonymous_0)
FNDA:0,(anonymous_1)
FNDA:0,(anonymous_2)
FNDA:0,(anonymous_3)
FNDA:0,(anonymous_4)
DA:12,0
DA:13,0
DA:14,0
DA:15,0
DA:18,0
DA:24,0
LF:6
LH:0
BRF:0
BRH:0
end_of_record
TN:
SF:/home/kris/Sites/contracts/pure-escapes/pure-escapes-fe/src/pages/Users/View/components/index.js
FNF:0
FNH:0
LF:0
LH:0
BRF:0
BRH:0
end_of_record
TN:
SF:/home/kris/Sites/contracts/pure-escapes/pure-escapes-fe/src/providers/redux.js
FN:22,(anonymous_0)
FN:23,(anonymous_1)
FNF:2
FNH:0
FNDA:0,(anonymous_0)
FNDA:0,(anonymous_1)
DA:22,0
DA:23,0
DA:24,0
DA:29,0
LF:4
LH:0
BRF:0
BRH:0
end_of_record
TN:
SF:/home/kris/Sites/contracts/pure-escapes/pure-escapes-fe/src/reducers/auth.js
FN:21,(anonymous_0)
FN:26,(anonymous_1)
FN:34,(anonymous_2)
FN:39,(anonymous_3)
FNF:4
FNH:0
FNDA:0,(anonymous_0)
FNDA:0,(anonymous_1)
FNDA:0,(anonymous_2)
FNDA:0,(anonymous_3)
DA:10,0
DA:20,0
DA:21,0
DA:26,0
DA:34,0
DA:39,0
LF:6
LH:0
BRF:0
BRH:0
end_of_record
TN:
SF:/home/kris/Sites/contracts/pure-escapes/pure-escapes-fe/src/reducers/bookings.js
FN:35,(anonymous_0)
FN:40,(anonymous_1)
FN:48,(anonymous_2)
FN:53,(anonymous_3)
FNF:4
FNH:0
FNDA:0,(anonymous_0)
FNDA:0,(anonymous_1)
FNDA:0,(anonymous_2)
FNDA:0,(anonymous_3)
DA:27,0
DA:34,0
DA:35,0
DA:40,0
DA:48,0
DA:53,0
LF:6
LH:0
BRF:0
BRH:0
end_of_record
TN:
SF:/home/kris/Sites/contracts/pure-escapes/pure-escapes-fe/src/reducers/comments.js
FN:36,(anonymous_0)
FN:41,(anonymous_1)
FN:49,(anonymous_2)
FN:57,(anonymous_3)
FN:62,(anonymous_4)
FNF:5
FNH:0
FNDA:0,(anonymous_0)
FNDA:0,(anonymous_1)
FNDA:0,(anonymous_2)
FNDA:0,(anonymous_3)
FNDA:0,(anonymous_4)
DA:28,0
DA:35,0
DA:36,0
DA:41,0
DA:49,0
DA:57,0
DA:62,0
LF:7
LH:0
BRF:0
BRH:0
end_of_record
TN:
SF:/home/kris/Sites/contracts/pure-escapes/pure-escapes-fe/src/reducers/companies.js
FN:35,(anonymous_0)
FN:40,(anonymous_1)
FN:48,(anonymous_2)
FN:53,(anonymous_3)
FNF:4
FNH:0
FNDA:0,(anonymous_0)
FNDA:0,(anonymous_1)
FNDA:0,(anonymous_2)
FNDA:0,(anonymous_3)
DA:27,0
DA:34,0
DA:35,0
DA:40,0
DA:48,0
DA:53,0
LF:6
LH:0
BRF:0
BRH:0
end_of_record
TN:
SF:/home/kris/Sites/contracts/pure-escapes/pure-escapes-fe/src/reducers/createReducer.js
FN:17,(anonymous_0)
FN:18,(anonymous_1)
FNF:2
FNH:0
FNDA:0,(anonymous_0)
FNDA:0,(anonymous_1)
DA:17,0
DA:18,0
DA:19,0
DA:21,0
LF:4
LH:0
BRDA:17,0,0,0
BRDA:18,1,0,0
BRDA:21,2,0,0
BRDA:21,2,1,0
BRF:4
BRH:0
end_of_record
TN:
SF:/home/kris/Sites/contracts/pure-escapes/pure-escapes-fe/src/reducers/hotels.js
FN:35,(anonymous_0)
FN:40,(anonymous_1)
FN:48,(anonymous_2)
FN:53,(anonymous_3)
FNF:4
FNH:0
FNDA:0,(anonymous_0)
FNDA:0,(anonymous_1)
FNDA:0,(anonymous_2)
FNDA:0,(anonymous_3)
DA:27,0
DA:34,0
DA:35,0
DA:40,0
DA:48,0
DA:53,0
LF:6
LH:0
BRF:0
BRH:0
end_of_record
TN:
SF:/home/kris/Sites/contracts/pure-escapes/pure-escapes-fe/src/reducers/index.js
FN:37,(anonymous_0)
FNF:1
FNH:0
FNDA:0,(anonymous_0)
DA:35,0
DA:37,0
LF:2
LH:0
BRDA:37,0,0,0
BRF:1
BRH:0
end_of_record
TN:
SF:/home/kris/Sites/contracts/pure-escapes/pure-escapes-fe/src/reducers/offers.js
FN:35,(anonymous_0)
FN:40,(anonymous_1)
FN:48,(anonymous_2)
FN:53,(anonymous_3)
FNF:4
FNH:0
FNDA:0,(anonymous_0)
FNDA:0,(anonymous_1)
FNDA:0,(anonymous_2)
FNDA:0,(anonymous_3)
DA:27,0
DA:34,0
DA:35,0
DA:40,0
DA:48,0
DA:53,0
LF:6
LH:0
BRF:0
BRH:0
end_of_record
TN:
SF:/home/kris/Sites/contracts/pure-escapes/pure-escapes-fe/src/reducers/options.js
FN:36,(anonymous_0)
FN:41,(anonymous_1)
FN:50,(anonymous_2)
FN:55,(anonymous_3)
FNF:4
FNH:0
FNDA:0,(anonymous_0)
FNDA:0,(anonymous_1)
FNDA:0,(anonymous_2)
FNDA:0,(anonymous_3)
DA:27,0
DA:35,0
DA:36,0
DA:41,0
DA:50,0
DA:55,0
LF:6
LH:0
BRF:0
BRH:0
end_of_record
TN:
SF:/home/kris/Sites/contracts/pure-escapes/pure-escapes-fe/src/reducers/proposals.js
FN:35,(anonymous_0)
FN:40,(anonymous_1)
FN:48,(anonymous_2)
FN:53,(anonymous_3)
FNF:4
FNH:0
FNDA:0,(anonymous_0)
FNDA:0,(anonymous_1)
FNDA:0,(anonymous_2)
FNDA:0,(anonymous_3)
DA:27,0
DA:34,0
DA:35,0
DA:40,0
DA:48,0
DA:53,0
LF:6
LH:0
BRF:0
BRH:0
end_of_record
TN:
SF:/home/kris/Sites/contracts/pure-escapes/pure-escapes-fe/src/reducers/rates.js
FN:35,(anonymous_0)
FN:40,(anonymous_1)
FN:48,(anonymous_2)
FN:53,(anonymous_3)
FNF:4
FNH:0
FNDA:0,(anonymous_0)
FNDA:0,(anonymous_1)
FNDA:0,(anonymous_2)
FNDA:0,(anonymous_3)
DA:27,0
DA:34,0
DA:35,0
DA:40,0
DA:48,0
DA:53,0
LF:6
LH:0
BRF:0
BRH:0
end_of_record
TN:
SF:/home/kris/Sites/contracts/pure-escapes/pure-escapes-fe/src/reducers/rooms.js
FN:35,(anonymous_0)
FN:40,(anonymous_1)
FN:48,(anonymous_2)
FN:53,(anonymous_3)
FNF:4
FNH:0
FNDA:0,(anonymous_0)
FNDA:0,(anonymous_1)
FNDA:0,(anonymous_2)
FNDA:0,(anonymous_3)
DA:27,0
DA:34,0
DA:35,0
DA:40,0
DA:48,0
DA:53,0
LF:6
LH:0
BRF:0
BRH:0
end_of_record
TN:
SF:/home/kris/Sites/contracts/pure-escapes/pure-escapes-fe/src/reducers/salesRepresentatives.js
FN:35,(anonymous_0)
FN:40,(anonymous_1)
FN:48,(anonymous_2)
FN:53,(anonymous_3)
FNF:4
FNH:0
FNDA:0,(anonymous_0)
FNDA:0,(anonymous_1)
FNDA:0,(anonymous_2)
FNDA:0,(anonymous_3)
DA:27,0
DA:34,0
DA:35,0
DA:40,0
DA:48,0
DA:53,0
LF:6
LH:0
BRF:0
BRH:0
end_of_record
TN:
SF:/home/kris/Sites/contracts/pure-escapes/pure-escapes-fe/src/reducers/travelAgents.js
FN:35,(anonymous_0)
FN:40,(anonymous_1)
FN:48,(anonymous_2)
FN:53,(anonymous_3)
FNF:4
FNH:0
FNDA:0,(anonymous_0)
FNDA:0,(anonymous_1)
FNDA:0,(anonymous_2)
FNDA:0,(anonymous_3)
DA:27,0
DA:34,0
DA:35,0
DA:40,0
DA:48,0
DA:53,0
LF:6
LH:0
BRF:0
BRH:0
end_of_record
TN:
SF:/home/kris/Sites/contracts/pure-escapes/pure-escapes-fe/src/reducers/users.js
FN:35,(anonymous_0)
FN:40,(anonymous_1)
FN:48,(anonymous_2)
FN:53,(anonymous_3)
FNF:4
FNH:0
FNDA:0,(anonymous_0)
FNDA:0,(anonymous_1)
FNDA:0,(anonymous_2)
FNDA:0,(anonymous_3)
DA:27,0
DA:34,0
DA:35,0
DA:40,0
DA:48,0
DA:53,0
LF:6
LH:0
BRF:0
BRH:0
end_of_record
TN:
SF:/home/kris/Sites/contracts/pure-escapes/pure-escapes-fe/src/reducers/utils/index.js
FN:17,(anonymous_0)
FN:22,(anonymous_1)
FNF:2
FNH:0
FNDA:0,(anonymous_0)
FNDA:0,(anonymous_1)
DA:17,0
DA:18,0
DA:19,0
DA:22,0
DA:23,0
DA:24,0
LF:6
LH:0
BRDA:17,0,0,0
BRDA:18,1,0,0
BRDA:18,1,1,0
BRF:3
BRH:0
end_of_record
TN:
SF:/home/kris/Sites/contracts/pure-escapes/pure-escapes-fe/src/router/admin.js
FN:39,(anonymous_0)
FN:66,(anonymous_1)
FNF:2
FNH:0
FNDA:0,(anonymous_0)
FNDA:0,(anonymous_1)
DA:32,0
DA:33,0
DA:39,0
DA:40,0
DA:42,0
DA:43,0
DA:46,0
DA:47,0
DA:49,0
DA:51,0
DA:52,0
DA:55,0
DA:58,0
DA:61,0
DA:67,0
LF:15
LH:0
BRDA:42,0,0,0
BRDA:42,0,1,0
BRDA:46,1,0,0
BRDA:46,1,1,0
BRDA:46,2,0,0
BRDA:46,2,1,0
BRDA:51,3,0,0
BRDA:51,3,1,0
BRF:8
BRH:0
end_of_record
TN:
SF:/home/kris/Sites/contracts/pure-escapes/pure-escapes-fe/src/router/index.js
FNF:0
FNH:0
LF:0
LH:0
BRF:0
BRH:0
end_of_record
TN:
SF:/home/kris/Sites/contracts/pure-escapes/pure-escapes-fe/src/router/router.js
FN:85,(anonymous_0)
FN:366,(anonymous_1)
FN:383,(anonymous_2)
FN:386,(anonymous_3)
FN:399,(anonymous_4)
FN:403,(anonymous_5)
FN:411,(anonymous_6)
FN:419,(anonymous_7)
FN:432,(anonymous_8)
FNF:9
FNH:0
FNDA:0,(anonymous_0)
FNDA:0,(anonymous_1)
FNDA:0,(anonymous_2)
FNDA:0,(anonymous_3)
FNDA:0,(anonymous_4)
FNDA:0,(anonymous_5)
FNDA:0,(anonymous_6)
FNDA:0,(anonymous_7)
FNDA:0,(anonymous_8)
DA:78,0
DA:85,0
DA:366,0
DA:373,0
DA:375,0
DA:383,0
DA:384,0
DA:386,0
DA:391,0
DA:395,0
DA:399,0
DA:400,0
DA:403,0
DA:410,0
DA:411,0
DA:413,0
DA:418,0
DA:420,0
DA:422,0
DA:423,0
DA:429,0
DA:432,0
LF:22
LH:0
BRDA:85,0,0,0
BRDA:85,0,1,0
BRDA:371,1,0,0
BRDA:422,2,0,0
BRDA:422,2,1,0
BRDA:422,3,0,0
BRDA:422,3,1,0
BRF:7
BRH:0
end_of_record
TN:
SF:/home/kris/Sites/contracts/pure-escapes/pure-escapes-fe/src/router/authFlow/index.js
FNF:0
FNH:0
LF:0
LH:0
BRF:0
BRH:0
end_of_record
TN:
SF:/home/kris/Sites/contracts/pure-escapes/pure-escapes-fe/src/router/authFlow/isAuthenticated.js
FN:20,(anonymous_0)
FN:30,(anonymous_1)
FN:34,(anonymous_2)
FNF:3
FNH:0
FNDA:0,(anonymous_0)
FNDA:0,(anonymous_1)
FNDA:0,(anonymous_2)
DA:20,0
DA:26,0
DA:30,0
DA:34,0
DA:35,0
LF:5
LH:0
BRF:0
BRH:0
end_of_record
TN:
SF:/home/kris/Sites/contracts/pure-escapes/pure-escapes-fe/src/router/authFlow/redirectIfAuthenticated.js
FN:23,(anonymous_0)
FN:24,(anonymous_1)
FNF:2
FNH:0
FNDA:0,(anonymous_0)
FNDA:0,(anonymous_1)
DA:23,0
DA:24,0
DA:28,0
DA:35,0
DA:39,0
DA:43,0
LF:6
LH:0
BRDA:28,0,0,0
BRDA:28,0,1,0
BRF:2
BRH:0
end_of_record
TN:
SF:/home/kris/Sites/contracts/pure-escapes/pure-escapes-fe/src/router/authFlow/requireAuthentication.js
FN:23,(anonymous_0)
FN:24,(anonymous_1)
FNF:2
FNH:0
FNDA:0,(anonymous_0)
FNDA:0,(anonymous_1)
DA:23,0
DA:24,0
DA:28,0
DA:35,0
DA:39,0
DA:43,0
LF:6
LH:0
BRDA:28,0,0,0
BRDA:28,0,1,0
BRF:2
BRH:0
end_of_record
TN:
SF:/home/kris/Sites/contracts/pure-escapes/pure-escapes-fe/src/router/routes/AuthenticatedRoute.js
FN:10,(anonymous_0)
FN:21,(anonymous_1)
FN:27,(anonymous_2)
FN:49,(anonymous_3)
FN:52,(anonymous_4)
FNF:5
FNH:0
FNDA:0,(anonymous_0)
FNDA:0,(anonymous_1)
FNDA:0,(anonymous_2)
FNDA:0,(anonymous_3)
FNDA:0,(anonymous_4)
DA:10,0
DA:11,0
DA:21,0
DA:22,0
DA:24,0
DA:28,0
DA:29,0
DA:32,0
DA:33,0
DA:44,0
DA:48,0
DA:49,0
DA:52,0
LF:13
LH:0
BRDA:28,0,0,0
BRDA:28,0,1,0
BRDA:49,1,0,0
BRDA:49,1,1,0
BRF:4
BRH:0
end_of_record
TN:
SF:/home/kris/Sites/contracts/pure-escapes/pure-escapes-fe/src/router/routes/index.js
FNF:0
FNH:0
LF:0
LH:0
BRF:0
BRH:0
end_of_record
TN:
SF:/home/kris/Sites/contracts/pure-escapes/pure-escapes-fe/src/selectors/auth.js
FN:1,(anonymous_0)
FN:2,(anonymous_1)
FN:3,(anonymous_2)
FN:4,(anonymous_3)
FNF:4
FNH:0
FNDA:0,(anonymous_0)
FNDA:0,(anonymous_1)
FNDA:0,(anonymous_2)
FNDA:0,(anonymous_3)
DA:1,0
DA:2,0
DA:3,0
DA:4,0
LF:4
LH:0
BRF:0
BRH:0
end_of_record
TN:
SF:/home/kris/Sites/contracts/pure-escapes/pure-escapes-fe/src/selectors/bookings.js
FN:21,(anonymous_0)
FN:24,(anonymous_1)
FNF:2
FNH:0
FNDA:0,(anonymous_0)
FNDA:0,(anonymous_1)
DA:19,0
DA:21,0
DA:22,0
DA:24,0
DA:25,0
LF:5
LH:0
BRDA:21,0,0,0
BRF:1
BRH:0
end_of_record
TN:
SF:/home/kris/Sites/contracts/pure-escapes/pure-escapes-fe/src/selectors/comments.js
FN:21,(anonymous_0)
FN:24,(anonymous_1)
FNF:2
FNH:0
FNDA:0,(anonymous_0)
FNDA:0,(anonymous_1)
DA:19,0
DA:21,0
DA:22,0
DA:24,0
DA:25,0
LF:5
LH:0
BRDA:21,0,0,0
BRF:1
BRH:0
end_of_record
TN:
SF:/home/kris/Sites/contracts/pure-escapes/pure-escapes-fe/src/selectors/companies.js
FN:21,(anonymous_0)
FN:24,(anonymous_1)
FNF:2
FNH:0
FNDA:0,(anonymous_0)
FNDA:0,(anonymous_1)
DA:19,0
DA:21,0
DA:22,0
DA:24,0
DA:25,0
LF:5
LH:0
BRDA:21,0,0,0
BRF:1
BRH:0
end_of_record
TN:
SF:/home/kris/Sites/contracts/pure-escapes/pure-escapes-fe/src/selectors/hotels.js
FN:21,(anonymous_0)
FN:24,(anonymous_1)
FNF:2
FNH:0
FNDA:0,(anonymous_0)
FNDA:0,(anonymous_1)
DA:19,0
DA:21,0
DA:22,0
DA:24,0
DA:25,0
LF:5
LH:0
BRDA:21,0,0,0
BRF:1
BRH:0
end_of_record
TN:
SF:/home/kris/Sites/contracts/pure-escapes/pure-escapes-fe/src/selectors/index.js
FNF:0
FNH:0
LF:0
LH:0
BRF:0
BRH:0
end_of_record
TN:
SF:/home/kris/Sites/contracts/pure-escapes/pure-escapes-fe/src/selectors/offers.js
FN:21,(anonymous_0)
FN:24,(anonymous_1)
FNF:2
FNH:0
FNDA:0,(anonymous_0)
FNDA:0,(anonymous_1)
DA:19,0
DA:21,0
DA:22,0
DA:24,0
DA:25,0
LF:5
LH:0
BRDA:21,0,0,0
BRF:1
BRH:0
end_of_record
TN:
SF:/home/kris/Sites/contracts/pure-escapes/pure-escapes-fe/src/selectors/options.js
FN:21,(anonymous_0)
FN:24,(anonymous_1)
FNF:2
FNH:0
FNDA:0,(anonymous_0)
FNDA:0,(anonymous_1)
DA:19,0
DA:21,0
DA:22,0
DA:24,0
DA:25,0
LF:5
LH:0
BRDA:21,0,0,0
BRF:1
BRH:0
end_of_record
TN:
SF:/home/kris/Sites/contracts/pure-escapes/pure-escapes-fe/src/selectors/proposals.js
FN:21,(anonymous_0)
FN:24,(anonymous_1)
FNF:2
FNH:0
FNDA:0,(anonymous_0)
FNDA:0,(anonymous_1)
DA:19,0
DA:21,0
DA:22,0
DA:24,0
DA:25,0
LF:5
LH:0
BRDA:21,0,0,0
BRF:1
BRH:0
end_of_record
TN:
SF:/home/kris/Sites/contracts/pure-escapes/pure-escapes-fe/src/selectors/rates.js
FN:22,(anonymous_0)
FN:25,(anonymous_1)
FN:28,(anonymous_2)
FN:30,(anonymous_3)
FNF:4
FNH:0
FNDA:0,(anonymous_0)
FNDA:0,(anonymous_1)
FNDA:0,(anonymous_2)
FNDA:0,(anonymous_3)
DA:20,0
DA:22,0
DA:23,0
DA:25,0
DA:26,0
DA:28,0
DA:29,0
DA:30,0
DA:31,0
LF:9
LH:0
BRDA:22,0,0,0
BRF:1
BRH:0
end_of_record
TN:
SF:/home/kris/Sites/contracts/pure-escapes/pure-escapes-fe/src/selectors/rooms.js
FN:21,(anonymous_0)
FN:24,(anonymous_1)
FNF:2
FNH:0
FNDA:0,(anonymous_0)
FNDA:0,(anonymous_1)
DA:19,0
DA:21,0
DA:22,0
DA:24,0
DA:25,0
LF:5
LH:0
BRDA:21,0,0,0
BRF:1
BRH:0
end_of_record
TN:
SF:/home/kris/Sites/contracts/pure-escapes/pure-escapes-fe/src/selectors/salesRepresentatives.js
FN:21,(anonymous_0)
FN:24,(anonymous_1)
FNF:2
FNH:0
FNDA:0,(anonymous_0)
FNDA:0,(anonymous_1)
DA:19,0
DA:21,0
DA:22,0
DA:24,0
DA:25,0
LF:5
LH:0
BRDA:21,0,0,0
BRF:1
BRH:0
end_of_record
TN:
SF:/home/kris/Sites/contracts/pure-escapes/pure-escapes-fe/src/selectors/travelAgents.js
FN:21,(anonymous_0)
FN:24,(anonymous_1)
FNF:2
FNH:0
FNDA:0,(anonymous_0)
FNDA:0,(anonymous_1)
DA:19,0
DA:21,0
DA:22,0
DA:24,0
DA:25,0
LF:5
LH:0
BRDA:21,0,0,0
BRF:1
BRH:0
end_of_record
TN:
SF:/home/kris/Sites/contracts/pure-escapes/pure-escapes-fe/src/selectors/users.js
FN:21,(anonymous_0)
FN:24,(anonymous_1)
FNF:2
FNH:0
FNDA:0,(anonymous_0)
FNDA:0,(anonymous_1)
DA:19,0
DA:21,0
DA:22,0
DA:24,0
DA:25,0
LF:5
LH:0
BRDA:21,0,0,0
BRF:1
BRH:0
end_of_record
TN:
SF:/home/kris/Sites/contracts/pure-escapes/pure-escapes-fe/src/selectors/utils/index.js
FN:17,(anonymous_0)
FN:21,(anonymous_1)
FN:31,(anonymous_2)
FN:31,(anonymous_3)
FN:37,(anonymous_4)
FN:41,(anonymous_5)
FNF:6
FNH:6
FNDA:6,(anonymous_0)
FNDA:8,(anonymous_1)
FNDA:2,(anonymous_2)
FNDA:2,(anonymous_3)
FNDA:3,(anonymous_4)
FNDA:1,(anonymous_5)
DA:17,1
DA:21,8
DA:23,6
DA:24,6
DA:25,1
DA:29,5
DA:30,5
DA:31,2
DA:34,5
DA:37,1
DA:41,1
DA:43,3
DA:44,3
DA:45,1
DA:48,2
DA:49,2
LF:16
LH:16
BRDA:21,0,0,5
BRDA:24,1,0,1
BRDA:24,1,1,5
BRDA:30,2,0,2
BRDA:30,2,1,3
BRDA:41,3,0,2
BRDA:44,4,0,1
BRDA:44,4,1,2
BRDA:49,5,0,1
BRDA:49,5,1,1
BRF:10
BRH:10
end_of_record
TN:
SF:/home/kris/Sites/contracts/pure-escapes/pure-escapes-fe/src/server/app.js
FN:32,(anonymous_0)
FNF:1
FNH:0
FNDA:0,(anonymous_0)
DA:18,0
DA:19,0
DA:21,0
DA:23,0
DA:26,0
DA:29,0
DA:32,0
DA:33,0
DA:36,0
LF:9
LH:0
BRF:0
BRH:0
end_of_record
TN:
SF:/home/kris/Sites/contracts/pure-escapes/pure-escapes-fe/src/server/index.js
FN:26,(anonymous_0)
FNF:1
FNH:0
FNDA:0,(anonymous_0)
DA:18,0
DA:21,0
DA:24,0
DA:26,0
DA:28,0
LF:5
LH:0
BRDA:24,0,0,0
BRDA:24,0,1,0
BRF:2
BRH:0
end_of_record
TN:
SF:/home/kris/Sites/contracts/pure-escapes/pure-escapes-fe/src/server/proxy.js
FN:21,(anonymous_0)
FN:24,(anonymous_1)
FNF:2
FNH:0
FNDA:0,(anonymous_0)
FNDA:0,(anonymous_1)
DA:17,0
DA:18,0
DA:21,0
DA:22,0
DA:24,0
DA:25,0
DA:26,0
DA:27,0
DA:31,0
DA:34,0
DA:36,0
LF:11
LH:0
BRDA:22,0,0,0
BRDA:22,0,1,0
BRDA:26,1,0,0
BRDA:26,1,1,0
BRF:4
BRH:0
end_of_record
TN:
SF:/home/kris/Sites/contracts/pure-escapes/pure-escapes-fe/src/store/index.js
FNF:0
FNH:0
DA:28,0
DA:35,0
DA:36,0
DA:41,0
DA:43,0
LF:5
LH:0
BRDA:35,0,0,0
BRDA:35,0,1,0
BRDA:36,1,0,0
BRDA:36,1,1,0
BRF:4
BRH:0
end_of_record
TN:
SF:/home/kris/Sites/contracts/pure-escapes/pure-escapes-fe/src/stories/index.js
FNF:0
FNH:0
LF:0
LH:0
BRF:0
BRH:0
end_of_record
TN:
SF:/home/kris/Sites/contracts/pure-escapes/pure-escapes-fe/src/stories/upload.story.js
FN:7,(anonymous_0)
FN:10,(anonymous_1)
FNF:2
FNH:0
FNDA:0,(anonymous_0)
FNDA:0,(anonymous_1)
DA:6,0
DA:8,0
DA:11,0
LF:3
LH:0
BRF:0
BRH:0
end_of_record
TN:
SF:/home/kris/Sites/contracts/pure-escapes/pure-escapes-fe/src/styles/colors.js
FNF:0
FNH:0
LF:0
LH:0
BRF:0
BRH:0
end_of_record
TN:
SF:/home/kris/Sites/contracts/pure-escapes/pure-escapes-fe/src/styles/index.js
FNF:0
FNH:0
LF:0
LH:0
BRF:0
BRH:0
end_of_record
TN:
SF:/home/kris/Sites/contracts/pure-escapes/pure-escapes-fe/src/styles/typography.js
FN:8,(anonymous_0)
FN:16,(anonymous_1)
FN:24,(anonymous_2)
FN:32,(anonymous_3)
FN:40,(anonymous_4)
FN:48,(anonymous_5)
FN:56,(anonymous_6)
FN:64,(anonymous_7)
FNF:8
FNH:0
FNDA:0,(anonymous_0)
FNDA:0,(anonymous_1)
FNDA:0,(anonymous_2)
FNDA:0,(anonymous_3)
FNDA:0,(anonymous_4)
FNDA:0,(anonymous_5)
FNDA:0,(anonymous_6)
FNDA:0,(anonymous_7)
DA:8,0
DA:16,0
DA:24,0
DA:32,0
DA:40,0
DA:48,0
DA:56,0
DA:64,0
LF:8
LH:0
BRF:0
BRH:0
end_of_record
